
N: 18, 
r: 361, 
alpha: 0.01, 
shots: None, 
graph_type: complete,  
tau: 0.3, 
if_adsorting: False

N: 18, 
r: 359, 
alpha: 0.01, 
shots: None, 
graph_type: complete,  
tau: 0.3, 
if_adsorting: False

N: 18, 
r: 360, 
alpha: 0.01, 
shots: None, 
graph_type: complete,  
tau: 0.3, 
if_adsorting: False

N: 18, 
r: 362, 
alpha: 0.01, 
shots: None, 
graph_type: complete,  
tau: 0.3, 
if_adsorting: False

N: 18, 
r: 363, 
alpha: 0.01, 
shots: None, 
graph_type: complete,  
tau: 0.3, 
if_adsorting: False

N: 18, 
r: 364, 
alpha: 0.01, 
shots: None, 
graph_type: complete,  
tau: 0.3, 
if_adsorting: False

N: 18, 
r: 365, 
alpha: 0.01, 
shots: None, 
graph_type: complete,  
tau: 0.3, 
if_adsorting: False

N: 18, 
r: 375, 
alpha: 0.01, 
shots: None, 
graph_type: complete,  
tau: 0.3, 
if_adsorting: False

N: 18, 
r: 315, 
alpha: 0.01, 
shots: None, 
graph_type: complete,  
tau: 0.3, 
if_adsorting: False

N: 18, 
r: 367, 
alpha: 0.01, 
shots: None, 
graph_type: complete,  
tau: 0.3, 
if_adsorting: False

N: 18, 
r: 377, 
alpha: 0.01, 
shots: None, 
graph_type: complete,  
tau: 0.3, 
if_adsorting: False

N: 18, 
r: 368, 
alpha: 0.01, 
shots: None, 
graph_type: complete,  
tau: 0.3, 
if_adsorting: False

N: 18, 
r: 390, 
alpha: 0.01, 
shots: None, 
graph_type: complete,  
tau: 0.3, 
if_adsorting: False

N: 18, 
r: 341, 
alpha: 0.01, 
shots: None, 
graph_type: complete,  
tau: 0.3, 
if_adsorting: False

N: 18, 
r: 372, 
alpha: 0.01, 
shots: None, 
graph_type: complete,  
tau: 0.3, 
if_adsorting: False

N: 18, 
r: 376, 
alpha: 0.01, 
shots: None, 
graph_type: complete,  
tau: 0.3, 
if_adsorting: False

N: 18, 
r: 374, 
alpha: 0.01, 
shots: None, 
graph_type: complete,  
tau: 0.3, 
if_adsorting: False

N: 18, 
r: 383, 
alpha: 0.01, 
shots: None, 
graph_type: complete,  
tau: 0.3, 
if_adsorting: False

N: 18, 
r: 384, 
alpha: 0.01, 
shots: None, 
graph_type: complete,  
tau: 0.3, 
if_adsorting: False

N: 18, 
r: 385, 
alpha: 0.01, 
shots: None, 
graph_type: complete,  
tau: 0.3, 
if_adsorting: False

N: 18, 
r: 392, 
alpha: 0.01, 
shots: None, 
graph_type: complete,  
tau: 0.3, 
if_adsorting: False

N: 18, 
r: 391, 
alpha: 0.01, 
shots: None, 
graph_type: complete,  
tau: 0.3, 
if_adsorting: False

N: 18, 
r: 378, 
alpha: 0.01, 
shots: None, 
graph_type: complete,  
tau: 0.3, 
if_adsorting: False

N: 18, 
r: 379, 
alpha: 0.01, 
shots: None, 
graph_type: complete,  
tau: 0.3, 
if_adsorting: False

N: 18, 
r: 393, 
alpha: 0.01, 
shots: None, 
graph_type: complete,  
tau: 0.3, 
if_adsorting: False

N: 18, 
r: 394, 
alpha: 0.01, 
shots: None, 
graph_type: complete,  
tau: 0.3, 
if_adsorting: False

N: 18, 
r: 395, 
alpha: 0.01, 
shots: None, 
graph_type: complete,  
tau: 0.3, 
if_adsorting: False

N: 18, 
r: 396, 
alpha: 0.01, 
shots: None, 
graph_type: complete,  
tau: 0.3, 
if_adsorting: False

N: 18, 
r: 398, 
alpha: 0.01, 
shots: None, 
graph_type: complete,  
tau: 0.3, 
if_adsorting: False

N: 18, 
r: 343, 
alpha: 0.01, 
shots: None, 
graph_type: complete,  
tau: 0.3, 
if_adsorting: False

N: 18, 
r: 366, 
alpha: 0.01, 
shots: None, 
graph_type: complete,  
tau: 0.3, 
if_adsorting: False

N: 18, 
r: 370, 
alpha: 0.01, 
shots: None, 
graph_type: complete,  
tau: 0.3, 
if_adsorting: False

N: 18, 
r: 399, 
alpha: 0.01, 
shots: None, 
graph_type: complete,  
tau: 0.3, 
if_adsorting: False

N: 18, 
r: 352, 
alpha: 0.01, 
shots: None, 
graph_type: complete,  
tau: 0.3, 
if_adsorting: False

N: 18, 
r: 397, 
alpha: 0.01, 
shots: None, 
graph_type: complete,  
tau: 0.3, 
if_adsorting: False

N: 18, 
r: 299, 
alpha: 0.01, 
shots: None, 
graph_type: complete,  
tau: 0.3, 
if_adsorting: False

N: 18, 
r: 389, 
alpha: 0.01, 
shots: None, 
graph_type: complete,  
tau: 0.3, 
if_adsorting: False

N: 18, 
r: 388, 
alpha: 0.01, 
shots: None, 
graph_type: complete,  
tau: 0.3, 
if_adsorting: False

N: 18, 
r: 380, 
alpha: 0.01, 
shots: None, 
graph_type: complete,  
tau: 0.3, 
if_adsorting: False

N: 18, 
r: 386, 
alpha: 0.01, 
shots: None, 
graph_type: complete,  
tau: 0.3, 
if_adsorting: False

N: 18, 
r: 387, 
alpha: 0.01, 
shots: None, 
graph_type: complete,  
tau: 0.3, 
if_adsorting: False

N: 18, 
r: 381, 
alpha: 0.01, 
shots: None, 
graph_type: complete,  
tau: 0.3, 
if_adsorting: False

N: 18, 
r: 369, 
alpha: 0.01, 
shots: None, 
graph_type: complete,  
tau: 0.3, 
if_adsorting: False

N: 18, 
r: 373, 
alpha: 0.01, 
shots: None, 
graph_type: complete,  
tau: 0.3, 
if_adsorting: False

N: 18, 
r: 382, 
alpha: 0.01, 
shots: None, 
graph_type: complete,  
tau: 0.3, 
if_adsorting: False

N: 18, 
r: 371, 
alpha: 0.01, 
shots: None, 
graph_type: complete,  
tau: 0.3, 
if_adsorting: False
