0 0 1

N: 6, 
r: 99, 
alpha: 0.01, 
shots: None, 
ansatz: structure_like_qubo_YZ_2, 
layer: 1, 
tau: 1.0, 
initialization: warm_start_measure, 
sorting: False, 
absolute: False, 
invert: True

edge columns [[(0, 1), (2, 3), (4, 5)], [(0, 3), (2, 5)], [(1, 3), (0, 5), (2, 4)], [(1, 5), (0, 4)], [(3, 5), (1, 4), (0, 2)], [(3, 4), (1, 2)]]


#############################################################################
Order of gates is random

~~~~~~~~~~~~~~~~~~~~~~~~~~~~~~~~~~~~~~ ITE

warm start fidelity (-6.881499999999999, 0.19816275101058997)
ite overlap 0.2631962639463616
num params 36
Write sucessfully to ./data_sorting/ansatz_type_structure_like_qubo_YZ_2/shots_None/num_variables_006/params_36_layer_1/alpha_0.01/initial_warm_start_measure/r_99/
0 1 0

N: 6, 
r: 98, 
alpha: 0.01, 
shots: None, 
ansatz: structure_like_qubo_YZ_2, 
layer: 1, 
tau: 1.0, 
initialization: warm_start_measure, 
sorting: False, 
absolute: True, 
invert: False

edge columns [[(0, 1), (2, 3), (4, 5)], [(0, 3), (2, 5)], [(1, 3), (0, 5), (2, 4)], [(1, 5), (0, 4)], [(3, 5), (1, 4), (0, 2)], [(3, 4), (1, 2)]]


#############################################################################
Order of gates is random

~~~~~~~~~~~~~~~~~~~~~~~~~~~~~~~~~~~~~~ ITE

warm start fidelity (-7.428800000000001, 0.1498558012565417)
ite overlap 0.23709109574440124
num params 36
Write sucessfully to ./data_sorting/ansatz_type_structure_like_qubo_YZ_2/shots_None/num_variables_006/params_36_layer_1/alpha_0.01/initial_warm_start_measure/r_98/
1 1 1

N: 6, 
r: 99, 
alpha: 0.01, 
shots: None, 
ansatz: structure_like_qubo_YZ_2, 
layer: 1, 
tau: 1.0, 
initialization: warm_start_measure, 
sorting: True, 
absolute: True, 
invert: True

edge columns [[(0, 1), (2, 3), (4, 5)], [(0, 3), (2, 5)], [(1, 3), (0, 5), (2, 4)], [(1, 5), (0, 4)], [(3, 5), (1, 4), (0, 2)], [(3, 4), (1, 2)]]


#############################################################################
Coefficients are sorted according to absolut True and invert True

edge columns [[(3, 5)], [(0, 3)], [(1, 3), (0, 5)], [(2, 5)], [(0, 2)], [(1, 2), (4, 5)], [(1, 4)], [(1, 5), (0, 4), (2, 3)], [(2, 4)], [(3, 4), (0, 1)]]

~~~~~~~~~~~~~~~~~~~~~~~~~~~~~~~~~~~~~~ ITE

warm start fidelity (-6.881499999999999, 0.07442461044297378)
ite overlap 0.1448338961114134
num params 36
Write sucessfully to ./data_sorting/ansatz_type_structure_like_qubo_YZ_2/shots_None/num_variables_006/params_36_layer_1/alpha_0.01/initial_warm_start_measure/r_99/
1 0 0

N: 6, 
r: 99, 
alpha: 0.01, 
shots: None, 
ansatz: structure_like_qubo_YZ_2, 
layer: 1, 
tau: 1.0, 
initialization: warm_start_measure, 
sorting: True, 
absolute: False, 
invert: False

edge columns [[(0, 1), (2, 3), (4, 5)], [(0, 3), (2, 5)], [(1, 3), (0, 5), (2, 4)], [(1, 5), (0, 4)], [(3, 5), (1, 4), (0, 2)], [(3, 4), (1, 2)]]


#############################################################################
Coefficients are sorted according to absolut False and invert False

edge columns [[(0, 3)], [(1, 3), (2, 5)], [(0, 2)], [(1, 2), (4, 5)], [(2, 3)], [(2, 4), (0, 1)], [(3, 4)], [(0, 4), (1, 5)], [(1, 4), (0, 5)], [(3, 5)]]

~~~~~~~~~~~~~~~~~~~~~~~~~~~~~~~~~~~~~~ ITE

warm start fidelity (-6.881499999999999, 0.2663123612927295)
ite overlap 0.3507739148654994
num params 36
Write sucessfully to ./data_sorting/ansatz_type_structure_like_qubo_YZ_2/shots_None/num_variables_006/params_36_layer_1/alpha_0.01/initial_warm_start_measure/r_99/
0 0 1

N: 6, 
r: 98, 
alpha: 0.01, 
shots: None, 
ansatz: structure_like_qubo_YZ_2, 
layer: 1, 
tau: 1.0, 
initialization: warm_start_measure, 
sorting: False, 
absolute: False, 
invert: True

edge columns [[(0, 1), (2, 3), (4, 5)], [(0, 3), (2, 5)], [(1, 3), (0, 5), (2, 4)], [(1, 5), (0, 4)], [(3, 5), (1, 4), (0, 2)], [(3, 4), (1, 2)]]


#############################################################################
Order of gates is random

~~~~~~~~~~~~~~~~~~~~~~~~~~~~~~~~~~~~~~ ITE

warm start fidelity (-7.428800000000001, 0.1498558012565417)
ite overlap 0.23709109574440124
num params 36
Write sucessfully to ./data_sorting/ansatz_type_structure_like_qubo_YZ_2/shots_None/num_variables_006/params_36_layer_1/alpha_0.01/initial_warm_start_measure/r_98/
1 1 0

N: 6, 
r: 99, 
alpha: 0.01, 
shots: None, 
ansatz: structure_like_qubo_YZ_2, 
layer: 1, 
tau: 1.0, 
initialization: warm_start_measure, 
sorting: True, 
absolute: True, 
invert: False

edge columns [[(0, 1), (2, 3), (4, 5)], [(0, 3), (2, 5)], [(1, 3), (0, 5), (2, 4)], [(1, 5), (0, 4)], [(3, 5), (1, 4), (0, 2)], [(3, 4), (1, 2)]]


#############################################################################
Coefficients are sorted according to absolut True and invert False

edge columns [[(0, 1), (3, 4)], [(2, 4)], [(2, 3), (0, 4), (1, 5)], [(1, 4)], [(4, 5), (1, 2)], [(0, 2)], [(2, 5)], [(0, 5), (1, 3)], [(0, 3)], [(3, 5)]]

~~~~~~~~~~~~~~~~~~~~~~~~~~~~~~~~~~~~~~ ITE

warm start fidelity (-6.881499999999999, 0.5287776022488144)
ite overlap 0.603311782768792
num params 36
Write sucessfully to ./data_sorting/ansatz_type_structure_like_qubo_YZ_2/shots_None/num_variables_006/params_36_layer_1/alpha_0.01/initial_warm_start_measure/r_99/
0 0 0

N: 6, 
r: 99, 
alpha: 0.01, 
shots: None, 
ansatz: structure_like_qubo_YZ_2, 
layer: 1, 
tau: 1.0, 
initialization: warm_start_measure, 
sorting: False, 
absolute: False, 
invert: False

edge columns [[(0, 1), (2, 3), (4, 5)], [(0, 3), (2, 5)], [(1, 3), (0, 5), (2, 4)], [(1, 5), (0, 4)], [(3, 5), (1, 4), (0, 2)], [(3, 4), (1, 2)]]


#############################################################################
Order of gates is random

~~~~~~~~~~~~~~~~~~~~~~~~~~~~~~~~~~~~~~ ITE

warm start fidelity (-6.881499999999999, 0.19816275101058997)
ite overlap 0.2631962639463616
num params 36
Write sucessfully to ./data_sorting/ansatz_type_structure_like_qubo_YZ_2/shots_None/num_variables_006/params_36_layer_1/alpha_0.01/initial_warm_start_measure/r_99/
1 0 1

N: 6, 
r: 98, 
alpha: 0.01, 
shots: None, 
ansatz: structure_like_qubo_YZ_2, 
layer: 1, 
tau: 1.0, 
initialization: warm_start_measure, 
sorting: True, 
absolute: False, 
invert: True

edge columns [[(0, 1), (2, 3), (4, 5)], [(0, 3), (2, 5)], [(1, 3), (0, 5), (2, 4)], [(1, 5), (0, 4)], [(3, 5), (1, 4), (0, 2)], [(3, 4), (1, 2)]]


#############################################################################
Coefficients are sorted according to absolut False and invert True

edge columns [[(0, 5), (1, 2)], [(2, 5), (1, 3)], [(4, 5)], [(1, 4)], [(0, 4), (3, 5)], [(2, 3), (0, 1)], [(0, 2), (1, 5)], [(0, 3), (2, 4)], [(3, 4)]]

~~~~~~~~~~~~~~~~~~~~~~~~~~~~~~~~~~~~~~ ITE

warm start fidelity (-7.428800000000001, 0.8118123400800688)
ite overlap 0.8521603624810787
num params 36
Write sucessfully to ./data_sorting/ansatz_type_structure_like_qubo_YZ_2/shots_None/num_variables_006/params_36_layer_1/alpha_0.01/initial_warm_start_measure/r_98/
1 1 0

N: 6, 
r: 98, 
alpha: 0.01, 
shots: None, 
ansatz: structure_like_qubo_YZ_2, 
layer: 1, 
tau: 1.0, 
initialization: warm_start_measure, 
sorting: True, 
absolute: True, 
invert: False

edge columns [[(0, 1), (2, 3), (4, 5)], [(0, 3), (2, 5)], [(1, 3), (0, 5), (2, 4)], [(1, 5), (0, 4)], [(3, 5), (1, 4), (0, 2)], [(3, 4), (1, 2)]]


#############################################################################
Coefficients are sorted according to absolut True and invert False

edge columns [[(1, 4)], [(0, 4)], [(4, 5)], [(3, 5)], [(2, 3), (0, 1)], [(0, 2), (1, 5)], [(0, 3)], [(1, 3), (2, 4)], [(2, 5)], [(1, 2), (3, 4), (0, 5)]]

~~~~~~~~~~~~~~~~~~~~~~~~~~~~~~~~~~~~~~ ITE

warm start fidelity (-7.428800000000001, 0.3700460841483816)
ite overlap 0.47405359736596897
num params 36
Write sucessfully to ./data_sorting/ansatz_type_structure_like_qubo_YZ_2/shots_None/num_variables_006/params_36_layer_1/alpha_0.01/initial_warm_start_measure/r_98/
0 0 0

N: 6, 
r: 98, 
alpha: 0.01, 
shots: None, 
ansatz: structure_like_qubo_YZ_2, 
layer: 1, 
tau: 1.0, 
initialization: warm_start_measure, 
sorting: False, 
absolute: False, 
invert: False

edge columns [[(0, 1), (2, 3), (4, 5)], [(0, 3), (2, 5)], [(1, 3), (0, 5), (2, 4)], [(1, 5), (0, 4)], [(3, 5), (1, 4), (0, 2)], [(3, 4), (1, 2)]]


#############################################################################
Order of gates is random

~~~~~~~~~~~~~~~~~~~~~~~~~~~~~~~~~~~~~~ ITE

warm start fidelity (-7.428800000000001, 0.1498558012565417)
ite overlap 0.23709109574440124
num params 36
Write sucessfully to ./data_sorting/ansatz_type_structure_like_qubo_YZ_2/shots_None/num_variables_006/params_36_layer_1/alpha_0.01/initial_warm_start_measure/r_98/
0 1 0

N: 6, 
r: 99, 
alpha: 0.01, 
shots: None, 
ansatz: structure_like_qubo_YZ_2, 
layer: 1, 
tau: 1.0, 
initialization: warm_start_measure, 
sorting: False, 
absolute: True, 
invert: False

edge columns [[(0, 1), (2, 3), (4, 5)], [(0, 3), (2, 5)], [(1, 3), (0, 5), (2, 4)], [(1, 5), (0, 4)], [(3, 5), (1, 4), (0, 2)], [(3, 4), (1, 2)]]


#############################################################################
Order of gates is random

~~~~~~~~~~~~~~~~~~~~~~~~~~~~~~~~~~~~~~ ITE

warm start fidelity (-6.881499999999999, 0.19816275101058997)
ite overlap 0.2631962639463616
num params 36
Write sucessfully to ./data_sorting/ansatz_type_structure_like_qubo_YZ_2/shots_None/num_variables_006/params_36_layer_1/alpha_0.01/initial_warm_start_measure/r_99/
1 0 1

N: 6, 
r: 99, 
alpha: 0.01, 
shots: None, 
ansatz: structure_like_qubo_YZ_2, 
layer: 1, 
tau: 1.0, 
initialization: warm_start_measure, 
sorting: True, 
absolute: False, 
invert: True

edge columns [[(0, 1), (2, 3), (4, 5)], [(0, 3), (2, 5)], [(1, 3), (0, 5), (2, 4)], [(1, 5), (0, 4)], [(3, 5), (1, 4), (0, 2)], [(3, 4), (1, 2)]]


#############################################################################
Coefficients are sorted according to absolut False and invert True

edge columns [[(3, 5)], [(0, 5), (1, 4)], [(1, 5), (0, 4)], [(3, 4), (0, 1)], [(2, 4)], [(2, 3), (4, 5)], [(1, 2)], [(0, 2)], [(2, 5), (1, 3)], [(0, 3)]]

~~~~~~~~~~~~~~~~~~~~~~~~~~~~~~~~~~~~~~ ITE

warm start fidelity (-6.881499999999999, 0.06594451486272472)
ite overlap 0.10597222054241766
num params 36
Write sucessfully to ./data_sorting/ansatz_type_structure_like_qubo_YZ_2/shots_None/num_variables_006/params_36_layer_1/alpha_0.01/initial_warm_start_measure/r_99/
0 1 1

N: 6, 
r: 99, 
alpha: 0.01, 
shots: None, 
ansatz: structure_like_qubo_YZ_2, 
layer: 1, 
tau: 1.0, 
initialization: warm_start_measure, 
sorting: False, 
absolute: True, 
invert: True

edge columns [[(0, 1), (2, 3), (4, 5)], [(0, 3), (2, 5)], [(1, 3), (0, 5), (2, 4)], [(1, 5), (0, 4)], [(3, 5), (1, 4), (0, 2)], [(3, 4), (1, 2)]]


#############################################################################
Order of gates is random

~~~~~~~~~~~~~~~~~~~~~~~~~~~~~~~~~~~~~~ ITE

warm start fidelity (-6.881499999999999, 0.19816275101058997)
ite overlap 0.2631962639463616
num params 36
Write sucessfully to ./data_sorting/ansatz_type_structure_like_qubo_YZ_2/shots_None/num_variables_006/params_36_layer_1/alpha_0.01/initial_warm_start_measure/r_99/
0 1 1

N: 6, 
r: 98, 
alpha: 0.01, 
shots: None, 
ansatz: structure_like_qubo_YZ_2, 
layer: 1, 
tau: 1.0, 
initialization: warm_start_measure, 
sorting: False, 
absolute: True, 
invert: True

edge columns [[(0, 1), (2, 3), (4, 5)], [(0, 3), (2, 5)], [(1, 3), (0, 5), (2, 4)], [(1, 5), (0, 4)], [(3, 5), (1, 4), (0, 2)], [(3, 4), (1, 2)]]


#############################################################################
Order of gates is random

~~~~~~~~~~~~~~~~~~~~~~~~~~~~~~~~~~~~~~ ITE

warm start fidelity (-7.428800000000001, 0.1498558012565417)
ite overlap 0.23709109574440124
num params 36
Write sucessfully to ./data_sorting/ansatz_type_structure_like_qubo_YZ_2/shots_None/num_variables_006/params_36_layer_1/alpha_0.01/initial_warm_start_measure/r_98/
1 0 0

N: 6, 
r: 98, 
alpha: 0.01, 
shots: None, 
ansatz: structure_like_qubo_YZ_2, 
layer: 1, 
tau: 1.0, 
initialization: warm_start_measure, 
sorting: True, 
absolute: False, 
invert: False

edge columns [[(0, 1), (2, 3), (4, 5)], [(0, 3), (2, 5)], [(1, 3), (0, 5), (2, 4)], [(1, 5), (0, 4)], [(3, 5), (1, 4), (0, 2)], [(3, 4), (1, 2)]]


#############################################################################
Coefficients are sorted according to absolut False and invert False

edge columns [[(3, 4)], [(2, 4), (0, 3), (1, 5)], [(0, 2)], [(0, 1), (2, 3)], [(3, 5), (0, 4)], [(1, 4)], [(4, 5), (1, 3)], [(2, 5)], [(1, 2), (0, 5)]]

~~~~~~~~~~~~~~~~~~~~~~~~~~~~~~~~~~~~~~ ITE

warm start fidelity (-7.428800000000001, 0.0029859141484786674)
ite overlap 0.02842712131473877
num params 36
Write sucessfully to ./data_sorting/ansatz_type_structure_like_qubo_YZ_2/shots_None/num_variables_006/params_36_layer_1/alpha_0.01/initial_warm_start_measure/r_98/
