1 0 1

N: 12, 
r: 94, 
alpha: 0.01, 
shots: None, 
ansatz: structure_like_qubo_YZ_2, 
layer: 1, 
tau: 0.3, 
initialization: warm_start_measure, 
sorting: True, 
absolute: False, 
invert: True

edge columns [[(0, 1), (2, 3), (4, 5), (6, 7), (8, 9), (10, 11)], [(0, 3), (2, 5), (4, 7), (6, 9), (8, 11)], [(1, 3), (0, 5), (2, 7), (4, 9), (6, 11), (8, 10)], [(1, 5), (0, 7), (2, 9), (4, 11), (6, 10)], [(3, 5), (1, 7), (0, 9), (2, 11), (4, 10), (6, 8)], [(3, 7), (1, 9), (0, 11), (2, 10), (4, 8)], [(5, 7), (3, 9), (1, 11), (0, 10), (2, 8), (4, 6)], [(5, 9), (3, 11), (1, 10), (0, 8), (2, 6)], [(7, 9), (5, 11), (3, 10), (1, 8), (0, 6), (2, 4)], [(7, 11), (5, 10), (3, 8), (1, 6), (0, 4)], [(9, 11), (7, 10), (5, 8), (3, 6), (1, 4), (0, 2)], [(9, 10), (7, 8), (5, 6), (3, 4), (1, 2)]]


#############################################################################
Coefficients are sorted according to absolut False and invert True

edge columns [[(5, 8), (1, 4)], [(8, 11), (1, 5), (2, 7), (0, 3)], [(4, 5), (7, 11)], [(6, 7), (1, 2)], [(7, 10)], [(5, 10), (2, 3), (1, 6)], [(1, 11), (0, 8), (4, 6)], [(4, 8), (0, 11)], [(0, 5), (1, 10)], [(0, 2), (4, 11), (3, 10), (1, 9)], [(1, 8), (9, 11), (3, 7), (2, 5)], [(0, 1), (3, 6)], [(3, 8), (1, 7), (6, 9)], [(0, 9), (4, 10), (2, 11)], [(0, 4), (5, 9)], [(2, 4), (0, 7), (3, 9)], [(1, 3), (7, 8), (6, 10)], [(7, 9), (6, 11)], [(10, 11)], [(5, 11), (3, 4)], [(4, 9)], [(8, 9), (3, 5)], [(2, 8)], [(2, 10), (5, 7)], [(8, 10), (4, 7), (0, 6)], [(9, 10), (5, 6)], [(6, 8), (3, 11)], [(2, 6), (0, 10)], [(2, 9)]]

~~~~~~~~~~~~~~~~~~~~~~~~~~~~~~~~~~~~~~ ITE

warm start fidelity (-16.045799999999993, 0.015487429425145836)
num params 144
Write sucessfully to ./data_sorting/ansatz_type_structure_like_qubo_YZ_2/shots_None/num_variables_012/params_144_layer_1/alpha_0.01/initial_warm_start_measure/r_94/
1 0 0

N: 12, 
r: 95, 
alpha: 0.01, 
shots: None, 
ansatz: structure_like_qubo_YZ_2, 
layer: 1, 
tau: 0.3, 
initialization: warm_start_measure, 
sorting: True, 
absolute: False, 
invert: False

edge columns [[(0, 1), (2, 3), (4, 5), (6, 7), (8, 9), (10, 11)], [(0, 3), (2, 5), (4, 7), (6, 9), (8, 11)], [(1, 3), (0, 5), (2, 7), (4, 9), (6, 11), (8, 10)], [(1, 5), (0, 7), (2, 9), (4, 11), (6, 10)], [(3, 5), (1, 7), (0, 9), (2, 11), (4, 10), (6, 8)], [(3, 7), (1, 9), (0, 11), (2, 10), (4, 8)], [(5, 7), (3, 9), (1, 11), (0, 10), (2, 8), (4, 6)], [(5, 9), (3, 11), (1, 10), (0, 8), (2, 6)], [(7, 9), (5, 11), (3, 10), (1, 8), (0, 6), (2, 4)], [(7, 11), (5, 10), (3, 8), (1, 6), (0, 4)], [(9, 11), (7, 10), (5, 8), (3, 6), (1, 4), (0, 2)], [(9, 10), (7, 8), (5, 6), (3, 4), (1, 2)]]


#############################################################################
Coefficients are sorted according to absolut False and invert False

edge columns [[(5, 10), (0, 8)], [(2, 8), (0, 11), (4, 5)], [(0, 7)], [(5, 7), (6, 11)], [(2, 6), (5, 11), (4, 8)], [(3, 4), (1, 10)], [(4, 6), (2, 11)], [(1, 11), (6, 8), (0, 5)], [(0, 9), (2, 4), (3, 7)], [(0, 4), (8, 11), (1, 3)], [(8, 10)], [(4, 10), (6, 9)], [(1, 6), (3, 5), (4, 7)], [(3, 8), (7, 11), (9, 10)], [(7, 8)], [(2, 7)], [(0, 2), (10, 11), (7, 9)], [(8, 9), (6, 7), (4, 11), (0, 1), (2, 5)], [(5, 6), (1, 8), (2, 10), (0, 3)], [(3, 9)], [(5, 9), (0, 6)], [(1, 9)], [(1, 5), (3, 11)], [(5, 8), (2, 3)], [(3, 10), (1, 2)], [(1, 4)], [(4, 9), (1, 7)], [(7, 10), (2, 9), (3, 6)], [(6, 10), (9, 11)], [(0, 10)]]

~~~~~~~~~~~~~~~~~~~~~~~~~~~~~~~~~~~~~~ ITE

warm start fidelity (-18.790699999999998, 0.036364656034547305)
num params 144
Write sucessfully to ./data_sorting/ansatz_type_structure_like_qubo_YZ_2/shots_None/num_variables_012/params_144_layer_1/alpha_0.01/initial_warm_start_measure/r_95/
1 1 0

N: 12, 
r: 93, 
alpha: 0.01, 
shots: None, 
ansatz: structure_like_qubo_YZ_2, 
layer: 1, 
tau: 0.3, 
initialization: warm_start_measure, 
sorting: True, 
absolute: True, 
invert: False

edge columns [[(0, 1), (2, 3), (4, 5), (6, 7), (8, 9), (10, 11)], [(0, 3), (2, 5), (4, 7), (6, 9), (8, 11)], [(1, 3), (0, 5), (2, 7), (4, 9), (6, 11), (8, 10)], [(1, 5), (0, 7), (2, 9), (4, 11), (6, 10)], [(3, 5), (1, 7), (0, 9), (2, 11), (4, 10), (6, 8)], [(3, 7), (1, 9), (0, 11), (2, 10), (4, 8)], [(5, 7), (3, 9), (1, 11), (0, 10), (2, 8), (4, 6)], [(5, 9), (3, 11), (1, 10), (0, 8), (2, 6)], [(7, 9), (5, 11), (3, 10), (1, 8), (0, 6), (2, 4)], [(7, 11), (5, 10), (3, 8), (1, 6), (0, 4)], [(9, 11), (7, 10), (5, 8), (3, 6), (1, 4), (0, 2)], [(9, 10), (7, 8), (5, 6), (3, 4), (1, 2)]]


#############################################################################
Coefficients are sorted according to absolut True and invert False

edge columns [[(5, 7)], [(5, 11)], [(0, 5), (9, 10), (3, 8), (2, 7)], [(6, 8)], [(3, 6), (9, 11), (4, 7), (0, 10)], [(6, 10), (5, 9), (1, 2)], [(2, 3), (0, 7)], [(1, 7), (2, 8)], [(7, 8), (10, 11), (3, 4)], [(8, 9), (0, 1), (5, 6), (3, 7)], [(1, 5)], [(1, 3)], [(3, 5), (2, 9), (0, 8), (6, 7)], [(2, 6), (1, 11), (5, 10)], [(6, 9)], [(0, 9), (6, 11), (7, 10), (1, 4)], [(4, 5), (2, 10)], [(1, 10), (0, 3)], [(3, 10), (1, 6), (2, 4)], [(4, 8)], [(4, 9), (7, 11), (5, 8)], [(0, 11), (8, 10), (7, 9)], [(1, 9), (4, 6), (3, 11), (2, 5)], [(0, 4), (2, 11), (3, 9)], [(4, 10), (0, 6), (8, 11)], [(4, 11), (1, 8), (0, 2)]]

~~~~~~~~~~~~~~~~~~~~~~~~~~~~~~~~~~~~~~ ITE

warm start fidelity (-18.389699999999998, 0.026790940410951047)
num params 144
Write sucessfully to ./data_sorting/ansatz_type_structure_like_qubo_YZ_2/shots_None/num_variables_012/params_144_layer_1/alpha_0.01/initial_warm_start_measure/r_93/
1 0 0

N: 12, 
r: 92, 
alpha: 0.01, 
shots: None, 
ansatz: structure_like_qubo_YZ_2, 
layer: 1, 
tau: 0.3, 
initialization: warm_start_measure, 
sorting: True, 
absolute: False, 
invert: False

edge columns [[(0, 1), (2, 3), (4, 5), (6, 7), (8, 9), (10, 11)], [(0, 3), (2, 5), (4, 7), (6, 9), (8, 11)], [(1, 3), (0, 5), (2, 7), (4, 9), (6, 11), (8, 10)], [(1, 5), (0, 7), (2, 9), (4, 11), (6, 10)], [(3, 5), (1, 7), (0, 9), (2, 11), (4, 10), (6, 8)], [(3, 7), (1, 9), (0, 11), (2, 10), (4, 8)], [(5, 7), (3, 9), (1, 11), (0, 10), (2, 8), (4, 6)], [(5, 9), (3, 11), (1, 10), (0, 8), (2, 6)], [(7, 9), (5, 11), (3, 10), (1, 8), (0, 6), (2, 4)], [(7, 11), (5, 10), (3, 8), (1, 6), (0, 4)], [(9, 11), (7, 10), (5, 8), (3, 6), (1, 4), (0, 2)], [(9, 10), (7, 8), (5, 6), (3, 4), (1, 2)]]


#############################################################################
Coefficients are sorted according to absolut False and invert False

edge columns [[(1, 3)], [(3, 9)], [(3, 7), (2, 6)], [(1, 2), (0, 9)], [(2, 4), (8, 10)], [(6, 10)], [(2, 10), (4, 9)], [(2, 5), (3, 11), (1, 6), (4, 8)], [(6, 8)], [(6, 7), (0, 5)], [(2, 7), (5, 6), (4, 10)], [(6, 9), (1, 5), (0, 2)], [(5, 9), (2, 8), (0, 3)], [(0, 4), (1, 11)], [(5, 11), (1, 10)], [(1, 7), (3, 4), (0, 11)], [(3, 10)], [(7, 10)], [(7, 9)], [(5, 7), (1, 4)], [(0, 1), (8, 9), (2, 11), (5, 10)], [(1, 9), (3, 6), (7, 8)], [(2, 3), (8, 11)], [(10, 11), (2, 9)], [(4, 11), (9, 10), (5, 8)], [(3, 8)], [(0, 8)], [(0, 7)], [(0, 10)], [(0, 6), (3, 5), (1, 8), (4, 7)], [(6, 11)], [(7, 11), (4, 6)], [(9, 11), (4, 5)]]

~~~~~~~~~~~~~~~~~~~~~~~~~~~~~~~~~~~~~~ ITE

warm start fidelity (-15.516699999999998, 0.03324361882402981)
num params 144
Write sucessfully to ./data_sorting/ansatz_type_structure_like_qubo_YZ_2/shots_None/num_variables_012/params_144_layer_1/alpha_0.01/initial_warm_start_measure/r_92/
1 0 1

N: 12, 
r: 95, 
alpha: 0.01, 
shots: None, 
ansatz: structure_like_qubo_YZ_2, 
layer: 1, 
tau: 0.3, 
initialization: warm_start_measure, 
sorting: True, 
absolute: False, 
invert: True

edge columns [[(0, 1), (2, 3), (4, 5), (6, 7), (8, 9), (10, 11)], [(0, 3), (2, 5), (4, 7), (6, 9), (8, 11)], [(1, 3), (0, 5), (2, 7), (4, 9), (6, 11), (8, 10)], [(1, 5), (0, 7), (2, 9), (4, 11), (6, 10)], [(3, 5), (1, 7), (0, 9), (2, 11), (4, 10), (6, 8)], [(3, 7), (1, 9), (0, 11), (2, 10), (4, 8)], [(5, 7), (3, 9), (1, 11), (0, 10), (2, 8), (4, 6)], [(5, 9), (3, 11), (1, 10), (0, 8), (2, 6)], [(7, 9), (5, 11), (3, 10), (1, 8), (0, 6), (2, 4)], [(7, 11), (5, 10), (3, 8), (1, 6), (0, 4)], [(9, 11), (7, 10), (5, 8), (3, 6), (1, 4), (0, 2)], [(9, 10), (7, 8), (5, 6), (3, 4), (1, 2)]]


#############################################################################
Coefficients are sorted according to absolut False and invert True

edge columns [[(0, 10), (9, 11)], [(6, 10)], [(3, 6), (2, 9), (7, 10)], [(1, 7), (4, 9)], [(1, 4)], [(1, 2), (3, 10)], [(2, 3), (5, 8)], [(3, 11), (1, 5)], [(1, 9), (0, 6)], [(5, 9)], [(3, 9)], [(0, 3), (2, 10), (1, 8), (5, 6)], [(2, 5), (0, 1), (4, 11), (6, 7), (8, 9)], [(7, 9), (10, 11), (0, 2)], [(2, 7)], [(7, 8), (9, 10)], [(7, 11), (3, 8)], [(4, 7), (3, 5), (1, 6)], [(6, 9), (4, 10)], [(8, 10), (1, 3)], [(8, 11), (0, 4), (3, 7)], [(2, 4), (0, 9)], [(0, 5), (6, 8), (1, 11)], [(2, 11), (4, 6), (1, 10)], [(3, 4)], [(4, 8), (5, 11), (2, 6)], [(6, 11), (5, 7)], [(0, 7), (4, 5)], [(0, 11), (2, 8)], [(0, 8), (5, 10)]]

~~~~~~~~~~~~~~~~~~~~~~~~~~~~~~~~~~~~~~ ITE

warm start fidelity (-18.790699999999998, 0.05230997570907797)
num params 144
Write sucessfully to ./data_sorting/ansatz_type_structure_like_qubo_YZ_2/shots_None/num_variables_012/params_144_layer_1/alpha_0.01/initial_warm_start_measure/r_95/
1 0 1

N: 12, 
r: 92, 
alpha: 0.01, 
shots: None, 
ansatz: structure_like_qubo_YZ_2, 
layer: 1, 
tau: 0.3, 
initialization: warm_start_measure, 
sorting: True, 
absolute: False, 
invert: True

edge columns [[(0, 1), (2, 3), (4, 5), (6, 7), (8, 9), (10, 11)], [(0, 3), (2, 5), (4, 7), (6, 9), (8, 11)], [(1, 3), (0, 5), (2, 7), (4, 9), (6, 11), (8, 10)], [(1, 5), (0, 7), (2, 9), (4, 11), (6, 10)], [(3, 5), (1, 7), (0, 9), (2, 11), (4, 10), (6, 8)], [(3, 7), (1, 9), (0, 11), (2, 10), (4, 8)], [(5, 7), (3, 9), (1, 11), (0, 10), (2, 8), (4, 6)], [(5, 9), (3, 11), (1, 10), (0, 8), (2, 6)], [(7, 9), (5, 11), (3, 10), (1, 8), (0, 6), (2, 4)], [(7, 11), (5, 10), (3, 8), (1, 6), (0, 4)], [(9, 11), (7, 10), (5, 8), (3, 6), (1, 4), (0, 2)], [(9, 10), (7, 8), (5, 6), (3, 4), (1, 2)]]


#############################################################################
Coefficients are sorted according to absolut False and invert True

edge columns [[(4, 5), (9, 11)], [(4, 6), (7, 11)], [(6, 11), (4, 7), (1, 8), (3, 5)], [(0, 6)], [(0, 10)], [(0, 7)], [(0, 8)], [(3, 8)], [(5, 8), (9, 10), (4, 11)], [(2, 9), (10, 11)], [(8, 11), (2, 3)], [(7, 8), (3, 6), (1, 9), (5, 10), (2, 11)], [(8, 9), (0, 1)], [(1, 4), (5, 7)], [(7, 9)], [(7, 10)], [(3, 10), (0, 11)], [(3, 4), (1, 7)], [(1, 10), (5, 11)], [(1, 11), (0, 4)], [(0, 3), (2, 8), (5, 9)], [(0, 2), (1, 5), (6, 9), (4, 10)], [(5, 6), (2, 7)], [(0, 5), (6, 7)], [(6, 8)], [(4, 8), (1, 6), (3, 11), (2, 5)], [(4, 9), (2, 10)], [(6, 10)], [(8, 10), (2, 4), (0, 9)], [(1, 2)], [(2, 6), (3, 7)], [(3, 9)], [(1, 3)]]

~~~~~~~~~~~~~~~~~~~~~~~~~~~~~~~~~~~~~~ ITE

warm start fidelity (-15.516699999999998, 0.035576417411930884)
num params 144
Write sucessfully to ./data_sorting/ansatz_type_structure_like_qubo_YZ_2/shots_None/num_variables_012/params_144_layer_1/alpha_0.01/initial_warm_start_measure/r_92/
1 1 1

N: 12, 
r: 96, 
alpha: 0.01, 
shots: None, 
ansatz: structure_like_qubo_YZ_2, 
layer: 1, 
tau: 0.3, 
initialization: warm_start_measure, 
sorting: True, 
absolute: True, 
invert: True

edge columns [[(0, 1), (2, 3), (4, 5), (6, 7), (8, 9), (10, 11)], [(0, 3), (2, 5), (4, 7), (6, 9), (8, 11)], [(1, 3), (0, 5), (2, 7), (4, 9), (6, 11), (8, 10)], [(1, 5), (0, 7), (2, 9), (4, 11), (6, 10)], [(3, 5), (1, 7), (0, 9), (2, 11), (4, 10), (6, 8)], [(3, 7), (1, 9), (0, 11), (2, 10), (4, 8)], [(5, 7), (3, 9), (1, 11), (0, 10), (2, 8), (4, 6)], [(5, 9), (3, 11), (1, 10), (0, 8), (2, 6)], [(7, 9), (5, 11), (3, 10), (1, 8), (0, 6), (2, 4)], [(7, 11), (5, 10), (3, 8), (1, 6), (0, 4)], [(9, 11), (7, 10), (5, 8), (3, 6), (1, 4), (0, 2)], [(9, 10), (7, 8), (5, 6), (3, 4), (1, 2)]]


#############################################################################
Coefficients are sorted according to absolut True and invert True

edge columns [[(0, 9)], [(0, 11), (4, 5)], [(5, 10)], [(1, 10), (0, 6)], [(0, 1), (2, 8)], [(1, 3)], [(1, 2), (4, 6), (3, 10)], [(3, 11)], [(9, 11)], [(8, 9), (2, 6)], [(6, 8), (7, 9)], [(7, 11), (1, 9)], [(6, 9), (0, 3)], [(1, 6), (0, 2)], [(2, 9), (7, 10), (1, 8)], [(3, 9)], [(4, 9), (3, 5)], [(5, 11), (2, 3)], [(2, 4)], [(4, 11)], [(4, 10), (5, 8)], [(8, 10), (2, 5)], [(2, 7), (1, 5), (0, 8)], [(2, 11)], [(10, 11), (7, 8)], [(1, 11), (3, 6), (0, 5)], [(6, 7)], [(5, 6)], [(5, 7), (9, 10)], [(5, 9), (0, 10), (3, 8), (4, 7)], [(8, 11)], [(4, 8), (0, 7)], [(0, 4), (1, 7), (6, 11), (2, 10)], [(6, 10), (1, 4), (3, 7)], [(3, 4)]]

~~~~~~~~~~~~~~~~~~~~~~~~~~~~~~~~~~~~~~ ITE

warm start fidelity (-18.369, 0.025152166914031993)
num params 144
Write sucessfully to ./data_sorting/ansatz_type_structure_like_qubo_YZ_2/shots_None/num_variables_012/params_144_layer_1/alpha_0.01/initial_warm_start_measure/r_96/
1 1 1

N: 12, 
r: 95, 
alpha: 0.01, 
shots: None, 
ansatz: structure_like_qubo_YZ_2, 
layer: 1, 
tau: 0.3, 
initialization: warm_start_measure, 
sorting: True, 
absolute: True, 
invert: True

edge columns [[(0, 1), (2, 3), (4, 5), (6, 7), (8, 9), (10, 11)], [(0, 3), (2, 5), (4, 7), (6, 9), (8, 11)], [(1, 3), (0, 5), (2, 7), (4, 9), (6, 11), (8, 10)], [(1, 5), (0, 7), (2, 9), (4, 11), (6, 10)], [(3, 5), (1, 7), (0, 9), (2, 11), (4, 10), (6, 8)], [(3, 7), (1, 9), (0, 11), (2, 10), (4, 8)], [(5, 7), (3, 9), (1, 11), (0, 10), (2, 8), (4, 6)], [(5, 9), (3, 11), (1, 10), (0, 8), (2, 6)], [(7, 9), (5, 11), (3, 10), (1, 8), (0, 6), (2, 4)], [(7, 11), (5, 10), (3, 8), (1, 6), (0, 4)], [(9, 11), (7, 10), (5, 8), (3, 6), (1, 4), (0, 2)], [(9, 10), (7, 8), (5, 6), (3, 4), (1, 2)]]


#############################################################################
Coefficients are sorted according to absolut True and invert True

edge columns [[(5, 10)], [(0, 10), (9, 11)], [(6, 10), (0, 8)], [(2, 8), (3, 6), (0, 11)], [(2, 9), (7, 10), (4, 5)], [(0, 7)], [(1, 7)], [(5, 7), (6, 11), (4, 9)], [(2, 6), (5, 11), (4, 8)], [(3, 4), (1, 10)], [(4, 6)], [(1, 4), (2, 11)], [(1, 2), (3, 10)], [(2, 3), (5, 8)], [(3, 11)], [(1, 11), (6, 8)], [(1, 5)], [(1, 9), (0, 6)], [(0, 5)], [(5, 9)], [(3, 9)], [(0, 3), (2, 10)], [(0, 9), (2, 4), (1, 8), (3, 7)], [(0, 4), (5, 6), (8, 11), (1, 3)], [(8, 10), (2, 5)], [(4, 10), (0, 1), (6, 9)], [(4, 11), (6, 7)], [(1, 6), (3, 5), (8, 9)], [(7, 9)], [(4, 7), (3, 8), (10, 11)], [(7, 11), (9, 10)], [(7, 8)], [(2, 7)], [(0, 2)]]

~~~~~~~~~~~~~~~~~~~~~~~~~~~~~~~~~~~~~~ ITE

warm start fidelity (-18.790699999999998, 0.04495114145039961)
num params 144
Write sucessfully to ./data_sorting/ansatz_type_structure_like_qubo_YZ_2/shots_None/num_variables_012/params_144_layer_1/alpha_0.01/initial_warm_start_measure/r_95/
1 0 1

N: 12, 
r: 96, 
alpha: 0.01, 
shots: None, 
ansatz: structure_like_qubo_YZ_2, 
layer: 1, 
tau: 0.3, 
initialization: warm_start_measure, 
sorting: True, 
absolute: False, 
invert: True

edge columns [[(0, 1), (2, 3), (4, 5), (6, 7), (8, 9), (10, 11)], [(0, 3), (2, 5), (4, 7), (6, 9), (8, 11)], [(1, 3), (0, 5), (2, 7), (4, 9), (6, 11), (8, 10)], [(1, 5), (0, 7), (2, 9), (4, 11), (6, 10)], [(3, 5), (1, 7), (0, 9), (2, 11), (4, 10), (6, 8)], [(3, 7), (1, 9), (0, 11), (2, 10), (4, 8)], [(5, 7), (3, 9), (1, 11), (0, 10), (2, 8), (4, 6)], [(5, 9), (3, 11), (1, 10), (0, 8), (2, 6)], [(7, 9), (5, 11), (3, 10), (1, 8), (0, 6), (2, 4)], [(7, 11), (5, 10), (3, 8), (1, 6), (0, 4)], [(9, 11), (7, 10), (5, 8), (3, 6), (1, 4), (0, 2)], [(9, 10), (7, 8), (5, 6), (3, 4), (1, 2)]]


#############################################################################
Coefficients are sorted according to absolut False and invert True

edge columns [[(0, 9)], [(0, 11), (4, 5), (1, 10)], [(0, 6)], [(0, 1), (2, 8)], [(1, 2), (9, 11)], [(8, 9)], [(7, 9)], [(7, 11), (0, 3)], [(7, 10), (4, 9), (3, 5)], [(5, 11), (2, 3)], [(2, 4), (5, 8)], [(1, 5), (0, 8), (10, 11)], [(7, 8), (1, 11), (3, 6)], [(5, 6)], [(5, 7), (9, 10)], [(5, 9), (0, 10), (3, 8), (4, 7)], [(4, 8), (0, 7), (2, 10)], [(6, 10), (3, 4)], [(3, 7), (1, 4), (6, 11)], [(1, 7), (0, 4), (8, 11)], [(6, 7), (0, 5), (2, 11)], [(2, 7)], [(2, 5), (8, 10)], [(4, 10)], [(4, 11), (3, 9), (1, 8)], [(2, 9)], [(0, 2), (1, 6)], [(6, 9)], [(1, 9), (6, 8)], [(2, 6), (3, 11)], [(3, 10), (4, 6)], [(1, 3), (5, 10)]]

~~~~~~~~~~~~~~~~~~~~~~~~~~~~~~~~~~~~~~ ITE

warm start fidelity (-18.369, 0.018581306606938946)
num params 144
Write sucessfully to ./data_sorting/ansatz_type_structure_like_qubo_YZ_2/shots_None/num_variables_012/params_144_layer_1/alpha_0.01/initial_warm_start_measure/r_96/
1 1 1

N: 12, 
r: 97, 
alpha: 0.01, 
shots: None, 
ansatz: structure_like_qubo_YZ_2, 
layer: 1, 
tau: 0.3, 
initialization: warm_start_measure, 
sorting: True, 
absolute: True, 
invert: True

edge columns [[(0, 1), (2, 3), (4, 5), (6, 7), (8, 9), (10, 11)], [(0, 3), (2, 5), (4, 7), (6, 9), (8, 11)], [(1, 3), (0, 5), (2, 7), (4, 9), (6, 11), (8, 10)], [(1, 5), (0, 7), (2, 9), (4, 11), (6, 10)], [(3, 5), (1, 7), (0, 9), (2, 11), (4, 10), (6, 8)], [(3, 7), (1, 9), (0, 11), (2, 10), (4, 8)], [(5, 7), (3, 9), (1, 11), (0, 10), (2, 8), (4, 6)], [(5, 9), (3, 11), (1, 10), (0, 8), (2, 6)], [(7, 9), (5, 11), (3, 10), (1, 8), (0, 6), (2, 4)], [(7, 11), (5, 10), (3, 8), (1, 6), (0, 4)], [(9, 11), (7, 10), (5, 8), (3, 6), (1, 4), (0, 2)], [(9, 10), (7, 8), (5, 6), (3, 4), (1, 2)]]


#############################################################################
Coefficients are sorted according to absolut True and invert True

edge columns [[(1, 9)], [(1, 10), (5, 8), (2, 4), (3, 9)], [(7, 9), (3, 8), (4, 5), (1, 11)], [(0, 4)], [(0, 10), (2, 9)], [(10, 11), (2, 3), (1, 4)], [(1, 5)], [(3, 5), (7, 11)], [(3, 10)], [(3, 7), (4, 6)], [(6, 8)], [(6, 7), (4, 10)], [(2, 10)], [(0, 2)], [(0, 6), (3, 11)], [(0, 5), (1, 3)], [(1, 7)], [(1, 6), (4, 9), (0, 11)], [(0, 3), (8, 11)], [(9, 11), (2, 5), (4, 8)], [(3, 4)], [(4, 11), (7, 8)], [(5, 11), (4, 7), (6, 10), (0, 1)], [(5, 10), (0, 9)], [(0, 8)], [(8, 9)], [(1, 8)], [(1, 2), (6, 11)], [(6, 9)], [(3, 6), (5, 7)], [(0, 7)], [(7, 10), (2, 11)], [(8, 10), (2, 6)], [(5, 6), (2, 7), (9, 10)], [(5, 9), (2, 8)]]

~~~~~~~~~~~~~~~~~~~~~~~~~~~~~~~~~~~~~~ ITE

warm start fidelity (-19.578999999999997, 0.05288879780433588)
num params 144
Write sucessfully to ./data_sorting/ansatz_type_structure_like_qubo_YZ_2/shots_None/num_variables_012/params_144_layer_1/alpha_0.01/initial_warm_start_measure/r_97/
1 0 0

N: 12, 
r: 96, 
alpha: 0.01, 
shots: None, 
ansatz: structure_like_qubo_YZ_2, 
layer: 1, 
tau: 0.3, 
initialization: warm_start_measure, 
sorting: True, 
absolute: False, 
invert: False

edge columns [[(0, 1), (2, 3), (4, 5), (6, 7), (8, 9), (10, 11)], [(0, 3), (2, 5), (4, 7), (6, 9), (8, 11)], [(1, 3), (0, 5), (2, 7), (4, 9), (6, 11), (8, 10)], [(1, 5), (0, 7), (2, 9), (4, 11), (6, 10)], [(3, 5), (1, 7), (0, 9), (2, 11), (4, 10), (6, 8)], [(3, 7), (1, 9), (0, 11), (2, 10), (4, 8)], [(5, 7), (3, 9), (1, 11), (0, 10), (2, 8), (4, 6)], [(5, 9), (3, 11), (1, 10), (0, 8), (2, 6)], [(7, 9), (5, 11), (3, 10), (1, 8), (0, 6), (2, 4)], [(7, 11), (5, 10), (3, 8), (1, 6), (0, 4)], [(9, 11), (7, 10), (5, 8), (3, 6), (1, 4), (0, 2)], [(9, 10), (7, 8), (5, 6), (3, 4), (1, 2)]]


#############################################################################
Coefficients are sorted according to absolut False and invert False

edge columns [[(5, 10), (1, 3), (4, 6)], [(3, 10)], [(3, 11), (2, 6)], [(6, 8), (1, 9)], [(6, 9)], [(1, 6), (0, 2)], [(2, 9), (1, 8)], [(3, 9), (4, 11)], [(4, 10)], [(8, 10), (2, 5)], [(2, 7)], [(2, 11), (0, 5), (6, 7)], [(8, 11), (0, 4), (1, 7)], [(6, 11), (1, 4), (3, 7)], [(3, 4), (6, 10)], [(2, 10), (0, 7), (4, 8)], [(4, 7), (3, 8), (0, 10), (5, 9)], [(9, 10), (5, 7)], [(5, 6)], [(3, 6), (1, 11), (7, 8)], [(10, 11), (0, 8), (1, 5)], [(5, 8), (2, 4)], [(2, 3), (5, 11)], [(3, 5), (4, 9), (7, 10)], [(0, 3), (7, 11)], [(7, 9)], [(8, 9)], [(9, 11), (1, 2)], [(2, 8), (0, 1)], [(0, 6), (1, 10), (4, 5)], [(0, 11)], [(0, 9)]]

~~~~~~~~~~~~~~~~~~~~~~~~~~~~~~~~~~~~~~ ITE

warm start fidelity (-18.369, 0.022890325011961043)
num params 144
Write sucessfully to ./data_sorting/ansatz_type_structure_like_qubo_YZ_2/shots_None/num_variables_012/params_144_layer_1/alpha_0.01/initial_warm_start_measure/r_96/
1 0 0

N: 12, 
r: 97, 
alpha: 0.01, 
shots: None, 
ansatz: structure_like_qubo_YZ_2, 
layer: 1, 
tau: 0.3, 
initialization: warm_start_measure, 
sorting: True, 
absolute: False, 
invert: False

edge columns [[(0, 1), (2, 3), (4, 5), (6, 7), (8, 9), (10, 11)], [(0, 3), (2, 5), (4, 7), (6, 9), (8, 11)], [(1, 3), (0, 5), (2, 7), (4, 9), (6, 11), (8, 10)], [(1, 5), (0, 7), (2, 9), (4, 11), (6, 10)], [(3, 5), (1, 7), (0, 9), (2, 11), (4, 10), (6, 8)], [(3, 7), (1, 9), (0, 11), (2, 10), (4, 8)], [(5, 7), (3, 9), (1, 11), (0, 10), (2, 8), (4, 6)], [(5, 9), (3, 11), (1, 10), (0, 8), (2, 6)], [(7, 9), (5, 11), (3, 10), (1, 8), (0, 6), (2, 4)], [(7, 11), (5, 10), (3, 8), (1, 6), (0, 4)], [(9, 11), (7, 10), (5, 8), (3, 6), (1, 4), (0, 2)], [(9, 10), (7, 8), (5, 6), (3, 4), (1, 2)]]


#############################################################################
Coefficients are sorted according to absolut False and invert False

edge columns [[(1, 10), (3, 9)], [(7, 9), (4, 5), (1, 11)], [(0, 4)], [(0, 10)], [(10, 11), (2, 3)], [(3, 5), (7, 11), (4, 6)], [(6, 7), (4, 10)], [(2, 10)], [(0, 2)], [(0, 6)], [(0, 5), (1, 7)], [(0, 3), (8, 11)], [(4, 8)], [(7, 8), (5, 11)], [(5, 10), (8, 9), (1, 2), (6, 11)], [(6, 9)], [(3, 6), (0, 7), (2, 11), (8, 10)], [(2, 6)], [(2, 7)], [(2, 8), (5, 9)], [(9, 10), (5, 6)], [(7, 10)], [(5, 7), (1, 8)], [(0, 8)], [(0, 9)], [(0, 1), (6, 10), (4, 7)], [(4, 11)], [(3, 4), (2, 5), (9, 11)], [(0, 11), (4, 9), (1, 6)], [(1, 3)], [(3, 11), (6, 8)], [(3, 7)], [(3, 10), (1, 5)], [(1, 4), (2, 9), (3, 8)], [(2, 4), (5, 8), (1, 9)]]

~~~~~~~~~~~~~~~~~~~~~~~~~~~~~~~~~~~~~~ ITE

warm start fidelity (-19.578999999999997, 0.058216655333755)
num params 144
Write sucessfully to ./data_sorting/ansatz_type_structure_like_qubo_YZ_2/shots_None/num_variables_012/params_144_layer_1/alpha_0.01/initial_warm_start_measure/r_97/
1 0 1

N: 12, 
r: 97, 
alpha: 0.01, 
shots: None, 
ansatz: structure_like_qubo_YZ_2, 
layer: 1, 
tau: 0.3, 
initialization: warm_start_measure, 
sorting: True, 
absolute: False, 
invert: True

edge columns [[(0, 1), (2, 3), (4, 5), (6, 7), (8, 9), (10, 11)], [(0, 3), (2, 5), (4, 7), (6, 9), (8, 11)], [(1, 3), (0, 5), (2, 7), (4, 9), (6, 11), (8, 10)], [(1, 5), (0, 7), (2, 9), (4, 11), (6, 10)], [(3, 5), (1, 7), (0, 9), (2, 11), (4, 10), (6, 8)], [(3, 7), (1, 9), (0, 11), (2, 10), (4, 8)], [(5, 7), (3, 9), (1, 11), (0, 10), (2, 8), (4, 6)], [(5, 9), (3, 11), (1, 10), (0, 8), (2, 6)], [(7, 9), (5, 11), (3, 10), (1, 8), (0, 6), (2, 4)], [(7, 11), (5, 10), (3, 8), (1, 6), (0, 4)], [(9, 11), (7, 10), (5, 8), (3, 6), (1, 4), (0, 2)], [(9, 10), (7, 8), (5, 6), (3, 4), (1, 2)]]


#############################################################################
Coefficients are sorted according to absolut False and invert True

edge columns [[(1, 9), (5, 8), (2, 4)], [(3, 8), (2, 9), (1, 4)], [(1, 5), (3, 10)], [(3, 7), (6, 8)], [(3, 11)], [(1, 3)], [(1, 6), (4, 9), (0, 11)], [(9, 11), (2, 5), (3, 4)], [(4, 11)], [(4, 7), (6, 10), (0, 1)], [(0, 9)], [(0, 8)], [(1, 8), (5, 7)], [(7, 10), (5, 6)], [(9, 10)], [(5, 9), (2, 8)], [(2, 7)], [(2, 6), (8, 10)], [(2, 11), (0, 7), (3, 6)], [(6, 9)], [(6, 11), (1, 2), (8, 9), (5, 10)], [(5, 11), (7, 8)], [(4, 8)], [(8, 11), (0, 3), (1, 7)], [(0, 5)], [(0, 6)], [(0, 2)], [(2, 10)], [(4, 10), (6, 7)], [(4, 6), (7, 11), (3, 5)], [(2, 3), (10, 11)], [(0, 10)], [(0, 4), (1, 11)], [(4, 5), (7, 9)], [(3, 9), (1, 10)]]

~~~~~~~~~~~~~~~~~~~~~~~~~~~~~~~~~~~~~~ ITE

warm start fidelity (-19.578999999999997, 0.044747854834408414)
num params 144
Write sucessfully to ./data_sorting/ansatz_type_structure_like_qubo_YZ_2/shots_None/num_variables_012/params_144_layer_1/alpha_0.01/initial_warm_start_measure/r_97/
1 1 0

N: 12, 
r: 97, 
alpha: 0.01, 
shots: None, 
ansatz: structure_like_qubo_YZ_2, 
layer: 1, 
tau: 0.3, 
initialization: warm_start_measure, 
sorting: True, 
absolute: True, 
invert: False

edge columns [[(0, 1), (2, 3), (4, 5), (6, 7), (8, 9), (10, 11)], [(0, 3), (2, 5), (4, 7), (6, 9), (8, 11)], [(1, 3), (0, 5), (2, 7), (4, 9), (6, 11), (8, 10)], [(1, 5), (0, 7), (2, 9), (4, 11), (6, 10)], [(3, 5), (1, 7), (0, 9), (2, 11), (4, 10), (6, 8)], [(3, 7), (1, 9), (0, 11), (2, 10), (4, 8)], [(5, 7), (3, 9), (1, 11), (0, 10), (2, 8), (4, 6)], [(5, 9), (3, 11), (1, 10), (0, 8), (2, 6)], [(7, 9), (5, 11), (3, 10), (1, 8), (0, 6), (2, 4)], [(7, 11), (5, 10), (3, 8), (1, 6), (0, 4)], [(9, 11), (7, 10), (5, 8), (3, 6), (1, 4), (0, 2)], [(9, 10), (7, 8), (5, 6), (3, 4), (1, 2)]]


#############################################################################
Coefficients are sorted according to absolut True and invert False

edge columns [[(2, 8), (5, 9)], [(9, 10), (2, 7), (5, 6)], [(2, 6), (8, 10)], [(2, 11), (7, 10)], [(0, 7)], [(5, 7), (3, 6)], [(6, 9)], [(6, 11), (1, 2)], [(1, 8)], [(8, 9)], [(0, 8)], [(0, 9), (5, 10)], [(0, 1), (6, 10), (4, 7), (5, 11)], [(7, 8), (4, 11)], [(3, 4)], [(4, 8), (2, 5), (9, 11)], [(8, 11), (0, 3)], [(0, 11), (4, 9), (1, 6)], [(1, 7)], [(1, 3), (0, 5)], [(3, 11), (0, 6)], [(0, 2)], [(2, 10)], [(4, 10), (6, 7)], [(6, 8)], [(4, 6), (3, 7)], [(3, 10), (7, 11)], [(3, 5)], [(1, 5)], [(1, 4), (2, 3), (10, 11)], [(2, 9), (0, 10)], [(0, 4), (1, 11)], [(4, 5), (3, 8), (7, 9)], [(3, 9), (2, 4), (5, 8), (1, 10)], [(1, 9)]]

~~~~~~~~~~~~~~~~~~~~~~~~~~~~~~~~~~~~~~ ITE

warm start fidelity (-19.578999999999997, 0.035754033035895756)
num params 144
Write sucessfully to ./data_sorting/ansatz_type_structure_like_qubo_YZ_2/shots_None/num_variables_012/params_144_layer_1/alpha_0.01/initial_warm_start_measure/r_97/
1 1 1

N: 12, 
r: 98, 
alpha: 0.01, 
shots: None, 
ansatz: structure_like_qubo_YZ_2, 
layer: 1, 
tau: 0.3, 
initialization: warm_start_measure, 
sorting: True, 
absolute: True, 
invert: True

edge columns [[(0, 1), (2, 3), (4, 5), (6, 7), (8, 9), (10, 11)], [(0, 3), (2, 5), (4, 7), (6, 9), (8, 11)], [(1, 3), (0, 5), (2, 7), (4, 9), (6, 11), (8, 10)], [(1, 5), (0, 7), (2, 9), (4, 11), (6, 10)], [(3, 5), (1, 7), (0, 9), (2, 11), (4, 10), (6, 8)], [(3, 7), (1, 9), (0, 11), (2, 10), (4, 8)], [(5, 7), (3, 9), (1, 11), (0, 10), (2, 8), (4, 6)], [(5, 9), (3, 11), (1, 10), (0, 8), (2, 6)], [(7, 9), (5, 11), (3, 10), (1, 8), (0, 6), (2, 4)], [(7, 11), (5, 10), (3, 8), (1, 6), (0, 4)], [(9, 11), (7, 10), (5, 8), (3, 6), (1, 4), (0, 2)], [(9, 10), (7, 8), (5, 6), (3, 4), (1, 2)]]


#############################################################################
Coefficients are sorted according to absolut True and invert True

edge columns [[(4, 7), (2, 5)], [(5, 7)], [(1, 5), (0, 2)], [(2, 8)], [(2, 4)], [(2, 6), (7, 11)], [(0, 11), (3, 7)], [(2, 3), (0, 7), (6, 11)], [(0, 5), (1, 2), (10, 11)], [(0, 4), (6, 9), (2, 7), (5, 11)], [(9, 10), (1, 6), (3, 11)], [(3, 4), (0, 8)], [(7, 8), (1, 9)], [(5, 9), (4, 6)], [(4, 11)], [(8, 11)], [(3, 8)], [(1, 3), (5, 8)], [(3, 5), (2, 10)], [(2, 9), (1, 7)], [(8, 9)], [(4, 8), (0, 6)], [(0, 1)], [(1, 10), (9, 11)], [(8, 10), (0, 9)], [(1, 8)], [(1, 4)], [(4, 10), (6, 8)], [(3, 6), (4, 5), (2, 11)], [(6, 10)], [(6, 7)], [(5, 6), (0, 3)], [(5, 10)], [(7, 10), (3, 9)], [(0, 10)], [(3, 10), (4, 9), (1, 11)], [(7, 9)]]

~~~~~~~~~~~~~~~~~~~~~~~~~~~~~~~~~~~~~~ ITE

warm start fidelity (-16.815400000000004, 0.03210668344983517)
num params 144
Write sucessfully to ./data_sorting/ansatz_type_structure_like_qubo_YZ_2/shots_None/num_variables_012/params_144_layer_1/alpha_0.01/initial_warm_start_measure/r_98/
1 1 0

N: 12, 
r: 98, 
alpha: 0.01, 
shots: None, 
ansatz: structure_like_qubo_YZ_2, 
layer: 1, 
tau: 0.3, 
initialization: warm_start_measure, 
sorting: True, 
absolute: True, 
invert: False

edge columns [[(0, 1), (2, 3), (4, 5), (6, 7), (8, 9), (10, 11)], [(0, 3), (2, 5), (4, 7), (6, 9), (8, 11)], [(1, 3), (0, 5), (2, 7), (4, 9), (6, 11), (8, 10)], [(1, 5), (0, 7), (2, 9), (4, 11), (6, 10)], [(3, 5), (1, 7), (0, 9), (2, 11), (4, 10), (6, 8)], [(3, 7), (1, 9), (0, 11), (2, 10), (4, 8)], [(5, 7), (3, 9), (1, 11), (0, 10), (2, 8), (4, 6)], [(5, 9), (3, 11), (1, 10), (0, 8), (2, 6)], [(7, 9), (5, 11), (3, 10), (1, 8), (0, 6), (2, 4)], [(7, 11), (5, 10), (3, 8), (1, 6), (0, 4)], [(9, 11), (7, 10), (5, 8), (3, 6), (1, 4), (0, 2)], [(9, 10), (7, 8), (5, 6), (3, 4), (1, 2)]]


#############################################################################
Coefficients are sorted according to absolut True and invert False

edge columns [[(7, 9), (1, 11)], [(4, 9), (3, 10)], [(0, 10), (3, 9)], [(7, 10)], [(5, 10), (0, 3)], [(5, 6)], [(6, 7)], [(6, 10), (2, 11), (4, 5)], [(3, 6)], [(6, 8), (4, 10)], [(1, 4)], [(1, 8), (0, 9)], [(8, 10), (9, 11)], [(1, 10)], [(0, 1)], [(0, 6), (4, 8)], [(8, 9), (1, 7)], [(2, 9)], [(2, 10), (3, 5)], [(5, 8), (1, 3)], [(3, 8)], [(8, 11)], [(4, 11)], [(4, 6), (5, 9)], [(1, 9), (7, 8)], [(0, 8), (3, 4)], [(3, 11), (1, 6), (9, 10)], [(5, 11), (2, 7), (6, 9), (0, 4)], [(10, 11), (1, 2), (0, 5)], [(6, 11), (0, 7), (2, 3)], [(3, 7), (0, 11)], [(7, 11), (2, 6)], [(2, 4)], [(2, 8)], [(0, 2), (1, 5)], [(5, 7)], [(2, 5), (4, 7)]]

~~~~~~~~~~~~~~~~~~~~~~~~~~~~~~~~~~~~~~ ITE

warm start fidelity (-16.815400000000004, 0.02760207840680278)
num params 144
Write sucessfully to ./data_sorting/ansatz_type_structure_like_qubo_YZ_2/shots_None/num_variables_012/params_144_layer_1/alpha_0.01/initial_warm_start_measure/r_98/
1 0 1

N: 12, 
r: 98, 
alpha: 0.01, 
shots: None, 
ansatz: structure_like_qubo_YZ_2, 
layer: 1, 
tau: 0.3, 
initialization: warm_start_measure, 
sorting: True, 
absolute: False, 
invert: True

edge columns [[(0, 1), (2, 3), (4, 5), (6, 7), (8, 9), (10, 11)], [(0, 3), (2, 5), (4, 7), (6, 9), (8, 11)], [(1, 3), (0, 5), (2, 7), (4, 9), (6, 11), (8, 10)], [(1, 5), (0, 7), (2, 9), (4, 11), (6, 10)], [(3, 5), (1, 7), (0, 9), (2, 11), (4, 10), (6, 8)], [(3, 7), (1, 9), (0, 11), (2, 10), (4, 8)], [(5, 7), (3, 9), (1, 11), (0, 10), (2, 8), (4, 6)], [(5, 9), (3, 11), (1, 10), (0, 8), (2, 6)], [(7, 9), (5, 11), (3, 10), (1, 8), (0, 6), (2, 4)], [(7, 11), (5, 10), (3, 8), (1, 6), (0, 4)], [(9, 11), (7, 10), (5, 8), (3, 6), (1, 4), (0, 2)], [(9, 10), (7, 8), (5, 6), (3, 4), (1, 2)]]


#############################################################################
Coefficients are sorted according to absolut False and invert True

edge columns [[(5, 7), (2, 8)], [(2, 6), (3, 7)], [(2, 3)], [(1, 2)], [(2, 7), (3, 4), (5, 9)], [(4, 6), (3, 8)], [(1, 3), (5, 8)], [(3, 5), (2, 10)], [(2, 9), (1, 7)], [(1, 10), (9, 11)], [(0, 9), (1, 8), (6, 10)], [(6, 7), (0, 3)], [(7, 10), (3, 9)], [(0, 10)], [(3, 10), (4, 9)], [(7, 9), (1, 11), (5, 10)], [(5, 6), (2, 11)], [(4, 5), (3, 6)], [(6, 8), (4, 10)], [(1, 4), (8, 10)], [(0, 1)], [(0, 6), (4, 8)], [(8, 9)], [(8, 11)], [(4, 11), (1, 9), (7, 8)], [(0, 8), (3, 11), (1, 6), (9, 10)], [(5, 11), (6, 9), (0, 4)], [(10, 11), (0, 5)], [(6, 11), (0, 7)], [(0, 11)], [(7, 11), (2, 4)], [(0, 2), (1, 5)], [(2, 5), (4, 7)]]

~~~~~~~~~~~~~~~~~~~~~~~~~~~~~~~~~~~~~~ ITE

warm start fidelity (-16.815400000000004, 0.031080321333333757)
num params 144
Write sucessfully to ./data_sorting/ansatz_type_structure_like_qubo_YZ_2/shots_None/num_variables_012/params_144_layer_1/alpha_0.01/initial_warm_start_measure/r_98/
1 0 0

N: 12, 
r: 98, 
alpha: 0.01, 
shots: None, 
ansatz: structure_like_qubo_YZ_2, 
layer: 1, 
tau: 0.3, 
initialization: warm_start_measure, 
sorting: True, 
absolute: False, 
invert: False

edge columns [[(0, 1), (2, 3), (4, 5), (6, 7), (8, 9), (10, 11)], [(0, 3), (2, 5), (4, 7), (6, 9), (8, 11)], [(1, 3), (0, 5), (2, 7), (4, 9), (6, 11), (8, 10)], [(1, 5), (0, 7), (2, 9), (4, 11), (6, 10)], [(3, 5), (1, 7), (0, 9), (2, 11), (4, 10), (6, 8)], [(3, 7), (1, 9), (0, 11), (2, 10), (4, 8)], [(5, 7), (3, 9), (1, 11), (0, 10), (2, 8), (4, 6)], [(5, 9), (3, 11), (1, 10), (0, 8), (2, 6)], [(7, 9), (5, 11), (3, 10), (1, 8), (0, 6), (2, 4)], [(7, 11), (5, 10), (3, 8), (1, 6), (0, 4)], [(9, 11), (7, 10), (5, 8), (3, 6), (1, 4), (0, 2)], [(9, 10), (7, 8), (5, 6), (3, 4), (1, 2)]]


#############################################################################
Coefficients are sorted according to absolut False and invert False

edge columns [[(4, 7), (2, 5)], [(1, 5), (0, 2)], [(2, 4), (7, 11)], [(0, 11)], [(0, 7), (6, 11)], [(0, 5), (10, 11)], [(0, 4), (6, 9), (5, 11)], [(9, 10), (1, 6), (3, 11), (0, 8)], [(7, 8), (1, 9), (4, 11)], [(8, 11)], [(8, 9)], [(4, 8), (0, 6)], [(0, 1), (8, 10)], [(1, 4)], [(4, 10), (6, 8)], [(3, 6), (4, 5), (2, 11)], [(5, 6)], [(5, 10), (1, 11), (7, 9)], [(4, 9), (3, 10)], [(0, 10), (3, 9)], [(7, 10), (0, 3)], [(6, 7)], [(6, 10), (1, 8), (0, 9)], [(9, 11), (1, 10)], [(1, 7), (2, 9)], [(2, 10), (3, 5)], [(5, 8), (1, 3)], [(3, 8), (4, 6), (5, 9)], [(3, 4), (2, 7)], [(1, 2)], [(2, 3)], [(3, 7), (2, 6)], [(2, 8), (5, 7)]]

~~~~~~~~~~~~~~~~~~~~~~~~~~~~~~~~~~~~~~ ITE

warm start fidelity (-16.815400000000004, 0.02181963739213167)
num params 144
Write sucessfully to ./data_sorting/ansatz_type_structure_like_qubo_YZ_2/shots_None/num_variables_012/params_144_layer_1/alpha_0.01/initial_warm_start_measure/r_98/
1 1 1

N: 12, 
r: 99, 
alpha: 0.01, 
shots: None, 
ansatz: structure_like_qubo_YZ_2, 
layer: 1, 
tau: 0.3, 
initialization: warm_start_measure, 
sorting: True, 
absolute: True, 
invert: True

edge columns [[(0, 1), (2, 3), (4, 5), (6, 7), (8, 9), (10, 11)], [(0, 3), (2, 5), (4, 7), (6, 9), (8, 11)], [(1, 3), (0, 5), (2, 7), (4, 9), (6, 11), (8, 10)], [(1, 5), (0, 7), (2, 9), (4, 11), (6, 10)], [(3, 5), (1, 7), (0, 9), (2, 11), (4, 10), (6, 8)], [(3, 7), (1, 9), (0, 11), (2, 10), (4, 8)], [(5, 7), (3, 9), (1, 11), (0, 10), (2, 8), (4, 6)], [(5, 9), (3, 11), (1, 10), (0, 8), (2, 6)], [(7, 9), (5, 11), (3, 10), (1, 8), (0, 6), (2, 4)], [(7, 11), (5, 10), (3, 8), (1, 6), (0, 4)], [(9, 11), (7, 10), (5, 8), (3, 6), (1, 4), (0, 2)], [(9, 10), (7, 8), (5, 6), (3, 4), (1, 2)]]


#############################################################################
Coefficients are sorted according to absolut True and invert True

edge columns [[(6, 9), (3, 11)], [(2, 6)], [(2, 8), (1, 10), (4, 9)], [(1, 5), (4, 7), (0, 11)], [(5, 8)], [(3, 8), (6, 11), (7, 10)], [(5, 6), (4, 8)], [(0, 4), (1, 7), (9, 11), (3, 10)], [(8, 10), (0, 6)], [(6, 8)], [(6, 10)], [(4, 6), (3, 9), (1, 8), (5, 10)], [(2, 5), (6, 7)], [(5, 11)], [(3, 5)], [(5, 9), (1, 3)], [(4, 5), (2, 9), (0, 7)], [(0, 9), (4, 10), (7, 8), (1, 11)], [(1, 4)], [(1, 2)], [(0, 1)], [(1, 9), (0, 10), (4, 11)], [(2, 10), (1, 6)], [(2, 3), (7, 11), (0, 8)], [(3, 7)], [(3, 4), (0, 5)], [(5, 7), (8, 9)], [(9, 10), (3, 6), (2, 11)], [(2, 4), (7, 9)], [(2, 7), (8, 11), (0, 3)], [(10, 11), (0, 2)]]

~~~~~~~~~~~~~~~~~~~~~~~~~~~~~~~~~~~~~~ ITE

warm start fidelity (-18.338, 0.024809866861055314)
num params 144
Write sucessfully to ./data_sorting/ansatz_type_structure_like_qubo_YZ_2/shots_None/num_variables_012/params_144_layer_1/alpha_0.01/initial_warm_start_measure/r_99/
1 1 0

N: 12, 
r: 99, 
alpha: 0.01, 
shots: None, 
ansatz: structure_like_qubo_YZ_2, 
layer: 1, 
tau: 0.3, 
initialization: warm_start_measure, 
sorting: True, 
absolute: True, 
invert: False

edge columns [[(0, 1), (2, 3), (4, 5), (6, 7), (8, 9), (10, 11)], [(0, 3), (2, 5), (4, 7), (6, 9), (8, 11)], [(1, 3), (0, 5), (2, 7), (4, 9), (6, 11), (8, 10)], [(1, 5), (0, 7), (2, 9), (4, 11), (6, 10)], [(3, 5), (1, 7), (0, 9), (2, 11), (4, 10), (6, 8)], [(3, 7), (1, 9), (0, 11), (2, 10), (4, 8)], [(5, 7), (3, 9), (1, 11), (0, 10), (2, 8), (4, 6)], [(5, 9), (3, 11), (1, 10), (0, 8), (2, 6)], [(7, 9), (5, 11), (3, 10), (1, 8), (0, 6), (2, 4)], [(7, 11), (5, 10), (3, 8), (1, 6), (0, 4)], [(9, 11), (7, 10), (5, 8), (3, 6), (1, 4), (0, 2)], [(9, 10), (7, 8), (5, 6), (3, 4), (1, 2)]]


#############################################################################
Coefficients are sorted according to absolut True and invert False

edge columns [[(0, 2), (10, 11)], [(0, 3), (8, 11), (2, 7)], [(7, 9), (2, 4)], [(2, 11), (3, 6), (9, 10)], [(8, 9), (5, 7)], [(0, 5), (3, 4)], [(3, 7), (0, 8)], [(7, 11), (2, 3), (1, 6)], [(2, 10), (4, 11)], [(0, 10), (1, 9)], [(0, 1)], [(1, 2)], [(1, 4)], [(1, 11), (7, 8), (4, 10), (0, 9)], [(0, 7), (2, 9), (4, 5), (1, 3)], [(5, 9)], [(3, 5)], [(5, 11), (6, 7)], [(2, 5)], [(5, 10), (1, 8), (3, 9), (4, 6)], [(6, 10)], [(6, 8)], [(0, 6), (8, 10)], [(3, 10), (9, 11), (1, 7), (0, 4)], [(4, 8), (5, 6), (7, 10)], [(6, 11), (3, 8)], [(5, 8), (0, 11), (4, 7)], [(1, 5), (4, 9)], [(1, 10), (2, 8)], [(2, 6), (3, 11)], [(6, 9)]]

~~~~~~~~~~~~~~~~~~~~~~~~~~~~~~~~~~~~~~ ITE

warm start fidelity (-18.338, 0.017641667701724994)
num params 144
Write sucessfully to ./data_sorting/ansatz_type_structure_like_qubo_YZ_2/shots_None/num_variables_012/params_144_layer_1/alpha_0.01/initial_warm_start_measure/r_99/
1 0 1

N: 12, 
r: 99, 
alpha: 0.01, 
shots: None, 
ansatz: structure_like_qubo_YZ_2, 
layer: 1, 
tau: 0.3, 
initialization: warm_start_measure, 
sorting: True, 
absolute: False, 
invert: True

edge columns [[(0, 1), (2, 3), (4, 5), (6, 7), (8, 9), (10, 11)], [(0, 3), (2, 5), (4, 7), (6, 9), (8, 11)], [(1, 3), (0, 5), (2, 7), (4, 9), (6, 11), (8, 10)], [(1, 5), (0, 7), (2, 9), (4, 11), (6, 10)], [(3, 5), (1, 7), (0, 9), (2, 11), (4, 10), (6, 8)], [(3, 7), (1, 9), (0, 11), (2, 10), (4, 8)], [(5, 7), (3, 9), (1, 11), (0, 10), (2, 8), (4, 6)], [(5, 9), (3, 11), (1, 10), (0, 8), (2, 6)], [(7, 9), (5, 11), (3, 10), (1, 8), (0, 6), (2, 4)], [(7, 11), (5, 10), (3, 8), (1, 6), (0, 4)], [(9, 11), (7, 10), (5, 8), (3, 6), (1, 4), (0, 2)], [(9, 10), (7, 8), (5, 6), (3, 4), (1, 2)]]


#############################################################################
Coefficients are sorted according to absolut False and invert True

edge columns [[(6, 9), (2, 8), (1, 10)], [(4, 9), (1, 5)], [(5, 8), (7, 10)], [(5, 6), (4, 8)], [(0, 4), (9, 11), (3, 10)], [(8, 10)], [(6, 10), (2, 5)], [(6, 7), (2, 9)], [(0, 9), (4, 10), (1, 11)], [(1, 2)], [(1, 9), (4, 11), (2, 10)], [(2, 3), (0, 8)], [(3, 7)], [(5, 7), (8, 9)], [(7, 9)], [(2, 7), (8, 11)], [(10, 11), (0, 2)], [(0, 3), (2, 4)], [(2, 11), (3, 6), (9, 10), (0, 5)], [(3, 4), (7, 11), (1, 6), (0, 10)], [(0, 1)], [(1, 4), (7, 8)], [(0, 7), (4, 5), (1, 3)], [(5, 9)], [(3, 5)], [(5, 11)], [(5, 10), (1, 8), (3, 9), (4, 6)], [(6, 8)], [(0, 6), (1, 7)], [(6, 11), (3, 8)], [(0, 11), (4, 7), (2, 6)], [(3, 11)]]

~~~~~~~~~~~~~~~~~~~~~~~~~~~~~~~~~~~~~~ ITE

warm start fidelity (-18.338, 0.020643030386387512)
num params 144
Write sucessfully to ./data_sorting/ansatz_type_structure_like_qubo_YZ_2/shots_None/num_variables_012/params_144_layer_1/alpha_0.01/initial_warm_start_measure/r_99/
1 0 0

N: 12, 
r: 99, 
alpha: 0.01, 
shots: None, 
ansatz: structure_like_qubo_YZ_2, 
layer: 1, 
tau: 0.3, 
initialization: warm_start_measure, 
sorting: True, 
absolute: False, 
invert: False

edge columns [[(0, 1), (2, 3), (4, 5), (6, 7), (8, 9), (10, 11)], [(0, 3), (2, 5), (4, 7), (6, 9), (8, 11)], [(1, 3), (0, 5), (2, 7), (4, 9), (6, 11), (8, 10)], [(1, 5), (0, 7), (2, 9), (4, 11), (6, 10)], [(3, 5), (1, 7), (0, 9), (2, 11), (4, 10), (6, 8)], [(3, 7), (1, 9), (0, 11), (2, 10), (4, 8)], [(5, 7), (3, 9), (1, 11), (0, 10), (2, 8), (4, 6)], [(5, 9), (3, 11), (1, 10), (0, 8), (2, 6)], [(7, 9), (5, 11), (3, 10), (1, 8), (0, 6), (2, 4)], [(7, 11), (5, 10), (3, 8), (1, 6), (0, 4)], [(9, 11), (7, 10), (5, 8), (3, 6), (1, 4), (0, 2)], [(9, 10), (7, 8), (5, 6), (3, 4), (1, 2)]]


#############################################################################
Coefficients are sorted according to absolut False and invert False

edge columns [[(3, 11), (2, 6), (4, 7)], [(0, 11), (3, 8)], [(6, 11), (1, 7)], [(0, 6)], [(6, 8)], [(4, 6), (3, 9), (1, 8), (5, 10)], [(5, 11)], [(3, 5)], [(5, 9), (1, 3)], [(4, 5), (0, 7)], [(7, 8), (1, 4)], [(0, 1)], [(0, 10), (1, 6), (7, 11), (3, 4)], [(0, 5), (9, 10), (3, 6), (2, 11)], [(2, 4), (0, 3)], [(0, 2), (10, 11)], [(8, 11), (2, 7)], [(7, 9)], [(8, 9), (5, 7)], [(3, 7), (0, 8)], [(2, 3)], [(2, 10), (4, 11), (1, 9)], [(1, 2)], [(1, 11), (4, 10), (0, 9)], [(2, 9), (6, 7)], [(2, 5), (6, 10)], [(8, 10)], [(3, 10), (9, 11), (0, 4)], [(4, 8), (5, 6), (7, 10)], [(5, 8)], [(1, 5), (4, 9)], [(1, 10), (2, 8), (6, 9)]]

~~~~~~~~~~~~~~~~~~~~~~~~~~~~~~~~~~~~~~ ITE

warm start fidelity (-18.338, 0.027917829737786084)
num params 144
Write sucessfully to ./data_sorting/ansatz_type_structure_like_qubo_YZ_2/shots_None/num_variables_012/params_144_layer_1/alpha_0.01/initial_warm_start_measure/r_99/
