
N: 16, 
r: 374, 
alpha: 0.01, 
shots: None, 
graph_type: complete,  
tau: 0.3, 
if_adsorting: False

N: 16, 
r: 376, 
alpha: 0.01, 
shots: None, 
graph_type: complete,  
tau: 0.3, 
if_adsorting: False

N: 16, 
r: 380, 
alpha: 0.01, 
shots: None, 
graph_type: complete,  
tau: 0.3, 
if_adsorting: False

N: 16, 
r: 298, 
alpha: 0.01, 
shots: None, 
graph_type: complete,  
tau: 0.3, 
if_adsorting: False

N: 16, 
r: 378, 
alpha: 0.01, 
shots: None, 
graph_type: complete,  
tau: 0.3, 
if_adsorting: False

N: 16, 
r: 356, 
alpha: 0.01, 
shots: None, 
graph_type: complete,  
tau: 0.3, 
if_adsorting: False

N: 16, 
r: 320, 
alpha: 0.01, 
shots: None, 
graph_type: complete,  
tau: 0.3, 
if_adsorting: False

N: 16, 
r: 384, 
alpha: 0.01, 
shots: None, 
graph_type: complete,  
tau: 0.3, 
if_adsorting: False

N: 16, 
r: 381, 
alpha: 0.01, 
shots: None, 
graph_type: complete,  
tau: 0.3, 
if_adsorting: False

N: 16, 
r: 382, 
alpha: 0.01, 
shots: None, 
graph_type: complete,  
tau: 0.3, 
if_adsorting: False

N: 16, 
r: 322, 
alpha: 0.01, 
shots: None, 
graph_type: complete,  
tau: 0.3, 
if_adsorting: False

N: 16, 
r: 390, 
alpha: 0.01, 
shots: None, 
graph_type: complete,  
tau: 0.3, 
if_adsorting: False

N: 16, 
r: 386, 
alpha: 0.01, 
shots: None, 
graph_type: complete,  
tau: 0.3, 
if_adsorting: False

N: 16, 
r: 393, 
alpha: 0.01, 
shots: None, 
graph_type: complete,  
tau: 0.3, 
if_adsorting: False

N: 16, 
r: 387, 
alpha: 0.01, 
shots: None, 
graph_type: complete,  
tau: 0.3, 
if_adsorting: False

N: 16, 
r: 391, 
alpha: 0.01, 
shots: None, 
graph_type: complete,  
tau: 0.3, 
if_adsorting: False

N: 16, 
r: 396, 
alpha: 0.01, 
shots: None, 
graph_type: complete,  
tau: 0.3, 
if_adsorting: False

N: 16, 
r: 392, 
alpha: 0.01, 
shots: None, 
graph_type: complete,  
tau: 0.3, 
if_adsorting: False

N: 16, 
r: 379, 
alpha: 0.01, 
shots: None, 
graph_type: complete,  
tau: 0.3, 
if_adsorting: False

N: 16, 
r: 394, 
alpha: 0.01, 
shots: None, 
graph_type: complete,  
tau: 0.3, 
if_adsorting: False

N: 16, 
r: 398, 
alpha: 0.01, 
shots: None, 
graph_type: complete,  
tau: 0.3, 
if_adsorting: False

N: 16, 
r: 395, 
alpha: 0.01, 
shots: None, 
graph_type: complete,  
tau: 0.3, 
if_adsorting: False

N: 16, 
r: 397, 
alpha: 0.01, 
shots: None, 
graph_type: complete,  
tau: 0.3, 
if_adsorting: False

N: 16, 
r: 383, 
alpha: 0.01, 
shots: None, 
graph_type: complete,  
tau: 0.3, 
if_adsorting: False

N: 16, 
r: 399, 
alpha: 0.01, 
shots: None, 
graph_type: complete,  
tau: 0.3, 
if_adsorting: False

N: 16, 
r: 363, 
alpha: 0.01, 
shots: None, 
graph_type: complete,  
tau: 0.3, 
if_adsorting: False

N: 16, 
r: 388, 
alpha: 0.01, 
shots: None, 
graph_type: complete,  
tau: 0.3, 
if_adsorting: False

N: 16, 
r: 377, 
alpha: 0.01, 
shots: None, 
graph_type: complete,  
tau: 0.3, 
if_adsorting: False

N: 16, 
r: 365, 
alpha: 0.01, 
shots: None, 
graph_type: complete,  
tau: 0.3, 
if_adsorting: False

N: 16, 
r: 385, 
alpha: 0.01, 
shots: None, 
graph_type: complete,  
tau: 0.3, 
if_adsorting: False

N: 16, 
r: 349, 
alpha: 0.01, 
shots: None, 
graph_type: complete,  
tau: 0.3, 
if_adsorting: False

N: 16, 
r: 389, 
alpha: 0.01, 
shots: None, 
graph_type: complete,  
tau: 0.3, 
if_adsorting: False
