1 1 1

N: 10, 
r: 88, 
alpha: 0.01, 
shots: None, 
ansatz: structure_like_qubo_YZ_2, 
layer: 1, 
tau: 0.3, 
initialization: warm_start_measure, 
sorting: True, 
absolute: True, 
invert: True

edge columns [[(0, 1), (2, 3), (4, 5), (6, 7), (8, 9)], [(0, 3), (2, 5), (4, 7), (6, 9)], [(1, 3), (0, 5), (2, 7), (4, 9), (6, 8)], [(1, 5), (0, 7), (2, 9), (4, 8)], [(3, 5), (1, 7), (0, 9), (2, 8), (4, 6)], [(3, 7), (1, 9), (0, 8), (2, 6)], [(5, 7), (3, 9), (1, 8), (0, 6), (2, 4)], [(5, 9), (3, 8), (1, 6), (0, 4)], [(7, 9), (5, 8), (3, 6), (1, 4), (0, 2)], [(7, 8), (5, 6), (3, 4), (1, 2)]]


#############################################################################
Coefficients are sorted according to absolut True and invert True

edge columns [[(0, 1)], [(0, 8)], [(0, 5), (6, 9)], [(5, 6), (1, 4), (0, 7)], [(0, 3)], [(0, 6), (2, 7)], [(2, 9), (4, 8)], [(3, 8), (5, 7)], [(5, 8), (3, 4), (6, 7)], [(6, 8), (0, 4), (1, 3)], [(7, 8)], [(1, 8), (5, 9), (3, 6)], [(4, 9)], [(2, 4)], [(4, 5), (3, 9)], [(3, 5), (2, 8), (4, 6)], [(1, 6), (2, 5)], [(1, 9)], [(1, 2), (8, 9)], [(2, 3), (7, 9)], [(4, 7), (0, 9)], [(0, 2), (3, 7), (1, 5)], [(1, 7), (2, 6)]]

~~~~~~~~~~~~~~~~~~~~~~~~~~~~~~~~~~~~~~ ITE

warm start fidelity (-12.5708, 0.0332743135852664)
num params 100
Write sucessfully to ./data_sorting/ansatz_type_structure_like_qubo_YZ_2/shots_None/num_variables_010/params_100_layer_1/alpha_0.01/initial_warm_start_measure/r_88/
1 0 1

N: 10, 
r: 88, 
alpha: 0.01, 
shots: None, 
ansatz: structure_like_qubo_YZ_2, 
layer: 1, 
tau: 0.3, 
initialization: warm_start_measure, 
sorting: True, 
absolute: False, 
invert: True

edge columns [[(0, 1), (2, 3), (4, 5), (6, 7), (8, 9)], [(0, 3), (2, 5), (4, 7), (6, 9)], [(1, 3), (0, 5), (2, 7), (4, 9), (6, 8)], [(1, 5), (0, 7), (2, 9), (4, 8)], [(3, 5), (1, 7), (0, 9), (2, 8), (4, 6)], [(3, 7), (1, 9), (0, 8), (2, 6)], [(5, 7), (3, 9), (1, 8), (0, 6), (2, 4)], [(5, 9), (3, 8), (1, 6), (0, 4)], [(7, 9), (5, 8), (3, 6), (1, 4), (0, 2)], [(7, 8), (5, 6), (3, 4), (1, 2)]]


#############################################################################
Coefficients are sorted according to absolut False and invert True

edge columns [[(0, 1)], [(0, 8), (5, 6)], [(0, 3), (2, 7)], [(2, 9), (5, 7)], [(5, 8), (3, 4)], [(7, 8)], [(1, 8), (3, 6), (4, 9)], [(4, 5)], [(3, 5), (4, 6)], [(2, 5)], [(1, 2), (8, 9)], [(0, 2), (3, 7)], [(2, 6), (1, 7)], [(1, 5), (0, 9), (4, 7)], [(7, 9), (2, 3)], [(1, 9)], [(1, 6), (2, 8), (3, 9)], [(2, 4), (5, 9), (1, 3)], [(0, 4), (6, 8)], [(6, 7), (3, 8)], [(4, 8), (0, 6)], [(0, 7), (1, 4), (6, 9)], [(0, 5)]]

~~~~~~~~~~~~~~~~~~~~~~~~~~~~~~~~~~~~~~ ITE

warm start fidelity (-12.5708, 0.017064736351675346)
num params 100
Write sucessfully to ./data_sorting/ansatz_type_structure_like_qubo_YZ_2/shots_None/num_variables_010/params_100_layer_1/alpha_0.01/initial_warm_start_measure/r_88/
1 1 1

N: 10, 
r: 90, 
alpha: 0.01, 
shots: None, 
ansatz: structure_like_qubo_YZ_2, 
layer: 1, 
tau: 0.3, 
initialization: warm_start_measure, 
sorting: True, 
absolute: True, 
invert: True

edge columns [[(0, 1), (2, 3), (4, 5), (6, 7), (8, 9)], [(0, 3), (2, 5), (4, 7), (6, 9)], [(1, 3), (0, 5), (2, 7), (4, 9), (6, 8)], [(1, 5), (0, 7), (2, 9), (4, 8)], [(3, 5), (1, 7), (0, 9), (2, 8), (4, 6)], [(3, 7), (1, 9), (0, 8), (2, 6)], [(5, 7), (3, 9), (1, 8), (0, 6), (2, 4)], [(5, 9), (3, 8), (1, 6), (0, 4)], [(7, 9), (5, 8), (3, 6), (1, 4), (0, 2)], [(7, 8), (5, 6), (3, 4), (1, 2)]]


#############################################################################
Coefficients are sorted according to absolut True and invert True

edge columns [[(1, 5), (0, 7)], [(1, 8), (2, 4)], [(4, 6), (5, 8)], [(2, 5), (3, 9)], [(3, 8), (6, 7)], [(3, 6), (2, 7), (4, 9), (0, 1)], [(5, 7), (2, 6)], [(0, 6)], [(6, 9), (4, 7), (2, 8)], [(5, 9), (4, 8), (1, 2)], [(7, 9), (1, 3), (0, 2)], [(2, 9), (1, 6)], [(1, 7), (0, 9), (5, 6)], [(0, 8)], [(0, 5), (3, 7)], [(0, 4), (2, 3), (8, 9)], [(3, 5), (1, 9)], [(0, 3), (6, 8), (4, 5)], [(3, 4), (7, 8)], [(1, 4)]]

~~~~~~~~~~~~~~~~~~~~~~~~~~~~~~~~~~~~~~ ITE

warm start fidelity (-12.348400000000003, 0.03721925613975111)
num params 100
Write sucessfully to ./data_sorting/ansatz_type_structure_like_qubo_YZ_2/shots_None/num_variables_010/params_100_layer_1/alpha_0.01/initial_warm_start_measure/r_90/
1 1 1

N: 10, 
r: 91, 
alpha: 0.01, 
shots: None, 
ansatz: structure_like_qubo_YZ_2, 
layer: 1, 
tau: 0.3, 
initialization: warm_start_measure, 
sorting: True, 
absolute: True, 
invert: True

edge columns [[(0, 1), (2, 3), (4, 5), (6, 7), (8, 9)], [(0, 3), (2, 5), (4, 7), (6, 9)], [(1, 3), (0, 5), (2, 7), (4, 9), (6, 8)], [(1, 5), (0, 7), (2, 9), (4, 8)], [(3, 5), (1, 7), (0, 9), (2, 8), (4, 6)], [(3, 7), (1, 9), (0, 8), (2, 6)], [(5, 7), (3, 9), (1, 8), (0, 6), (2, 4)], [(5, 9), (3, 8), (1, 6), (0, 4)], [(7, 9), (5, 8), (3, 6), (1, 4), (0, 2)], [(7, 8), (5, 6), (3, 4), (1, 2)]]


#############################################################################
Coefficients are sorted according to absolut True and invert True

edge columns [[(0, 9), (5, 7)], [(4, 7)], [(1, 7), (0, 5), (2, 4)], [(5, 9)], [(5, 8), (6, 7), (1, 4)], [(4, 5), (0, 3), (6, 9)], [(0, 7), (1, 3)], [(1, 5), (0, 6)], [(3, 5), (0, 1)], [(0, 2), (3, 6), (1, 8)], [(2, 5)], [(2, 7), (0, 8)], [(7, 9)], [(3, 9)], [(4, 9), (1, 6), (7, 8)], [(1, 2), (0, 4), (3, 7)], [(3, 4), (2, 6)], [(4, 6)], [(6, 8), (1, 9)], [(5, 6), (8, 9)], [(3, 8)], [(2, 8)], [(2, 3)], [(2, 9), (4, 8)]]

~~~~~~~~~~~~~~~~~~~~~~~~~~~~~~~~~~~~~~ ITE

warm start fidelity (-17.370100000000008, 0.20150401340322377)
num params 100
Write sucessfully to ./data_sorting/ansatz_type_structure_like_qubo_YZ_2/shots_None/num_variables_010/params_100_layer_1/alpha_0.01/initial_warm_start_measure/r_91/
1 1 0

N: 10, 
r: 91, 
alpha: 0.01, 
shots: None, 
ansatz: structure_like_qubo_YZ_2, 
layer: 1, 
tau: 0.3, 
initialization: warm_start_measure, 
sorting: True, 
absolute: True, 
invert: False

edge columns [[(0, 1), (2, 3), (4, 5), (6, 7), (8, 9)], [(0, 3), (2, 5), (4, 7), (6, 9)], [(1, 3), (0, 5), (2, 7), (4, 9), (6, 8)], [(1, 5), (0, 7), (2, 9), (4, 8)], [(3, 5), (1, 7), (0, 9), (2, 8), (4, 6)], [(3, 7), (1, 9), (0, 8), (2, 6)], [(5, 7), (3, 9), (1, 8), (0, 6), (2, 4)], [(5, 9), (3, 8), (1, 6), (0, 4)], [(7, 9), (5, 8), (3, 6), (1, 4), (0, 2)], [(7, 8), (5, 6), (3, 4), (1, 2)]]


#############################################################################
Coefficients are sorted according to absolut True and invert False

edge columns [[(4, 8), (2, 9)], [(2, 3)], [(2, 8)], [(3, 8)], [(8, 9), (5, 6)], [(1, 9), (6, 8)], [(4, 6)], [(2, 6), (3, 4)], [(3, 7), (0, 4), (1, 2)], [(7, 8), (1, 6), (4, 9)], [(3, 9)], [(7, 9), (0, 8)], [(2, 7)], [(2, 5), (1, 8), (3, 6)], [(0, 2)], [(0, 1), (3, 5)], [(0, 6), (1, 5)], [(1, 3), (0, 7), (6, 9)], [(0, 3), (4, 5)], [(1, 4), (6, 7), (5, 8)], [(5, 9), (2, 4)], [(0, 5), (1, 7)], [(4, 7)], [(5, 7), (0, 9)]]

~~~~~~~~~~~~~~~~~~~~~~~~~~~~~~~~~~~~~~ ITE

warm start fidelity (-17.370100000000008, 0.1107114079508636)
num params 100
Write sucessfully to ./data_sorting/ansatz_type_structure_like_qubo_YZ_2/shots_None/num_variables_010/params_100_layer_1/alpha_0.01/initial_warm_start_measure/r_91/
1 1 0

N: 10, 
r: 90, 
alpha: 0.01, 
shots: None, 
ansatz: structure_like_qubo_YZ_2, 
layer: 1, 
tau: 0.3, 
initialization: warm_start_measure, 
sorting: True, 
absolute: True, 
invert: False

edge columns [[(0, 1), (2, 3), (4, 5), (6, 7), (8, 9)], [(0, 3), (2, 5), (4, 7), (6, 9)], [(1, 3), (0, 5), (2, 7), (4, 9), (6, 8)], [(1, 5), (0, 7), (2, 9), (4, 8)], [(3, 5), (1, 7), (0, 9), (2, 8), (4, 6)], [(3, 7), (1, 9), (0, 8), (2, 6)], [(5, 7), (3, 9), (1, 8), (0, 6), (2, 4)], [(5, 9), (3, 8), (1, 6), (0, 4)], [(7, 9), (5, 8), (3, 6), (1, 4), (0, 2)], [(7, 8), (5, 6), (3, 4), (1, 2)]]


#############################################################################
Coefficients are sorted according to absolut True and invert False

edge columns [[(1, 4), (7, 8)], [(3, 4)], [(4, 5), (6, 8), (0, 3), (1, 9)], [(3, 5), (8, 9)], [(2, 3), (0, 4)], [(3, 7), (0, 5)], [(0, 8), (5, 6)], [(0, 9), (1, 7)], [(1, 6), (2, 9)], [(0, 2), (1, 3), (7, 9)], [(1, 2), (4, 8), (5, 9)], [(2, 8), (4, 7), (6, 9)], [(0, 6)], [(2, 6), (5, 7), (0, 1), (4, 9)], [(2, 7), (3, 6)], [(6, 7), (3, 8)], [(3, 9), (2, 5)], [(5, 8), (4, 6)], [(2, 4), (1, 8), (0, 7)], [(1, 5)]]

~~~~~~~~~~~~~~~~~~~~~~~~~~~~~~~~~~~~~~ ITE

warm start fidelity (-12.348400000000003, 0.039425400594744954)
num params 100
Write sucessfully to ./data_sorting/ansatz_type_structure_like_qubo_YZ_2/shots_None/num_variables_010/params_100_layer_1/alpha_0.01/initial_warm_start_measure/r_90/
1 0 0

N: 10, 
r: 90, 
alpha: 0.01, 
shots: None, 
ansatz: structure_like_qubo_YZ_2, 
layer: 1, 
tau: 0.3, 
initialization: warm_start_measure, 
sorting: True, 
absolute: False, 
invert: False

edge columns [[(0, 1), (2, 3), (4, 5), (6, 7), (8, 9)], [(0, 3), (2, 5), (4, 7), (6, 9)], [(1, 3), (0, 5), (2, 7), (4, 9), (6, 8)], [(1, 5), (0, 7), (2, 9), (4, 8)], [(3, 5), (1, 7), (0, 9), (2, 8), (4, 6)], [(3, 7), (1, 9), (0, 8), (2, 6)], [(5, 7), (3, 9), (1, 8), (0, 6), (2, 4)], [(5, 9), (3, 8), (1, 6), (0, 4)], [(7, 9), (5, 8), (3, 6), (1, 4), (0, 2)], [(7, 8), (5, 6), (3, 4), (1, 2)]]


#############################################################################
Coefficients are sorted according to absolut False and invert False

edge columns [[(1, 5), (0, 7)], [(5, 8)], [(3, 8)], [(3, 6), (2, 7), (4, 9)], [(2, 6)], [(0, 6)], [(6, 9), (1, 2)], [(0, 2), (1, 7), (5, 6)], [(0, 8)], [(0, 5)], [(0, 4), (1, 9)], [(0, 3), (6, 8)], [(7, 8), (1, 4)], [(3, 4)], [(4, 5)], [(3, 5), (8, 9)], [(2, 3)], [(3, 7), (0, 9), (1, 6)], [(2, 9), (1, 3)], [(7, 9), (4, 8)], [(5, 9), (2, 8), (4, 7)], [(5, 7), (0, 1)], [(6, 7), (3, 9), (2, 5)], [(4, 6)], [(2, 4), (1, 8)]]

~~~~~~~~~~~~~~~~~~~~~~~~~~~~~~~~~~~~~~ ITE

warm start fidelity (-12.348400000000003, 0.04962560523680517)
num params 100
Write sucessfully to ./data_sorting/ansatz_type_structure_like_qubo_YZ_2/shots_None/num_variables_010/params_100_layer_1/alpha_0.01/initial_warm_start_measure/r_90/
1 0 1

N: 10, 
r: 91, 
alpha: 0.01, 
shots: None, 
ansatz: structure_like_qubo_YZ_2, 
layer: 1, 
tau: 0.3, 
initialization: warm_start_measure, 
sorting: True, 
absolute: False, 
invert: True

edge columns [[(0, 1), (2, 3), (4, 5), (6, 7), (8, 9)], [(0, 3), (2, 5), (4, 7), (6, 9)], [(1, 3), (0, 5), (2, 7), (4, 9), (6, 8)], [(1, 5), (0, 7), (2, 9), (4, 8)], [(3, 5), (1, 7), (0, 9), (2, 8), (4, 6)], [(3, 7), (1, 9), (0, 8), (2, 6)], [(5, 7), (3, 9), (1, 8), (0, 6), (2, 4)], [(5, 9), (3, 8), (1, 6), (0, 4)], [(7, 9), (5, 8), (3, 6), (1, 4), (0, 2)], [(7, 8), (5, 6), (3, 4), (1, 2)]]


#############################################################################
Coefficients are sorted according to absolut False and invert True

edge columns [[(2, 4), (5, 9)], [(5, 8), (6, 7), (0, 3)], [(6, 9), (1, 3)], [(1, 5), (0, 6)], [(0, 2), (1, 8)], [(2, 5), (4, 9), (1, 6), (7, 8)], [(0, 4)], [(3, 4), (2, 6)], [(4, 6)], [(6, 8)], [(2, 8)], [(2, 9), (4, 8)], [(2, 3)], [(3, 8)], [(8, 9), (5, 6)], [(1, 9), (3, 7)], [(1, 2), (3, 9)], [(7, 9), (0, 8)], [(2, 7), (3, 6), (0, 1)], [(3, 5), (0, 7)], [(4, 5)], [(1, 4), (0, 5)], [(1, 7)], [(4, 7)], [(5, 7), (0, 9)]]

~~~~~~~~~~~~~~~~~~~~~~~~~~~~~~~~~~~~~~ ITE

warm start fidelity (-17.370100000000008, 0.13829456170896698)
num params 100
Write sucessfully to ./data_sorting/ansatz_type_structure_like_qubo_YZ_2/shots_None/num_variables_010/params_100_layer_1/alpha_0.01/initial_warm_start_measure/r_91/
1 1 0

N: 10, 
r: 93, 
alpha: 0.01, 
shots: None, 
ansatz: structure_like_qubo_YZ_2, 
layer: 1, 
tau: 0.3, 
initialization: warm_start_measure, 
sorting: True, 
absolute: True, 
invert: False

edge columns [[(0, 1), (2, 3), (4, 5), (6, 7), (8, 9)], [(0, 3), (2, 5), (4, 7), (6, 9)], [(1, 3), (0, 5), (2, 7), (4, 9), (6, 8)], [(1, 5), (0, 7), (2, 9), (4, 8)], [(3, 5), (1, 7), (0, 9), (2, 8), (4, 6)], [(3, 7), (1, 9), (0, 8), (2, 6)], [(5, 7), (3, 9), (1, 8), (0, 6), (2, 4)], [(5, 9), (3, 8), (1, 6), (0, 4)], [(7, 9), (5, 8), (3, 6), (1, 4), (0, 2)], [(7, 8), (5, 6), (3, 4), (1, 2)]]


#############################################################################
Coefficients are sorted according to absolut True and invert False

edge columns [[(8, 9)], [(1, 8), (5, 9)], [(6, 8), (4, 9), (1, 3)], [(1, 6)], [(6, 7), (1, 9)], [(5, 6)], [(4, 5)], [(5, 7), (3, 9)], [(1, 5), (3, 7)], [(1, 2), (7, 9)], [(0, 9)], [(0, 2), (4, 8)], [(0, 8), (2, 4), (3, 6)], [(3, 8)], [(3, 4), (0, 1)], [(1, 4)], [(4, 6)], [(4, 7), (0, 5)], [(2, 7)], [(7, 8), (2, 3)], [(0, 3), (6, 9), (2, 5)], [(2, 9)], [(2, 8), (0, 6), (3, 5), (1, 7)], [(0, 7), (2, 6)], [(0, 4), (5, 8)]]

~~~~~~~~~~~~~~~~~~~~~~~~~~~~~~~~~~~~~~ ITE

warm start fidelity (-11.107800000000001, 0.050143095327263625)
num params 100
Write sucessfully to ./data_sorting/ansatz_type_structure_like_qubo_YZ_2/shots_None/num_variables_010/params_100_layer_1/alpha_0.01/initial_warm_start_measure/r_93/
1 0 0

N: 10, 
r: 91, 
alpha: 0.01, 
shots: None, 
ansatz: structure_like_qubo_YZ_2, 
layer: 1, 
tau: 0.3, 
initialization: warm_start_measure, 
sorting: True, 
absolute: False, 
invert: False

edge columns [[(0, 1), (2, 3), (4, 5), (6, 7), (8, 9)], [(0, 3), (2, 5), (4, 7), (6, 9)], [(1, 3), (0, 5), (2, 7), (4, 9), (6, 8)], [(1, 5), (0, 7), (2, 9), (4, 8)], [(3, 5), (1, 7), (0, 9), (2, 8), (4, 6)], [(3, 7), (1, 9), (0, 8), (2, 6)], [(5, 7), (3, 9), (1, 8), (0, 6), (2, 4)], [(5, 9), (3, 8), (1, 6), (0, 4)], [(7, 9), (5, 8), (3, 6), (1, 4), (0, 2)], [(7, 8), (5, 6), (3, 4), (1, 2)]]


#############################################################################
Coefficients are sorted according to absolut False and invert False

edge columns [[(0, 9), (5, 7)], [(4, 7)], [(1, 7), (0, 5)], [(1, 4)], [(4, 5), (0, 7)], [(3, 5), (0, 1)], [(3, 6), (2, 7), (0, 8)], [(7, 9)], [(3, 9), (1, 2)], [(3, 7), (1, 9), (5, 6)], [(8, 9)], [(3, 8)], [(2, 3), (4, 8)], [(2, 9)], [(2, 8)], [(6, 8)], [(4, 6)], [(2, 6), (3, 4)], [(0, 4), (7, 8), (1, 6)], [(4, 9), (2, 5), (1, 8)], [(0, 2)], [(0, 6), (1, 5)], [(1, 3), (6, 9)], [(0, 3), (6, 7), (5, 8)], [(5, 9), (2, 4)]]

~~~~~~~~~~~~~~~~~~~~~~~~~~~~~~~~~~~~~~ ITE

warm start fidelity (-17.370100000000008, 0.20649957009202885)
num params 100
Write sucessfully to ./data_sorting/ansatz_type_structure_like_qubo_YZ_2/shots_None/num_variables_010/params_100_layer_1/alpha_0.01/initial_warm_start_measure/r_91/
1 1 1

N: 10, 
r: 92, 
alpha: 0.01, 
shots: None, 
ansatz: structure_like_qubo_YZ_2, 
layer: 1, 
tau: 0.3, 
initialization: warm_start_measure, 
sorting: True, 
absolute: True, 
invert: True

edge columns [[(0, 1), (2, 3), (4, 5), (6, 7), (8, 9)], [(0, 3), (2, 5), (4, 7), (6, 9)], [(1, 3), (0, 5), (2, 7), (4, 9), (6, 8)], [(1, 5), (0, 7), (2, 9), (4, 8)], [(3, 5), (1, 7), (0, 9), (2, 8), (4, 6)], [(3, 7), (1, 9), (0, 8), (2, 6)], [(5, 7), (3, 9), (1, 8), (0, 6), (2, 4)], [(5, 9), (3, 8), (1, 6), (0, 4)], [(7, 9), (5, 8), (3, 6), (1, 4), (0, 2)], [(7, 8), (5, 6), (3, 4), (1, 2)]]


#############################################################################
Coefficients are sorted according to absolut True and invert True

edge columns [[(4, 9)], [(4, 5), (1, 3)], [(5, 7), (6, 9)], [(3, 5), (8, 9), (1, 6)], [(6, 8), (1, 5), (3, 7)], [(0, 1)], [(1, 2)], [(1, 9), (0, 7), (2, 5)], [(2, 6), (1, 7), (0, 9)], [(2, 7), (0, 8), (3, 4)], [(4, 8)], [(1, 8), (0, 4)], [(4, 7)], [(6, 7)], [(7, 8)], [(5, 8), (0, 3), (2, 4)], [(4, 6), (2, 8), (0, 5), (3, 9)], [(7, 9), (3, 8), (1, 4)], [(2, 9)], [(5, 9), (2, 3)], [(5, 6)], [(3, 6)], [(0, 6)], [(0, 2)]]

~~~~~~~~~~~~~~~~~~~~~~~~~~~~~~~~~~~~~~ ITE

warm start fidelity (-12.999999999999998, 0.04518335598503897)
num params 100
Write sucessfully to ./data_sorting/ansatz_type_structure_like_qubo_YZ_2/shots_None/num_variables_010/params_100_layer_1/alpha_0.01/initial_warm_start_measure/r_92/
1 0 1

N: 10, 
r: 90, 
alpha: 0.01, 
shots: None, 
ansatz: structure_like_qubo_YZ_2, 
layer: 1, 
tau: 0.3, 
initialization: warm_start_measure, 
sorting: True, 
absolute: False, 
invert: True

edge columns [[(0, 1), (2, 3), (4, 5), (6, 7), (8, 9)], [(0, 3), (2, 5), (4, 7), (6, 9)], [(1, 3), (0, 5), (2, 7), (4, 9), (6, 8)], [(1, 5), (0, 7), (2, 9), (4, 8)], [(3, 5), (1, 7), (0, 9), (2, 8), (4, 6)], [(3, 7), (1, 9), (0, 8), (2, 6)], [(5, 7), (3, 9), (1, 8), (0, 6), (2, 4)], [(5, 9), (3, 8), (1, 6), (0, 4)], [(7, 9), (5, 8), (3, 6), (1, 4), (0, 2)], [(7, 8), (5, 6), (3, 4), (1, 2)]]


#############################################################################
Coefficients are sorted according to absolut False and invert True

edge columns [[(1, 8), (2, 4)], [(4, 6), (2, 5), (3, 9)], [(6, 7), (0, 1)], [(5, 7)], [(4, 7), (2, 8), (5, 9)], [(4, 8), (7, 9), (1, 3)], [(2, 9), (1, 6)], [(0, 9), (3, 7)], [(2, 3), (8, 9)], [(3, 5)], [(4, 5)], [(3, 4)], [(1, 4), (7, 8)], [(6, 8), (0, 3), (1, 9)], [(0, 4)], [(0, 5)], [(0, 8), (5, 6), (1, 7)], [(0, 2)], [(1, 2), (6, 9)], [(0, 6)], [(2, 6), (4, 9)], [(2, 7), (3, 6)], [(3, 8)], [(5, 8), (0, 7)], [(1, 5)]]

~~~~~~~~~~~~~~~~~~~~~~~~~~~~~~~~~~~~~~ ITE

warm start fidelity (-12.348400000000003, 0.03751958880914396)
num params 100
Write sucessfully to ./data_sorting/ansatz_type_structure_like_qubo_YZ_2/shots_None/num_variables_010/params_100_layer_1/alpha_0.01/initial_warm_start_measure/r_90/
1 0 1

N: 10, 
r: 92, 
alpha: 0.01, 
shots: None, 
ansatz: structure_like_qubo_YZ_2, 
layer: 1, 
tau: 0.3, 
initialization: warm_start_measure, 
sorting: True, 
absolute: False, 
invert: True

edge columns [[(0, 1), (2, 3), (4, 5), (6, 7), (8, 9)], [(0, 3), (2, 5), (4, 7), (6, 9)], [(1, 3), (0, 5), (2, 7), (4, 9), (6, 8)], [(1, 5), (0, 7), (2, 9), (4, 8)], [(3, 5), (1, 7), (0, 9), (2, 8), (4, 6)], [(3, 7), (1, 9), (0, 8), (2, 6)], [(5, 7), (3, 9), (1, 8), (0, 6), (2, 4)], [(5, 9), (3, 8), (1, 6), (0, 4)], [(7, 9), (5, 8), (3, 6), (1, 4), (0, 2)], [(7, 8), (5, 6), (3, 4), (1, 2)]]


#############################################################################
Coefficients are sorted according to absolut False and invert True

edge columns [[(1, 3), (6, 9)], [(3, 5), (8, 9)], [(1, 5), (3, 7)], [(0, 1)], [(1, 9), (2, 5)], [(1, 7), (0, 9)], [(2, 7), (0, 8)], [(1, 8), (0, 4), (6, 7)], [(7, 8)], [(5, 8)], [(2, 8), (7, 9), (1, 4)], [(2, 9), (3, 6)], [(0, 2)], [(0, 6)], [(5, 6), (2, 3)], [(5, 9), (3, 8)], [(3, 9), (0, 5), (4, 6)], [(2, 4), (0, 3)], [(4, 7)], [(4, 8)], [(3, 4), (2, 6), (0, 7)], [(1, 2), (6, 8)], [(1, 6), (5, 7)], [(4, 5)], [(4, 9)]]

~~~~~~~~~~~~~~~~~~~~~~~~~~~~~~~~~~~~~~ ITE

warm start fidelity (-12.999999999999998, 0.024580135321129865)
num params 100
Write sucessfully to ./data_sorting/ansatz_type_structure_like_qubo_YZ_2/shots_None/num_variables_010/params_100_layer_1/alpha_0.01/initial_warm_start_measure/r_92/
1 1 1

N: 10, 
r: 93, 
alpha: 0.01, 
shots: None, 
ansatz: structure_like_qubo_YZ_2, 
layer: 1, 
tau: 0.3, 
initialization: warm_start_measure, 
sorting: True, 
absolute: True, 
invert: True

edge columns [[(0, 1), (2, 3), (4, 5), (6, 7), (8, 9)], [(0, 3), (2, 5), (4, 7), (6, 9)], [(1, 3), (0, 5), (2, 7), (4, 9), (6, 8)], [(1, 5), (0, 7), (2, 9), (4, 8)], [(3, 5), (1, 7), (0, 9), (2, 8), (4, 6)], [(3, 7), (1, 9), (0, 8), (2, 6)], [(5, 7), (3, 9), (1, 8), (0, 6), (2, 4)], [(5, 9), (3, 8), (1, 6), (0, 4)], [(7, 9), (5, 8), (3, 6), (1, 4), (0, 2)], [(7, 8), (5, 6), (3, 4), (1, 2)]]


#############################################################################
Coefficients are sorted according to absolut True and invert True

edge columns [[(5, 8), (0, 4), (2, 6)], [(0, 7)], [(1, 7), (3, 5), (0, 6), (2, 8)], [(2, 9)], [(2, 5), (6, 9), (0, 3)], [(2, 3), (7, 8)], [(2, 7), (0, 5)], [(4, 7)], [(4, 6)], [(1, 4)], [(0, 1), (3, 4)], [(3, 8)], [(3, 6), (2, 4), (0, 8)], [(4, 8), (0, 2)], [(0, 9)], [(7, 9), (1, 2)], [(3, 7), (1, 5)], [(3, 9), (5, 7)], [(4, 5)], [(5, 6), (1, 9)], [(6, 7)], [(1, 6)], [(1, 3), (4, 9), (6, 8)], [(5, 9), (1, 8)], [(8, 9)]]

~~~~~~~~~~~~~~~~~~~~~~~~~~~~~~~~~~~~~~ ITE

warm start fidelity (-11.107800000000001, 0.021330140872675697)
num params 100
Write sucessfully to ./data_sorting/ansatz_type_structure_like_qubo_YZ_2/shots_None/num_variables_010/params_100_layer_1/alpha_0.01/initial_warm_start_measure/r_93/
1 1 0

N: 10, 
r: 92, 
alpha: 0.01, 
shots: None, 
ansatz: structure_like_qubo_YZ_2, 
layer: 1, 
tau: 0.3, 
initialization: warm_start_measure, 
sorting: True, 
absolute: True, 
invert: False

edge columns [[(0, 1), (2, 3), (4, 5), (6, 7), (8, 9)], [(0, 3), (2, 5), (4, 7), (6, 9)], [(1, 3), (0, 5), (2, 7), (4, 9), (6, 8)], [(1, 5), (0, 7), (2, 9), (4, 8)], [(3, 5), (1, 7), (0, 9), (2, 8), (4, 6)], [(3, 7), (1, 9), (0, 8), (2, 6)], [(5, 7), (3, 9), (1, 8), (0, 6), (2, 4)], [(5, 9), (3, 8), (1, 6), (0, 4)], [(7, 9), (5, 8), (3, 6), (1, 4), (0, 2)], [(7, 8), (5, 6), (3, 4), (1, 2)]]


#############################################################################
Coefficients are sorted according to absolut True and invert False

edge columns [[(0, 2)], [(0, 6)], [(3, 6)], [(5, 6), (2, 3)], [(5, 9)], [(2, 9), (1, 4), (3, 8)], [(7, 9)], [(3, 9), (0, 5), (2, 8), (4, 6)], [(2, 4), (0, 3), (5, 8)], [(7, 8)], [(6, 7)], [(4, 7)], [(0, 4), (1, 8)], [(4, 8)], [(3, 4), (0, 8), (2, 7)], [(0, 9), (1, 7), (2, 6)], [(2, 5), (0, 7), (1, 9)], [(1, 2)], [(0, 1), (3, 7)], [(1, 5), (6, 8)], [(1, 6), (8, 9), (3, 5)], [(6, 9), (5, 7), (1, 3)], [(4, 5)], [(4, 9)]]

~~~~~~~~~~~~~~~~~~~~~~~~~~~~~~~~~~~~~~ ITE

warm start fidelity (-12.999999999999998, 0.03359615306605053)
num params 100
Write sucessfully to ./data_sorting/ansatz_type_structure_like_qubo_YZ_2/shots_None/num_variables_010/params_100_layer_1/alpha_0.01/initial_warm_start_measure/r_92/
1 0 0

N: 10, 
r: 93, 
alpha: 0.01, 
shots: None, 
ansatz: structure_like_qubo_YZ_2, 
layer: 1, 
tau: 0.3, 
initialization: warm_start_measure, 
sorting: True, 
absolute: False, 
invert: False

edge columns [[(0, 1), (2, 3), (4, 5), (6, 7), (8, 9)], [(0, 3), (2, 5), (4, 7), (6, 9)], [(1, 3), (0, 5), (2, 7), (4, 9), (6, 8)], [(1, 5), (0, 7), (2, 9), (4, 8)], [(3, 5), (1, 7), (0, 9), (2, 8), (4, 6)], [(3, 7), (1, 9), (0, 8), (2, 6)], [(5, 7), (3, 9), (1, 8), (0, 6), (2, 4)], [(5, 9), (3, 8), (1, 6), (0, 4)], [(7, 9), (5, 8), (3, 6), (1, 4), (0, 2)], [(7, 8), (5, 6), (3, 4), (1, 2)]]


#############################################################################
Coefficients are sorted according to absolut False and invert False

edge columns [[(5, 8), (0, 4)], [(0, 7), (3, 5), (2, 9)], [(6, 9), (0, 3), (7, 8)], [(0, 5), (4, 6)], [(1, 4)], [(0, 1)], [(0, 2), (7, 9)], [(1, 2)], [(1, 5), (3, 9)], [(4, 5)], [(5, 6), (1, 9)], [(1, 3), (4, 9), (6, 8)], [(5, 9), (1, 8)], [(8, 9), (1, 6)], [(6, 7)], [(5, 7)], [(3, 7), (0, 9), (4, 8)], [(0, 8), (2, 4), (3, 6)], [(3, 8)], [(3, 4)], [(4, 7)], [(2, 7)], [(2, 3)], [(2, 5)], [(2, 8), (0, 6), (1, 7)], [(2, 6)]]

~~~~~~~~~~~~~~~~~~~~~~~~~~~~~~~~~~~~~~ ITE

warm start fidelity (-11.107800000000001, 0.022885847230181913)
num params 100
Write sucessfully to ./data_sorting/ansatz_type_structure_like_qubo_YZ_2/shots_None/num_variables_010/params_100_layer_1/alpha_0.01/initial_warm_start_measure/r_93/
1 0 0

N: 10, 
r: 92, 
alpha: 0.01, 
shots: None, 
ansatz: structure_like_qubo_YZ_2, 
layer: 1, 
tau: 0.3, 
initialization: warm_start_measure, 
sorting: True, 
absolute: False, 
invert: False

edge columns [[(0, 1), (2, 3), (4, 5), (6, 7), (8, 9)], [(0, 3), (2, 5), (4, 7), (6, 9)], [(1, 3), (0, 5), (2, 7), (4, 9), (6, 8)], [(1, 5), (0, 7), (2, 9), (4, 8)], [(3, 5), (1, 7), (0, 9), (2, 8), (4, 6)], [(3, 7), (1, 9), (0, 8), (2, 6)], [(5, 7), (3, 9), (1, 8), (0, 6), (2, 4)], [(5, 9), (3, 8), (1, 6), (0, 4)], [(7, 9), (5, 8), (3, 6), (1, 4), (0, 2)], [(7, 8), (5, 6), (3, 4), (1, 2)]]


#############################################################################
Coefficients are sorted according to absolut False and invert False

edge columns [[(4, 9)], [(4, 5)], [(5, 7), (1, 6)], [(6, 8), (1, 2), (0, 7)], [(2, 6), (3, 4)], [(4, 8)], [(4, 7), (0, 3)], [(2, 4)], [(4, 6), (0, 5), (3, 9)], [(3, 8), (5, 9)], [(2, 3), (5, 6)], [(0, 6)], [(0, 2), (3, 6)], [(2, 9), (1, 4)], [(7, 9), (2, 8)], [(5, 8)], [(7, 8)], [(6, 7), (0, 4), (1, 8)], [(0, 8), (2, 7)], [(0, 9), (1, 7), (2, 5)], [(1, 9)], [(0, 1), (3, 7)], [(1, 5), (8, 9)], [(3, 5), (6, 9)], [(1, 3)]]

~~~~~~~~~~~~~~~~~~~~~~~~~~~~~~~~~~~~~~ ITE

warm start fidelity (-12.999999999999998, 0.053940936611385555)
num params 100
Write sucessfully to ./data_sorting/ansatz_type_structure_like_qubo_YZ_2/shots_None/num_variables_010/params_100_layer_1/alpha_0.01/initial_warm_start_measure/r_92/
1 0 1

N: 10, 
r: 93, 
alpha: 0.01, 
shots: None, 
ansatz: structure_like_qubo_YZ_2, 
layer: 1, 
tau: 0.3, 
initialization: warm_start_measure, 
sorting: True, 
absolute: False, 
invert: True

edge columns [[(0, 1), (2, 3), (4, 5), (6, 7), (8, 9)], [(0, 3), (2, 5), (4, 7), (6, 9)], [(1, 3), (0, 5), (2, 7), (4, 9), (6, 8)], [(1, 5), (0, 7), (2, 9), (4, 8)], [(3, 5), (1, 7), (0, 9), (2, 8), (4, 6)], [(3, 7), (1, 9), (0, 8), (2, 6)], [(5, 7), (3, 9), (1, 8), (0, 6), (2, 4)], [(5, 9), (3, 8), (1, 6), (0, 4)], [(7, 9), (5, 8), (3, 6), (1, 4), (0, 2)], [(7, 8), (5, 6), (3, 4), (1, 2)]]


#############################################################################
Coefficients are sorted according to absolut False and invert True

edge columns [[(2, 6), (1, 7)], [(0, 6), (2, 8)], [(2, 5)], [(2, 3)], [(2, 7)], [(4, 7)], [(3, 4)], [(3, 8)], [(3, 6), (2, 4), (0, 8)], [(4, 8), (0, 9), (3, 7)], [(5, 7)], [(6, 7)], [(1, 6), (8, 9)], [(1, 8), (5, 9)], [(6, 8), (4, 9), (1, 3)], [(1, 9), (5, 6)], [(4, 5), (3, 9)], [(1, 5)], [(1, 2), (7, 9)], [(0, 2)], [(0, 1)], [(1, 4)], [(4, 6), (0, 5), (7, 8)], [(0, 3), (6, 9)], [(2, 9), (3, 5), (0, 7)], [(0, 4), (5, 8)]]

~~~~~~~~~~~~~~~~~~~~~~~~~~~~~~~~~~~~~~ ITE

warm start fidelity (-11.107800000000001, 0.030146331387230125)
num params 100
Write sucessfully to ./data_sorting/ansatz_type_structure_like_qubo_YZ_2/shots_None/num_variables_010/params_100_layer_1/alpha_0.01/initial_warm_start_measure/r_93/
1 0 0

N: 10, 
r: 94, 
alpha: 0.01, 
shots: None, 
ansatz: structure_like_qubo_YZ_2, 
layer: 1, 
tau: 0.3, 
initialization: warm_start_measure, 
sorting: True, 
absolute: False, 
invert: False

edge columns [[(0, 1), (2, 3), (4, 5), (6, 7), (8, 9)], [(0, 3), (2, 5), (4, 7), (6, 9)], [(1, 3), (0, 5), (2, 7), (4, 9), (6, 8)], [(1, 5), (0, 7), (2, 9), (4, 8)], [(3, 5), (1, 7), (0, 9), (2, 8), (4, 6)], [(3, 7), (1, 9), (0, 8), (2, 6)], [(5, 7), (3, 9), (1, 8), (0, 6), (2, 4)], [(5, 9), (3, 8), (1, 6), (0, 4)], [(7, 9), (5, 8), (3, 6), (1, 4), (0, 2)], [(7, 8), (5, 6), (3, 4), (1, 2)]]


#############################################################################
Coefficients are sorted according to absolut False and invert False

edge columns [[(3, 8), (5, 9), (0, 7)], [(0, 4)], [(0, 8), (2, 9)], [(2, 4), (3, 5)], [(3, 9), (1, 5)], [(3, 7)], [(5, 7)], [(5, 6)], [(1, 6)], [(1, 4)], [(3, 4), (6, 9), (7, 8)], [(1, 8), (4, 9)], [(0, 1), (2, 5)], [(4, 5)], [(4, 7)], [(2, 7)], [(2, 8)], [(1, 2), (4, 6), (5, 8)], [(2, 6)], [(2, 3), (8, 9)], [(1, 9)], [(0, 9)], [(0, 3), (1, 7)], [(0, 2), (4, 8)], [(0, 6)], [(6, 8)], [(3, 6)], [(6, 7)], [(7, 9), (0, 5), (1, 3)]]

~~~~~~~~~~~~~~~~~~~~~~~~~~~~~~~~~~~~~~ ITE

warm start fidelity (-14.111500000000003, 0.0371393696368175)
num params 100
Write sucessfully to ./data_sorting/ansatz_type_structure_like_qubo_YZ_2/shots_None/num_variables_010/params_100_layer_1/alpha_0.01/initial_warm_start_measure/r_94/
1 1 1

N: 10, 
r: 94, 
alpha: 0.01, 
shots: None, 
ansatz: structure_like_qubo_YZ_2, 
layer: 1, 
tau: 0.3, 
initialization: warm_start_measure, 
sorting: True, 
absolute: True, 
invert: True

edge columns [[(0, 1), (2, 3), (4, 5), (6, 7), (8, 9)], [(0, 3), (2, 5), (4, 7), (6, 9)], [(1, 3), (0, 5), (2, 7), (4, 9), (6, 8)], [(1, 5), (0, 7), (2, 9), (4, 8)], [(3, 5), (1, 7), (0, 9), (2, 8), (4, 6)], [(3, 7), (1, 9), (0, 8), (2, 6)], [(5, 7), (3, 9), (1, 8), (0, 6), (2, 4)], [(5, 9), (3, 8), (1, 6), (0, 4)], [(7, 9), (5, 8), (3, 6), (1, 4), (0, 2)], [(7, 8), (5, 6), (3, 4), (1, 2)]]


#############################################################################
Coefficients are sorted according to absolut True and invert True

edge columns [[(3, 8)], [(1, 3), (0, 5)], [(5, 9)], [(7, 9)], [(6, 7)], [(3, 6)], [(6, 8), (0, 7)], [(0, 6)], [(0, 4)], [(4, 8)], [(0, 8)], [(0, 2), (1, 7)], [(2, 9), (0, 3)], [(0, 9)], [(1, 9), (2, 4), (3, 5)], [(3, 9), (1, 5)], [(8, 9), (2, 3)], [(2, 6), (5, 8), (3, 7)], [(4, 6), (1, 2)], [(2, 8), (5, 7)], [(5, 6)], [(1, 6)], [(1, 4), (2, 7)], [(3, 4), (6, 9), (7, 8)], [(4, 7)], [(4, 5), (1, 8)], [(2, 5), (4, 9), (0, 1)]]

~~~~~~~~~~~~~~~~~~~~~~~~~~~~~~~~~~~~~~ ITE

warm start fidelity (-14.111500000000003, 0.051555273566908144)
num params 100
Write sucessfully to ./data_sorting/ansatz_type_structure_like_qubo_YZ_2/shots_None/num_variables_010/params_100_layer_1/alpha_0.01/initial_warm_start_measure/r_94/
1 1 0

N: 10, 
r: 94, 
alpha: 0.01, 
shots: None, 
ansatz: structure_like_qubo_YZ_2, 
layer: 1, 
tau: 0.3, 
initialization: warm_start_measure, 
sorting: True, 
absolute: True, 
invert: False

edge columns [[(0, 1), (2, 3), (4, 5), (6, 7), (8, 9)], [(0, 3), (2, 5), (4, 7), (6, 9)], [(1, 3), (0, 5), (2, 7), (4, 9), (6, 8)], [(1, 5), (0, 7), (2, 9), (4, 8)], [(3, 5), (1, 7), (0, 9), (2, 8), (4, 6)], [(3, 7), (1, 9), (0, 8), (2, 6)], [(5, 7), (3, 9), (1, 8), (0, 6), (2, 4)], [(5, 9), (3, 8), (1, 6), (0, 4)], [(7, 9), (5, 8), (3, 6), (1, 4), (0, 2)], [(7, 8), (5, 6), (3, 4), (1, 2)]]


#############################################################################
Coefficients are sorted according to absolut True and invert False

edge columns [[(0, 1), (4, 9), (2, 5)], [(1, 8), (4, 5)], [(4, 7)], [(7, 8), (6, 9), (3, 4)], [(2, 7), (1, 4)], [(1, 6)], [(5, 6)], [(5, 7), (2, 8)], [(1, 2), (4, 6), (3, 7)], [(2, 6), (5, 8)], [(2, 3), (8, 9), (1, 5)], [(3, 9)], [(3, 5), (2, 4), (1, 9)], [(0, 9)], [(0, 3), (2, 9), (1, 7)], [(0, 2)], [(0, 8)], [(4, 8)], [(0, 4)], [(0, 6)], [(0, 7), (6, 8)], [(3, 6)], [(6, 7)], [(7, 9)], [(5, 9)], [(0, 5), (1, 3)], [(3, 8)]]

~~~~~~~~~~~~~~~~~~~~~~~~~~~~~~~~~~~~~~ ITE

warm start fidelity (-14.111500000000003, 0.03800105091450863)
num params 100
Write sucessfully to ./data_sorting/ansatz_type_structure_like_qubo_YZ_2/shots_None/num_variables_010/params_100_layer_1/alpha_0.01/initial_warm_start_measure/r_94/
1 1 1

N: 10, 
r: 95, 
alpha: 0.01, 
shots: None, 
ansatz: structure_like_qubo_YZ_2, 
layer: 1, 
tau: 0.3, 
initialization: warm_start_measure, 
sorting: True, 
absolute: True, 
invert: True

edge columns [[(0, 1), (2, 3), (4, 5), (6, 7), (8, 9)], [(0, 3), (2, 5), (4, 7), (6, 9)], [(1, 3), (0, 5), (2, 7), (4, 9), (6, 8)], [(1, 5), (0, 7), (2, 9), (4, 8)], [(3, 5), (1, 7), (0, 9), (2, 8), (4, 6)], [(3, 7), (1, 9), (0, 8), (2, 6)], [(5, 7), (3, 9), (1, 8), (0, 6), (2, 4)], [(5, 9), (3, 8), (1, 6), (0, 4)], [(7, 9), (5, 8), (3, 6), (1, 4), (0, 2)], [(7, 8), (5, 6), (3, 4), (1, 2)]]


#############################################################################
Coefficients are sorted according to absolut True and invert True

edge columns [[(2, 4), (0, 3), (5, 9)], [(2, 6)], [(0, 2), (1, 9)], [(2, 7), (0, 9)], [(5, 7), (3, 4)], [(3, 6), (1, 4), (7, 8), (0, 5)], [(4, 6)], [(6, 7), (1, 5), (0, 8)], [(1, 6), (2, 9)], [(4, 9), (3, 8)], [(4, 5), (1, 7)], [(3, 7), (0, 4), (2, 5)], [(3, 9)], [(8, 9), (2, 3)], [(5, 8)], [(4, 8), (0, 1)], [(4, 7), (2, 8), (1, 3), (5, 6)], [(6, 8)], [(0, 6)], [(0, 7), (6, 9), (1, 2)], [(7, 9), (1, 8), (3, 5)]]

~~~~~~~~~~~~~~~~~~~~~~~~~~~~~~~~~~~~~~ ITE

warm start fidelity (-12.1191, 0.07538755156206722)
num params 100
Write sucessfully to ./data_sorting/ansatz_type_structure_like_qubo_YZ_2/shots_None/num_variables_010/params_100_layer_1/alpha_0.01/initial_warm_start_measure/r_95/
1 1 1

N: 10, 
r: 96, 
alpha: 0.01, 
shots: None, 
ansatz: structure_like_qubo_YZ_2, 
layer: 1, 
tau: 0.3, 
initialization: warm_start_measure, 
sorting: True, 
absolute: True, 
invert: True

edge columns [[(0, 1), (2, 3), (4, 5), (6, 7), (8, 9)], [(0, 3), (2, 5), (4, 7), (6, 9)], [(1, 3), (0, 5), (2, 7), (4, 9), (6, 8)], [(1, 5), (0, 7), (2, 9), (4, 8)], [(3, 5), (1, 7), (0, 9), (2, 8), (4, 6)], [(3, 7), (1, 9), (0, 8), (2, 6)], [(5, 7), (3, 9), (1, 8), (0, 6), (2, 4)], [(5, 9), (3, 8), (1, 6), (0, 4)], [(7, 9), (5, 8), (3, 6), (1, 4), (0, 2)], [(7, 8), (5, 6), (3, 4), (1, 2)]]


#############################################################################
Coefficients are sorted according to absolut True and invert True

edge columns [[(6, 9)], [(3, 9)], [(2, 9), (3, 7)], [(2, 3), (7, 8)], [(1, 3), (0, 2)], [(3, 6), (8, 9)], [(6, 8)], [(0, 8), (2, 7)], [(2, 5)], [(1, 5), (2, 4)], [(1, 9), (5, 6)], [(5, 8)], [(3, 8)], [(3, 5), (6, 7), (4, 9)], [(4, 8), (0, 1)], [(3, 4)], [(4, 7), (2, 6)], [(0, 6)], [(1, 6), (0, 5)], [(0, 3), (2, 8), (1, 7), (4, 6)], [(1, 8), (0, 7)], [(0, 4), (5, 9)], [(4, 5)], [(5, 7), (0, 9), (1, 2)], [(1, 4), (7, 9)]]

~~~~~~~~~~~~~~~~~~~~~~~~~~~~~~~~~~~~~~ ITE

warm start fidelity (-12.550600000000001, 0.06647136870510353)
num params 100
Write sucessfully to ./data_sorting/ansatz_type_structure_like_qubo_YZ_2/shots_None/num_variables_010/params_100_layer_1/alpha_0.01/initial_warm_start_measure/r_96/
1 0 1

N: 10, 
r: 94, 
alpha: 0.01, 
shots: None, 
ansatz: structure_like_qubo_YZ_2, 
layer: 1, 
tau: 0.3, 
initialization: warm_start_measure, 
sorting: True, 
absolute: False, 
invert: True

edge columns [[(0, 1), (2, 3), (4, 5), (6, 7), (8, 9)], [(0, 3), (2, 5), (4, 7), (6, 9)], [(1, 3), (0, 5), (2, 7), (4, 9), (6, 8)], [(1, 5), (0, 7), (2, 9), (4, 8)], [(3, 5), (1, 7), (0, 9), (2, 8), (4, 6)], [(3, 7), (1, 9), (0, 8), (2, 6)], [(5, 7), (3, 9), (1, 8), (0, 6), (2, 4)], [(5, 9), (3, 8), (1, 6), (0, 4)], [(7, 9), (5, 8), (3, 6), (1, 4), (0, 2)], [(7, 8), (5, 6), (3, 4), (1, 2)]]


#############################################################################
Coefficients are sorted according to absolut False and invert True

edge columns [[(1, 3), (0, 5), (7, 9)], [(6, 7)], [(3, 6)], [(6, 8)], [(0, 6), (4, 8)], [(0, 2), (1, 7)], [(0, 3)], [(0, 9)], [(1, 9)], [(8, 9), (2, 3)], [(2, 6), (5, 8)], [(4, 6), (1, 2)], [(2, 8)], [(2, 7)], [(4, 7)], [(4, 5)], [(2, 5), (0, 1), (4, 9)], [(1, 8)], [(7, 8), (6, 9), (3, 4)], [(1, 4)], [(1, 6)], [(5, 6)], [(5, 7)], [(3, 7), (1, 5)], [(3, 9)], [(3, 5), (2, 4)], [(2, 9), (0, 8)], [(0, 4)], [(0, 7), (5, 9), (3, 8)]]

~~~~~~~~~~~~~~~~~~~~~~~~~~~~~~~~~~~~~~ ITE

warm start fidelity (-14.111500000000003, 0.04753756825218366)
num params 100
Write sucessfully to ./data_sorting/ansatz_type_structure_like_qubo_YZ_2/shots_None/num_variables_010/params_100_layer_1/alpha_0.01/initial_warm_start_measure/r_94/
1 1 0

N: 10, 
r: 95, 
alpha: 0.01, 
shots: None, 
ansatz: structure_like_qubo_YZ_2, 
layer: 1, 
tau: 0.3, 
initialization: warm_start_measure, 
sorting: True, 
absolute: True, 
invert: False

edge columns [[(0, 1), (2, 3), (4, 5), (6, 7), (8, 9)], [(0, 3), (2, 5), (4, 7), (6, 9)], [(1, 3), (0, 5), (2, 7), (4, 9), (6, 8)], [(1, 5), (0, 7), (2, 9), (4, 8)], [(3, 5), (1, 7), (0, 9), (2, 8), (4, 6)], [(3, 7), (1, 9), (0, 8), (2, 6)], [(5, 7), (3, 9), (1, 8), (0, 6), (2, 4)], [(5, 9), (3, 8), (1, 6), (0, 4)], [(7, 9), (5, 8), (3, 6), (1, 4), (0, 2)], [(7, 8), (5, 6), (3, 4), (1, 2)]]


#############################################################################
Coefficients are sorted according to absolut True and invert False

edge columns [[(3, 5), (1, 8), (7, 9)], [(1, 2), (6, 9), (0, 7)], [(0, 6)], [(6, 8)], [(5, 6), (1, 3), (2, 8), (4, 7)], [(0, 1), (4, 8)], [(5, 8), (2, 3)], [(8, 9)], [(3, 9), (2, 5), (0, 4)], [(3, 7)], [(1, 7), (4, 5), (3, 8)], [(4, 9)], [(2, 9), (1, 6), (0, 8)], [(1, 5), (6, 7)], [(4, 6), (0, 5), (7, 8)], [(1, 4), (3, 6)], [(3, 4), (5, 7), (0, 9)], [(2, 7), (1, 9)], [(0, 2)], [(2, 6), (5, 9), (0, 3)], [(2, 4)]]

~~~~~~~~~~~~~~~~~~~~~~~~~~~~~~~~~~~~~~ ITE

warm start fidelity (-12.1191, 0.04899783165579541)
num params 100
Write sucessfully to ./data_sorting/ansatz_type_structure_like_qubo_YZ_2/shots_None/num_variables_010/params_100_layer_1/alpha_0.01/initial_warm_start_measure/r_95/
1 0 1

N: 10, 
r: 95, 
alpha: 0.01, 
shots: None, 
ansatz: structure_like_qubo_YZ_2, 
layer: 1, 
tau: 0.3, 
initialization: warm_start_measure, 
sorting: True, 
absolute: False, 
invert: True

edge columns [[(0, 1), (2, 3), (4, 5), (6, 7), (8, 9)], [(0, 3), (2, 5), (4, 7), (6, 9)], [(1, 3), (0, 5), (2, 7), (4, 9), (6, 8)], [(1, 5), (0, 7), (2, 9), (4, 8)], [(3, 5), (1, 7), (0, 9), (2, 8), (4, 6)], [(3, 7), (1, 9), (0, 8), (2, 6)], [(5, 7), (3, 9), (1, 8), (0, 6), (2, 4)], [(5, 9), (3, 8), (1, 6), (0, 4)], [(7, 9), (5, 8), (3, 6), (1, 4), (0, 2)], [(7, 8), (5, 6), (3, 4), (1, 2)]]


#############################################################################
Coefficients are sorted according to absolut False and invert True

edge columns [[(2, 6)], [(0, 2), (1, 9)], [(2, 7), (1, 4)], [(6, 7), (4, 9), (3, 8)], [(1, 7), (2, 5), (3, 9)], [(2, 3), (4, 8)], [(4, 7), (6, 8)], [(6, 9)], [(7, 9), (3, 5), (1, 8)], [(1, 2), (0, 7)], [(0, 6)], [(5, 6), (1, 3), (2, 8)], [(0, 1), (5, 8)], [(8, 9), (0, 4), (3, 7)], [(4, 5), (2, 9), (1, 6), (0, 8)], [(1, 5), (4, 6)], [(0, 5), (7, 8), (3, 6)], [(3, 4), (5, 7), (0, 9)], [(5, 9), (0, 3), (2, 4)]]

~~~~~~~~~~~~~~~~~~~~~~~~~~~~~~~~~~~~~~ ITE

warm start fidelity (-12.1191, 0.08358296964516228)
num params 100
Write sucessfully to ./data_sorting/ansatz_type_structure_like_qubo_YZ_2/shots_None/num_variables_010/params_100_layer_1/alpha_0.01/initial_warm_start_measure/r_95/
1 1 0

N: 10, 
r: 96, 
alpha: 0.01, 
shots: None, 
ansatz: structure_like_qubo_YZ_2, 
layer: 1, 
tau: 0.3, 
initialization: warm_start_measure, 
sorting: True, 
absolute: True, 
invert: False

edge columns [[(0, 1), (2, 3), (4, 5), (6, 7), (8, 9)], [(0, 3), (2, 5), (4, 7), (6, 9)], [(1, 3), (0, 5), (2, 7), (4, 9), (6, 8)], [(1, 5), (0, 7), (2, 9), (4, 8)], [(3, 5), (1, 7), (0, 9), (2, 8), (4, 6)], [(3, 7), (1, 9), (0, 8), (2, 6)], [(5, 7), (3, 9), (1, 8), (0, 6), (2, 4)], [(5, 9), (3, 8), (1, 6), (0, 4)], [(7, 9), (5, 8), (3, 6), (1, 4), (0, 2)], [(7, 8), (5, 6), (3, 4), (1, 2)]]


#############################################################################
Coefficients are sorted according to absolut True and invert False

edge columns [[(7, 9), (1, 4)], [(1, 2), (0, 9), (5, 7)], [(4, 5)], [(5, 9), (0, 4)], [(0, 7), (1, 8), (4, 6)], [(1, 7), (2, 8), (0, 3)], [(0, 5), (1, 6)], [(0, 6)], [(2, 6), (4, 7)], [(3, 4), (0, 1)], [(4, 8)], [(4, 9), (6, 7), (3, 5)], [(3, 8)], [(5, 8)], [(5, 6), (1, 9), (2, 4)], [(1, 5)], [(2, 5)], [(2, 7), (0, 8)], [(6, 8)], [(8, 9), (3, 6), (0, 2)], [(1, 3), (7, 8)], [(2, 3)], [(3, 7), (2, 9)], [(3, 9)], [(6, 9)]]

~~~~~~~~~~~~~~~~~~~~~~~~~~~~~~~~~~~~~~ ITE

warm start fidelity (-12.550600000000001, 0.06851878623408003)
num params 100
Write sucessfully to ./data_sorting/ansatz_type_structure_like_qubo_YZ_2/shots_None/num_variables_010/params_100_layer_1/alpha_0.01/initial_warm_start_measure/r_96/
1 0 0

N: 10, 
r: 95, 
alpha: 0.01, 
shots: None, 
ansatz: structure_like_qubo_YZ_2, 
layer: 1, 
tau: 0.3, 
initialization: warm_start_measure, 
sorting: True, 
absolute: False, 
invert: False

edge columns [[(0, 1), (2, 3), (4, 5), (6, 7), (8, 9)], [(0, 3), (2, 5), (4, 7), (6, 9)], [(1, 3), (0, 5), (2, 7), (4, 9), (6, 8)], [(1, 5), (0, 7), (2, 9), (4, 8)], [(3, 5), (1, 7), (0, 9), (2, 8), (4, 6)], [(3, 7), (1, 9), (0, 8), (2, 6)], [(5, 7), (3, 9), (1, 8), (0, 6), (2, 4)], [(5, 9), (3, 8), (1, 6), (0, 4)], [(7, 9), (5, 8), (3, 6), (1, 4), (0, 2)], [(7, 8), (5, 6), (3, 4), (1, 2)]]


#############################################################################
Coefficients are sorted according to absolut False and invert False

edge columns [[(2, 4), (0, 3), (5, 9)], [(0, 9), (5, 7), (3, 4)], [(3, 6), (7, 8), (0, 5)], [(4, 6), (1, 5), (0, 8)], [(1, 6), (2, 9), (4, 5), (3, 7)], [(0, 4), (8, 9)], [(5, 8), (0, 1)], [(2, 8), (1, 3), (5, 6)], [(0, 6)], [(0, 7), (1, 2)], [(1, 8), (3, 5), (7, 9)], [(6, 9)], [(6, 8), (4, 7)], [(4, 8), (2, 3)], [(3, 9), (2, 5), (1, 7)], [(3, 8), (4, 9), (6, 7)], [(1, 4), (2, 7)], [(1, 9), (0, 2)], [(2, 6)]]

~~~~~~~~~~~~~~~~~~~~~~~~~~~~~~~~~~~~~~ ITE

warm start fidelity (-12.1191, 0.05819064342579233)
num params 100
Write sucessfully to ./data_sorting/ansatz_type_structure_like_qubo_YZ_2/shots_None/num_variables_010/params_100_layer_1/alpha_0.01/initial_warm_start_measure/r_95/
1 1 0

N: 10, 
r: 97, 
alpha: 0.01, 
shots: None, 
ansatz: structure_like_qubo_YZ_2, 
layer: 1, 
tau: 0.3, 
initialization: warm_start_measure, 
sorting: True, 
absolute: True, 
invert: False

edge columns [[(0, 1), (2, 3), (4, 5), (6, 7), (8, 9)], [(0, 3), (2, 5), (4, 7), (6, 9)], [(1, 3), (0, 5), (2, 7), (4, 9), (6, 8)], [(1, 5), (0, 7), (2, 9), (4, 8)], [(3, 5), (1, 7), (0, 9), (2, 8), (4, 6)], [(3, 7), (1, 9), (0, 8), (2, 6)], [(5, 7), (3, 9), (1, 8), (0, 6), (2, 4)], [(5, 9), (3, 8), (1, 6), (0, 4)], [(7, 9), (5, 8), (3, 6), (1, 4), (0, 2)], [(7, 8), (5, 6), (3, 4), (1, 2)]]


#############################################################################
Coefficients are sorted according to absolut True and invert False

edge columns [[(2, 4), (7, 9)], [(4, 7), (2, 6)], [(6, 7)], [(3, 7)], [(0, 3)], [(0, 9), (3, 6)], [(1, 9)], [(0, 1), (3, 5)], [(0, 5), (1, 7), (4, 8)], [(1, 3), (5, 8)], [(1, 6), (3, 4)], [(4, 9)], [(8, 9), (1, 4), (0, 2)], [(7, 8), (4, 5)], [(2, 5)], [(2, 7)], [(2, 9), (0, 8)], [(6, 8)], [(2, 8), (5, 9)], [(1, 8)], [(1, 2), (3, 8)], [(1, 5)], [(5, 7)], [(0, 7), (5, 6), (3, 9)], [(6, 9), (2, 3)], [(4, 6)], [(0, 6)], [(0, 4)]]

~~~~~~~~~~~~~~~~~~~~~~~~~~~~~~~~~~~~~~ ITE

warm start fidelity (-14.2162, 0.08447355253935225)
num params 100
Write sucessfully to ./data_sorting/ansatz_type_structure_like_qubo_YZ_2/shots_None/num_variables_010/params_100_layer_1/alpha_0.01/initial_warm_start_measure/r_97/
1 1 1

N: 10, 
r: 97, 
alpha: 0.01, 
shots: None, 
ansatz: structure_like_qubo_YZ_2, 
layer: 1, 
tau: 0.3, 
initialization: warm_start_measure, 
sorting: True, 
absolute: True, 
invert: True

edge columns [[(0, 1), (2, 3), (4, 5), (6, 7), (8, 9)], [(0, 3), (2, 5), (4, 7), (6, 9)], [(1, 3), (0, 5), (2, 7), (4, 9), (6, 8)], [(1, 5), (0, 7), (2, 9), (4, 8)], [(3, 5), (1, 7), (0, 9), (2, 8), (4, 6)], [(3, 7), (1, 9), (0, 8), (2, 6)], [(5, 7), (3, 9), (1, 8), (0, 6), (2, 4)], [(5, 9), (3, 8), (1, 6), (0, 4)], [(7, 9), (5, 8), (3, 6), (1, 4), (0, 2)], [(7, 8), (5, 6), (3, 4), (1, 2)]]


#############################################################################
Coefficients are sorted according to absolut True and invert True

edge columns [[(0, 4)], [(0, 6)], [(4, 6), (2, 3)], [(6, 9)], [(3, 9), (5, 6), (0, 7)], [(5, 7)], [(1, 5), (3, 8)], [(1, 2)], [(1, 8), (5, 9)], [(2, 8)], [(6, 8)], [(0, 8), (2, 9)], [(2, 7)], [(2, 5)], [(4, 5), (7, 8), (0, 2)], [(1, 4), (8, 9)], [(4, 9)], [(3, 4), (1, 6), (5, 8)], [(1, 3), (4, 8)], [(1, 7), (0, 5)], [(3, 5), (0, 1)], [(1, 9), (3, 6)], [(0, 9)], [(0, 3)], [(3, 7)], [(6, 7)], [(2, 6), (4, 7)], [(7, 9), (2, 4)]]

~~~~~~~~~~~~~~~~~~~~~~~~~~~~~~~~~~~~~~ ITE

warm start fidelity (-14.2162, 0.048573578199589615)
num params 100
Write sucessfully to ./data_sorting/ansatz_type_structure_like_qubo_YZ_2/shots_None/num_variables_010/params_100_layer_1/alpha_0.01/initial_warm_start_measure/r_97/
1 0 1

N: 10, 
r: 96, 
alpha: 0.01, 
shots: None, 
ansatz: structure_like_qubo_YZ_2, 
layer: 1, 
tau: 0.3, 
initialization: warm_start_measure, 
sorting: True, 
absolute: False, 
invert: True

edge columns [[(0, 1), (2, 3), (4, 5), (6, 7), (8, 9)], [(0, 3), (2, 5), (4, 7), (6, 9)], [(1, 3), (0, 5), (2, 7), (4, 9), (6, 8)], [(1, 5), (0, 7), (2, 9), (4, 8)], [(3, 5), (1, 7), (0, 9), (2, 8), (4, 6)], [(3, 7), (1, 9), (0, 8), (2, 6)], [(5, 7), (3, 9), (1, 8), (0, 6), (2, 4)], [(5, 9), (3, 8), (1, 6), (0, 4)], [(7, 9), (5, 8), (3, 6), (1, 4), (0, 2)], [(7, 8), (5, 6), (3, 4), (1, 2)]]


#############################################################################
Coefficients are sorted according to absolut False and invert True

edge columns [[(6, 9)], [(3, 9), (2, 7)], [(2, 5)], [(2, 4), (1, 9), (5, 6)], [(3, 5), (6, 7), (4, 8), (0, 1)], [(0, 6)], [(0, 3), (1, 7), (4, 6)], [(0, 7)], [(0, 4), (5, 9)], [(4, 5)], [(5, 7), (0, 9), (1, 2)], [(1, 4), (7, 9)], [(1, 8)], [(2, 8), (0, 5), (1, 6)], [(2, 6), (4, 7)], [(3, 4)], [(4, 9), (3, 8)], [(5, 8)], [(1, 5), (0, 8)], [(6, 8)], [(8, 9), (3, 6), (0, 2)], [(1, 3), (7, 8)], [(2, 3)], [(3, 7), (2, 9)]]

~~~~~~~~~~~~~~~~~~~~~~~~~~~~~~~~~~~~~~ ITE

warm start fidelity (-12.550600000000001, 0.0664643773865743)
num params 100
Write sucessfully to ./data_sorting/ansatz_type_structure_like_qubo_YZ_2/shots_None/num_variables_010/params_100_layer_1/alpha_0.01/initial_warm_start_measure/r_96/
1 0 0

N: 10, 
r: 96, 
alpha: 0.01, 
shots: None, 
ansatz: structure_like_qubo_YZ_2, 
layer: 1, 
tau: 0.3, 
initialization: warm_start_measure, 
sorting: True, 
absolute: False, 
invert: False

edge columns [[(0, 1), (2, 3), (4, 5), (6, 7), (8, 9)], [(0, 3), (2, 5), (4, 7), (6, 9)], [(1, 3), (0, 5), (2, 7), (4, 9), (6, 8)], [(1, 5), (0, 7), (2, 9), (4, 8)], [(3, 5), (1, 7), (0, 9), (2, 8), (4, 6)], [(3, 7), (1, 9), (0, 8), (2, 6)], [(5, 7), (3, 9), (1, 8), (0, 6), (2, 4)], [(5, 9), (3, 8), (1, 6), (0, 4)], [(7, 9), (5, 8), (3, 6), (1, 4), (0, 2)], [(7, 8), (5, 6), (3, 4), (1, 2)]]


#############################################################################
Coefficients are sorted according to absolut False and invert False

edge columns [[(2, 9), (3, 7)], [(2, 3), (7, 8)], [(1, 3), (0, 2)], [(3, 6), (8, 9)], [(6, 8)], [(0, 8), (1, 5)], [(5, 8)], [(3, 8), (4, 9)], [(3, 4)], [(4, 7), (2, 6)], [(1, 6), (0, 5), (2, 8)], [(1, 8), (7, 9)], [(1, 4)], [(1, 2), (0, 9), (5, 7)], [(4, 5)], [(5, 9), (0, 4)], [(0, 7), (4, 6)], [(1, 7), (0, 3)], [(0, 6)], [(0, 1), (4, 8), (6, 7), (3, 5)], [(5, 6), (1, 9), (2, 4)], [(2, 5)], [(2, 7), (3, 9)], [(6, 9)]]

~~~~~~~~~~~~~~~~~~~~~~~~~~~~~~~~~~~~~~ ITE

warm start fidelity (-12.550600000000001, 0.05703865182932162)
num params 100
Write sucessfully to ./data_sorting/ansatz_type_structure_like_qubo_YZ_2/shots_None/num_variables_010/params_100_layer_1/alpha_0.01/initial_warm_start_measure/r_96/
1 1 1

N: 10, 
r: 98, 
alpha: 0.01, 
shots: None, 
ansatz: structure_like_qubo_YZ_2, 
layer: 1, 
tau: 0.3, 
initialization: warm_start_measure, 
sorting: True, 
absolute: True, 
invert: True

edge columns [[(0, 1), (2, 3), (4, 5), (6, 7), (8, 9)], [(0, 3), (2, 5), (4, 7), (6, 9)], [(1, 3), (0, 5), (2, 7), (4, 9), (6, 8)], [(1, 5), (0, 7), (2, 9), (4, 8)], [(3, 5), (1, 7), (0, 9), (2, 8), (4, 6)], [(3, 7), (1, 9), (0, 8), (2, 6)], [(5, 7), (3, 9), (1, 8), (0, 6), (2, 4)], [(5, 9), (3, 8), (1, 6), (0, 4)], [(7, 9), (5, 8), (3, 6), (1, 4), (0, 2)], [(7, 8), (5, 6), (3, 4), (1, 2)]]


#############################################################################
Coefficients are sorted according to absolut True and invert True

edge columns [[(0, 5), (4, 7)], [(0, 7)], [(0, 1), (2, 6)], [(1, 5), (0, 3)], [(2, 5), (1, 6)], [(1, 8), (4, 6)], [(5, 6), (8, 9)], [(7, 9)], [(1, 9), (3, 7)], [(5, 9), (2, 8), (6, 7)], [(1, 7)], [(2, 7)], [(2, 3)], [(3, 4)], [(1, 3), (7, 8)], [(3, 6)], [(6, 9), (0, 4)], [(1, 4), (0, 6)], [(1, 2), (4, 5)], [(5, 8)], [(5, 7), (2, 4)], [(4, 8), (0, 2)], [(3, 8), (2, 9)], [(4, 9), (3, 5)], [(0, 9)], [(3, 9), (6, 8)], [(0, 8)]]

~~~~~~~~~~~~~~~~~~~~~~~~~~~~~~~~~~~~~~ ITE

warm start fidelity (-11.418700000000005, 0.027991470840155346)
num params 100
Write sucessfully to ./data_sorting/ansatz_type_structure_like_qubo_YZ_2/shots_None/num_variables_010/params_100_layer_1/alpha_0.01/initial_warm_start_measure/r_98/
1 0 1

N: 10, 
r: 97, 
alpha: 0.01, 
shots: None, 
ansatz: structure_like_qubo_YZ_2, 
layer: 1, 
tau: 0.3, 
initialization: warm_start_measure, 
sorting: True, 
absolute: False, 
invert: True

edge columns [[(0, 1), (2, 3), (4, 5), (6, 7), (8, 9)], [(0, 3), (2, 5), (4, 7), (6, 9)], [(1, 3), (0, 5), (2, 7), (4, 9), (6, 8)], [(1, 5), (0, 7), (2, 9), (4, 8)], [(3, 5), (1, 7), (0, 9), (2, 8), (4, 6)], [(3, 7), (1, 9), (0, 8), (2, 6)], [(5, 7), (3, 9), (1, 8), (0, 6), (2, 4)], [(5, 9), (3, 8), (1, 6), (0, 4)], [(7, 9), (5, 8), (3, 6), (1, 4), (0, 2)], [(7, 8), (5, 6), (3, 4), (1, 2)]]


#############################################################################
Coefficients are sorted according to absolut False and invert True

edge columns [[(0, 6)], [(4, 6), (3, 9), (0, 7)], [(3, 8), (5, 9)], [(2, 8)], [(6, 8)], [(0, 8), (2, 9)], [(7, 8), (0, 2), (1, 4)], [(4, 9)], [(3, 4)], [(1, 3), (4, 8)], [(1, 7), (0, 5)], [(3, 5)], [(0, 3), (6, 7), (2, 4)], [(7, 9)], [(4, 7), (2, 6)], [(3, 7), (0, 9)], [(3, 6), (1, 9)], [(0, 1), (5, 8)], [(1, 6), (8, 9), (4, 5)], [(2, 5)], [(2, 7), (1, 8)], [(1, 2)], [(1, 5)], [(5, 7)], [(5, 6)], [(6, 9), (2, 3), (0, 4)]]

~~~~~~~~~~~~~~~~~~~~~~~~~~~~~~~~~~~~~~ ITE

warm start fidelity (-14.2162, 0.06362884884690237)
num params 100
Write sucessfully to ./data_sorting/ansatz_type_structure_like_qubo_YZ_2/shots_None/num_variables_010/params_100_layer_1/alpha_0.01/initial_warm_start_measure/r_97/
1 1 0

N: 10, 
r: 98, 
alpha: 0.01, 
shots: None, 
ansatz: structure_like_qubo_YZ_2, 
layer: 1, 
tau: 0.3, 
initialization: warm_start_measure, 
sorting: True, 
absolute: True, 
invert: False

edge columns [[(0, 1), (2, 3), (4, 5), (6, 7), (8, 9)], [(0, 3), (2, 5), (4, 7), (6, 9)], [(1, 3), (0, 5), (2, 7), (4, 9), (6, 8)], [(1, 5), (0, 7), (2, 9), (4, 8)], [(3, 5), (1, 7), (0, 9), (2, 8), (4, 6)], [(3, 7), (1, 9), (0, 8), (2, 6)], [(5, 7), (3, 9), (1, 8), (0, 6), (2, 4)], [(5, 9), (3, 8), (1, 6), (0, 4)], [(7, 9), (5, 8), (3, 6), (1, 4), (0, 2)], [(7, 8), (5, 6), (3, 4), (1, 2)]]


#############################################################################
Coefficients are sorted according to absolut True and invert False

edge columns [[(0, 8)], [(6, 8), (3, 9)], [(0, 9), (3, 5)], [(4, 9)], [(2, 9), (3, 8)], [(0, 2), (4, 8)], [(2, 4), (5, 7)], [(5, 8)], [(4, 5), (1, 2), (0, 6)], [(1, 4)], [(0, 4), (6, 9)], [(3, 6), (7, 8)], [(1, 3)], [(3, 4)], [(2, 3)], [(2, 7)], [(1, 7)], [(6, 7), (2, 8), (5, 9)], [(3, 7), (1, 9)], [(7, 9)], [(8, 9), (5, 6)], [(4, 6), (1, 8)], [(1, 6), (2, 5), (0, 3)], [(1, 5), (2, 6)], [(0, 1)], [(0, 7)], [(4, 7), (0, 5)]]

~~~~~~~~~~~~~~~~~~~~~~~~~~~~~~~~~~~~~~ ITE

warm start fidelity (-11.418700000000005, 0.029185857223269822)
num params 100
Write sucessfully to ./data_sorting/ansatz_type_structure_like_qubo_YZ_2/shots_None/num_variables_010/params_100_layer_1/alpha_0.01/initial_warm_start_measure/r_98/
1 1 1

N: 10, 
r: 99, 
alpha: 0.01, 
shots: None, 
ansatz: structure_like_qubo_YZ_2, 
layer: 1, 
tau: 0.3, 
initialization: warm_start_measure, 
sorting: True, 
absolute: True, 
invert: True

edge columns [[(0, 1), (2, 3), (4, 5), (6, 7), (8, 9)], [(0, 3), (2, 5), (4, 7), (6, 9)], [(1, 3), (0, 5), (2, 7), (4, 9), (6, 8)], [(1, 5), (0, 7), (2, 9), (4, 8)], [(3, 5), (1, 7), (0, 9), (2, 8), (4, 6)], [(3, 7), (1, 9), (0, 8), (2, 6)], [(5, 7), (3, 9), (1, 8), (0, 6), (2, 4)], [(5, 9), (3, 8), (1, 6), (0, 4)], [(7, 9), (5, 8), (3, 6), (1, 4), (0, 2)], [(7, 8), (5, 6), (3, 4), (1, 2)]]


#############################################################################
Coefficients are sorted according to absolut True and invert True

edge columns [[(1, 5), (6, 9)], [(2, 9)], [(2, 8)], [(6, 8), (0, 3)], [(3, 8), (5, 9)], [(5, 7), (1, 8)], [(1, 4)], [(4, 9), (2, 6)], [(4, 6), (0, 5), (1, 3)], [(2, 5)], [(2, 4), (1, 9)], [(2, 7)], [(3, 7), (1, 6), (0, 4)], [(1, 7), (5, 6)], [(5, 8), (3, 6)], [(7, 8), (3, 5), (0, 9)], [(7, 9), (1, 2), (4, 8)], [(8, 9), (0, 1)], [(0, 7), (3, 9)], [(3, 4), (6, 7)], [(4, 5), (0, 8)], [(0, 2)], [(2, 3), (0, 6), (4, 7)]]

~~~~~~~~~~~~~~~~~~~~~~~~~~~~~~~~~~~~~~ ITE

warm start fidelity (-13.006900000000002, 0.041228752839022526)
num params 100
Write sucessfully to ./data_sorting/ansatz_type_structure_like_qubo_YZ_2/shots_None/num_variables_010/params_100_layer_1/alpha_0.01/initial_warm_start_measure/r_99/
1 1 0

N: 10, 
r: 99, 
alpha: 0.01, 
shots: None, 
ansatz: structure_like_qubo_YZ_2, 
layer: 1, 
tau: 0.3, 
initialization: warm_start_measure, 
sorting: True, 
absolute: True, 
invert: False

edge columns [[(0, 1), (2, 3), (4, 5), (6, 7), (8, 9)], [(0, 3), (2, 5), (4, 7), (6, 9)], [(1, 3), (0, 5), (2, 7), (4, 9), (6, 8)], [(1, 5), (0, 7), (2, 9), (4, 8)], [(3, 5), (1, 7), (0, 9), (2, 8), (4, 6)], [(3, 7), (1, 9), (0, 8), (2, 6)], [(5, 7), (3, 9), (1, 8), (0, 6), (2, 4)], [(5, 9), (3, 8), (1, 6), (0, 4)], [(7, 9), (5, 8), (3, 6), (1, 4), (0, 2)], [(7, 8), (5, 6), (3, 4), (1, 2)]]


#############################################################################
Coefficients are sorted according to absolut True and invert False

edge columns [[(4, 7), (0, 6), (2, 3)], [(0, 2)], [(0, 8), (4, 5), (6, 7)], [(3, 4)], [(3, 9), (0, 7)], [(0, 1), (8, 9)], [(4, 8), (1, 2), (7, 9)], [(0, 9), (3, 5), (7, 8)], [(3, 6), (5, 8)], [(5, 6), (1, 7), (0, 4)], [(1, 6), (3, 7)], [(2, 7), (1, 9)], [(2, 4)], [(2, 5), (1, 3)], [(0, 5), (4, 6)], [(2, 6), (4, 9)], [(1, 4)], [(1, 8), (5, 7)], [(5, 9), (3, 8)], [(0, 3), (6, 8)], [(2, 8)], [(2, 9)], [(6, 9), (1, 5)]]

~~~~~~~~~~~~~~~~~~~~~~~~~~~~~~~~~~~~~~ ITE

warm start fidelity (-13.006900000000002, 0.040156261798548136)
num params 100
Write sucessfully to ./data_sorting/ansatz_type_structure_like_qubo_YZ_2/shots_None/num_variables_010/params_100_layer_1/alpha_0.01/initial_warm_start_measure/r_99/
1 0 0

N: 10, 
r: 98, 
alpha: 0.01, 
shots: None, 
ansatz: structure_like_qubo_YZ_2, 
layer: 1, 
tau: 0.3, 
initialization: warm_start_measure, 
sorting: True, 
absolute: False, 
invert: False

edge columns [[(0, 1), (2, 3), (4, 5), (6, 7), (8, 9)], [(0, 3), (2, 5), (4, 7), (6, 9)], [(1, 3), (0, 5), (2, 7), (4, 9), (6, 8)], [(1, 5), (0, 7), (2, 9), (4, 8)], [(3, 5), (1, 7), (0, 9), (2, 8), (4, 6)], [(3, 7), (1, 9), (0, 8), (2, 6)], [(5, 7), (3, 9), (1, 8), (0, 6), (2, 4)], [(5, 9), (3, 8), (1, 6), (0, 4)], [(7, 9), (5, 8), (3, 6), (1, 4), (0, 2)], [(7, 8), (5, 6), (3, 4), (1, 2)]]


#############################################################################
Coefficients are sorted according to absolut False and invert False

edge columns [[(4, 7), (5, 6), (8, 9)], [(7, 9)], [(3, 7), (2, 8)], [(1, 7), (3, 4)], [(1, 3)], [(3, 6), (1, 2), (4, 5)], [(5, 8)], [(5, 7), (2, 4)], [(0, 2), (3, 9)], [(0, 8)], [(6, 8), (0, 9), (3, 5)], [(4, 9)], [(2, 9), (3, 8)], [(4, 8), (0, 6)], [(1, 4)], [(0, 4), (6, 9), (7, 8), (2, 3)], [(2, 7)], [(6, 7), (5, 9)], [(1, 9), (4, 6)], [(1, 8)], [(1, 6), (2, 5), (0, 3)], [(1, 5), (2, 6)], [(0, 1)], [(0, 7)], [(0, 5)]]

~~~~~~~~~~~~~~~~~~~~~~~~~~~~~~~~~~~~~~ ITE

warm start fidelity (-11.418700000000005, 0.0319825942596151)
num params 100
Write sucessfully to ./data_sorting/ansatz_type_structure_like_qubo_YZ_2/shots_None/num_variables_010/params_100_layer_1/alpha_0.01/initial_warm_start_measure/r_98/
1 0 0

N: 10, 
r: 97, 
alpha: 0.01, 
shots: None, 
ansatz: structure_like_qubo_YZ_2, 
layer: 1, 
tau: 0.3, 
initialization: warm_start_measure, 
sorting: True, 
absolute: False, 
invert: False

edge columns [[(0, 1), (2, 3), (4, 5), (6, 7), (8, 9)], [(0, 3), (2, 5), (4, 7), (6, 9)], [(1, 3), (0, 5), (2, 7), (4, 9), (6, 8)], [(1, 5), (0, 7), (2, 9), (4, 8)], [(3, 5), (1, 7), (0, 9), (2, 8), (4, 6)], [(3, 7), (1, 9), (0, 8), (2, 6)], [(5, 7), (3, 9), (1, 8), (0, 6), (2, 4)], [(5, 9), (3, 8), (1, 6), (0, 4)], [(7, 9), (5, 8), (3, 6), (1, 4), (0, 2)], [(7, 8), (5, 6), (3, 4), (1, 2)]]


#############################################################################
Coefficients are sorted according to absolut False and invert False

edge columns [[(0, 4), (2, 3), (6, 9)], [(5, 6)], [(5, 7)], [(1, 5)], [(1, 2)], [(1, 8), (2, 7)], [(2, 5)], [(4, 5), (8, 9), (1, 6)], [(5, 8), (0, 1)], [(1, 9), (3, 6)], [(0, 9), (3, 7), (2, 6)], [(4, 7)], [(7, 9), (2, 4)], [(6, 7), (0, 3)], [(3, 5)], [(0, 5), (1, 7), (4, 8)], [(1, 3)], [(3, 4)], [(4, 9)], [(1, 4), (0, 2), (7, 8)], [(2, 9), (0, 8)], [(6, 8)], [(2, 8), (5, 9)], [(3, 8), (0, 7)], [(3, 9), (4, 6)], [(0, 6)]]

~~~~~~~~~~~~~~~~~~~~~~~~~~~~~~~~~~~~~~ ITE

warm start fidelity (-14.2162, 0.050649509584584224)
num params 100
Write sucessfully to ./data_sorting/ansatz_type_structure_like_qubo_YZ_2/shots_None/num_variables_010/params_100_layer_1/alpha_0.01/initial_warm_start_measure/r_97/
1 0 1

N: 10, 
r: 98, 
alpha: 0.01, 
shots: None, 
ansatz: structure_like_qubo_YZ_2, 
layer: 1, 
tau: 0.3, 
initialization: warm_start_measure, 
sorting: True, 
absolute: False, 
invert: True

edge columns [[(0, 1), (2, 3), (4, 5), (6, 7), (8, 9)], [(0, 3), (2, 5), (4, 7), (6, 9)], [(1, 3), (0, 5), (2, 7), (4, 9), (6, 8)], [(1, 5), (0, 7), (2, 9), (4, 8)], [(3, 5), (1, 7), (0, 9), (2, 8), (4, 6)], [(3, 7), (1, 9), (0, 8), (2, 6)], [(5, 7), (3, 9), (1, 8), (0, 6), (2, 4)], [(5, 9), (3, 8), (1, 6), (0, 4)], [(7, 9), (5, 8), (3, 6), (1, 4), (0, 2)], [(7, 8), (5, 6), (3, 4), (1, 2)]]


#############################################################################
Coefficients are sorted according to absolut False and invert True

edge columns [[(0, 5)], [(0, 7)], [(0, 1), (2, 6)], [(1, 5), (0, 3)], [(2, 5), (1, 6)], [(1, 8), (4, 6)], [(1, 9)], [(5, 9), (6, 7)], [(2, 7)], [(2, 3), (7, 8), (6, 9), (0, 4)], [(1, 4), (0, 6)], [(4, 8)], [(3, 8), (2, 9)], [(4, 9), (3, 5)], [(0, 9), (6, 8)], [(0, 8), (3, 9)], [(0, 2)], [(2, 4), (5, 7)], [(5, 8)], [(4, 5), (1, 2), (3, 6)], [(1, 3)], [(3, 4), (1, 7), (2, 8)], [(3, 7)], [(7, 9)], [(8, 9), (5, 6), (4, 7)]]

~~~~~~~~~~~~~~~~~~~~~~~~~~~~~~~~~~~~~~ ITE

warm start fidelity (-11.418700000000005, 0.035013816741042696)
num params 100
Write sucessfully to ./data_sorting/ansatz_type_structure_like_qubo_YZ_2/shots_None/num_variables_010/params_100_layer_1/alpha_0.01/initial_warm_start_measure/r_98/
1 0 1

N: 10, 
r: 99, 
alpha: 0.01, 
shots: None, 
ansatz: structure_like_qubo_YZ_2, 
layer: 1, 
tau: 0.3, 
initialization: warm_start_measure, 
sorting: True, 
absolute: False, 
invert: True

edge columns [[(0, 1), (2, 3), (4, 5), (6, 7), (8, 9)], [(0, 3), (2, 5), (4, 7), (6, 9)], [(1, 3), (0, 5), (2, 7), (4, 9), (6, 8)], [(1, 5), (0, 7), (2, 9), (4, 8)], [(3, 5), (1, 7), (0, 9), (2, 8), (4, 6)], [(3, 7), (1, 9), (0, 8), (2, 6)], [(5, 7), (3, 9), (1, 8), (0, 6), (2, 4)], [(5, 9), (3, 8), (1, 6), (0, 4)], [(7, 9), (5, 8), (3, 6), (1, 4), (0, 2)], [(7, 8), (5, 6), (3, 4), (1, 2)]]


#############################################################################
Coefficients are sorted according to absolut False and invert True

edge columns [[(1, 5), (2, 9), (6, 8), (0, 3)], [(5, 9)], [(5, 7), (1, 4), (2, 6)], [(1, 3), (2, 7)], [(3, 7)], [(1, 7), (3, 6)], [(7, 8), (3, 5)], [(4, 8)], [(8, 9), (0, 1)], [(0, 7), (3, 9)], [(3, 4), (0, 8)], [(4, 7), (0, 6), (2, 3)], [(0, 2), (4, 5), (6, 7)], [(1, 2), (7, 9)], [(0, 9), (5, 8)], [(5, 6), (0, 4)], [(1, 6)], [(1, 9), (2, 4)], [(2, 5)], [(0, 5), (4, 6)], [(4, 9), (1, 8)], [(3, 8)], [(2, 8), (6, 9)]]

~~~~~~~~~~~~~~~~~~~~~~~~~~~~~~~~~~~~~~ ITE

warm start fidelity (-13.006900000000002, 0.04212369215619578)
num params 100
Write sucessfully to ./data_sorting/ansatz_type_structure_like_qubo_YZ_2/shots_None/num_variables_010/params_100_layer_1/alpha_0.01/initial_warm_start_measure/r_99/
1 0 0

N: 10, 
r: 99, 
alpha: 0.01, 
shots: None, 
ansatz: structure_like_qubo_YZ_2, 
layer: 1, 
tau: 0.3, 
initialization: warm_start_measure, 
sorting: True, 
absolute: False, 
invert: False

edge columns [[(0, 1), (2, 3), (4, 5), (6, 7), (8, 9)], [(0, 3), (2, 5), (4, 7), (6, 9)], [(1, 3), (0, 5), (2, 7), (4, 9), (6, 8)], [(1, 5), (0, 7), (2, 9), (4, 8)], [(3, 5), (1, 7), (0, 9), (2, 8), (4, 6)], [(3, 7), (1, 9), (0, 8), (2, 6)], [(5, 7), (3, 9), (1, 8), (0, 6), (2, 4)], [(5, 9), (3, 8), (1, 6), (0, 4)], [(7, 9), (5, 8), (3, 6), (1, 4), (0, 2)], [(7, 8), (5, 6), (3, 4), (1, 2)]]


#############################################################################
Coefficients are sorted according to absolut False and invert False

edge columns [[(6, 9), (2, 8)], [(3, 8)], [(1, 8), (4, 9)], [(4, 6), (0, 5)], [(2, 5)], [(2, 4), (1, 9)], [(1, 6), (0, 4)], [(5, 6)], [(5, 8), (0, 9)], [(7, 9), (1, 2)], [(6, 7), (4, 5), (0, 2)], [(2, 3), (0, 6), (4, 7)], [(0, 8), (3, 4)], [(3, 9), (0, 7)], [(0, 1), (8, 9)], [(4, 8), (3, 5)], [(7, 8), (3, 6)], [(1, 7)], [(3, 7)], [(2, 7), (1, 3)], [(2, 6), (1, 4), (5, 7)], [(5, 9), (0, 3), (6, 8)], [(2, 9), (1, 5)]]

~~~~~~~~~~~~~~~~~~~~~~~~~~~~~~~~~~~~~~ ITE

warm start fidelity (-13.006900000000002, 0.04112942216579708)
num params 100
Write sucessfully to ./data_sorting/ansatz_type_structure_like_qubo_YZ_2/shots_None/num_variables_010/params_100_layer_1/alpha_0.01/initial_warm_start_measure/r_99/
