0 0 0

N: 20, 
r: 98, 
alpha: 0.01, 
shots: None, 
ansatz: structure_like_qubo_YZ_2, 
layer: 1, 
tau: 1.0, 
initialization: warm_start_measure, 
sorting: False, 
absolute: False, 
invert: False

edge columns [[(0, 1), (2, 3), (4, 5), (6, 7), (8, 9), (10, 11), (12, 13), (14, 15), (16, 17), (18, 19)], [(0, 3), (2, 5), (4, 7), (6, 9), (8, 11), (10, 13), (12, 15), (14, 17), (16, 19)], [(1, 3), (0, 5), (2, 7), (4, 9), (6, 11), (8, 13), (10, 15), (12, 17), (14, 19), (16, 18)], [(1, 5), (0, 7), (2, 9), (4, 11), (6, 13), (8, 15), (10, 17), (12, 19), (14, 18)], [(3, 5), (1, 7), (0, 9), (2, 11), (4, 13), (6, 15), (8, 17), (10, 19), (12, 18), (14, 16)], [(3, 7), (1, 9), (0, 11), (2, 13), (4, 15), (6, 17), (8, 19), (10, 18), (12, 16)], [(5, 7), (3, 9), (1, 11), (0, 13), (2, 15), (4, 17), (6, 19), (8, 18), (10, 16), (12, 14)], [(5, 9), (3, 11), (1, 13), (0, 15), (2, 17), (4, 19), (6, 18), (8, 16), (10, 14)], [(7, 9), (5, 11), (3, 13), (1, 15), (0, 17), (2, 19), (4, 18), (6, 16), (8, 14), (10, 12)], [(7, 11), (5, 13), (3, 15), (1, 17), (0, 19), (2, 18), (4, 16), (6, 14), (8, 12)], [(9, 11), (7, 13), (5, 15), (3, 17), (1, 19), (0, 18), (2, 16), (4, 14), (6, 12), (8, 10)], [(9, 13), (7, 15), (5, 17), (3, 19), (1, 18), (0, 16), (2, 14), (4, 12), (6, 10)], [(11, 13), (9, 15), (7, 17), (5, 19), (3, 18), (1, 16), (0, 14), (2, 12), (4, 10), (6, 8)], [(11, 15), (9, 17), (7, 19), (5, 18), (3, 16), (1, 14), (0, 12), (2, 10), (4, 8)], [(13, 15), (11, 17), (9, 19), (7, 18), (5, 16), (3, 14), (1, 12), (0, 10), (2, 8), (4, 6)], [(13, 17), (11, 19), (9, 18), (7, 16), (5, 14), (3, 12), (1, 10), (0, 8), (2, 6)], [(15, 17), (13, 19), (11, 18), (9, 16), (7, 14), (5, 12), (3, 10), (1, 8), (0, 6), (2, 4)], [(15, 19), (13, 18), (11, 16), (9, 14), (7, 12), (5, 10), (3, 8), (1, 6), (0, 4)], [(17, 19), (15, 18), (13, 16), (11, 14), (9, 12), (7, 10), (5, 8), (3, 6), (1, 4), (0, 2)], [(17, 18), (15, 16), (13, 14), (11, 12), (9, 10), (7, 8), (5, 6), (3, 4), (1, 2)]]


#############################################################################
Order of gates is random

~~~~~~~~~~~~~~~~~~~~~~~~~~~~~~~~~~~~~~ ITE
0 0 1

N: 20, 
r: 98, 
alpha: 0.01, 
shots: None, 
ansatz: structure_like_qubo_YZ_2, 
layer: 1, 
tau: 1.0, 
initialization: warm_start_measure, 
sorting: False, 
absolute: False, 
invert: True

edge columns [[(0, 1), (2, 3), (4, 5), (6, 7), (8, 9), (10, 11), (12, 13), (14, 15), (16, 17), (18, 19)], [(0, 3), (2, 5), (4, 7), (6, 9), (8, 11), (10, 13), (12, 15), (14, 17), (16, 19)], [(1, 3), (0, 5), (2, 7), (4, 9), (6, 11), (8, 13), (10, 15), (12, 17), (14, 19), (16, 18)], [(1, 5), (0, 7), (2, 9), (4, 11), (6, 13), (8, 15), (10, 17), (12, 19), (14, 18)], [(3, 5), (1, 7), (0, 9), (2, 11), (4, 13), (6, 15), (8, 17), (10, 19), (12, 18), (14, 16)], [(3, 7), (1, 9), (0, 11), (2, 13), (4, 15), (6, 17), (8, 19), (10, 18), (12, 16)], [(5, 7), (3, 9), (1, 11), (0, 13), (2, 15), (4, 17), (6, 19), (8, 18), (10, 16), (12, 14)], [(5, 9), (3, 11), (1, 13), (0, 15), (2, 17), (4, 19), (6, 18), (8, 16), (10, 14)], [(7, 9), (5, 11), (3, 13), (1, 15), (0, 17), (2, 19), (4, 18), (6, 16), (8, 14), (10, 12)], [(7, 11), (5, 13), (3, 15), (1, 17), (0, 19), (2, 18), (4, 16), (6, 14), (8, 12)], [(9, 11), (7, 13), (5, 15), (3, 17), (1, 19), (0, 18), (2, 16), (4, 14), (6, 12), (8, 10)], [(9, 13), (7, 15), (5, 17), (3, 19), (1, 18), (0, 16), (2, 14), (4, 12), (6, 10)], [(11, 13), (9, 15), (7, 17), (5, 19), (3, 18), (1, 16), (0, 14), (2, 12), (4, 10), (6, 8)], [(11, 15), (9, 17), (7, 19), (5, 18), (3, 16), (1, 14), (0, 12), (2, 10), (4, 8)], [(13, 15), (11, 17), (9, 19), (7, 18), (5, 16), (3, 14), (1, 12), (0, 10), (2, 8), (4, 6)], [(13, 17), (11, 19), (9, 18), (7, 16), (5, 14), (3, 12), (1, 10), (0, 8), (2, 6)], [(15, 17), (13, 19), (11, 18), (9, 16), (7, 14), (5, 12), (3, 10), (1, 8), (0, 6), (2, 4)], [(15, 19), (13, 18), (11, 16), (9, 14), (7, 12), (5, 10), (3, 8), (1, 6), (0, 4)], [(17, 19), (15, 18), (13, 16), (11, 14), (9, 12), (7, 10), (5, 8), (3, 6), (1, 4), (0, 2)], [(17, 18), (15, 16), (13, 14), (11, 12), (9, 10), (7, 8), (5, 6), (3, 4), (1, 2)]]


#############################################################################
Order of gates is random

~~~~~~~~~~~~~~~~~~~~~~~~~~~~~~~~~~~~~~ ITE
0 0 1

N: 20, 
r: 99, 
alpha: 0.01, 
shots: None, 
ansatz: structure_like_qubo_YZ_2, 
layer: 1, 
tau: 1.0, 
initialization: warm_start_measure, 
sorting: False, 
absolute: False, 
invert: True

edge columns [[(0, 1), (2, 3), (4, 5), (6, 7), (8, 9), (10, 11), (12, 13), (14, 15), (16, 17), (18, 19)], [(0, 3), (2, 5), (4, 7), (6, 9), (8, 11), (10, 13), (12, 15), (14, 17), (16, 19)], [(1, 3), (0, 5), (2, 7), (4, 9), (6, 11), (8, 13), (10, 15), (12, 17), (14, 19), (16, 18)], [(1, 5), (0, 7), (2, 9), (4, 11), (6, 13), (8, 15), (10, 17), (12, 19), (14, 18)], [(3, 5), (1, 7), (0, 9), (2, 11), (4, 13), (6, 15), (8, 17), (10, 19), (12, 18), (14, 16)], [(3, 7), (1, 9), (0, 11), (2, 13), (4, 15), (6, 17), (8, 19), (10, 18), (12, 16)], [(5, 7), (3, 9), (1, 11), (0, 13), (2, 15), (4, 17), (6, 19), (8, 18), (10, 16), (12, 14)], [(5, 9), (3, 11), (1, 13), (0, 15), (2, 17), (4, 19), (6, 18), (8, 16), (10, 14)], [(7, 9), (5, 11), (3, 13), (1, 15), (0, 17), (2, 19), (4, 18), (6, 16), (8, 14), (10, 12)], [(7, 11), (5, 13), (3, 15), (1, 17), (0, 19), (2, 18), (4, 16), (6, 14), (8, 12)], [(9, 11), (7, 13), (5, 15), (3, 17), (1, 19), (0, 18), (2, 16), (4, 14), (6, 12), (8, 10)], [(9, 13), (7, 15), (5, 17), (3, 19), (1, 18), (0, 16), (2, 14), (4, 12), (6, 10)], [(11, 13), (9, 15), (7, 17), (5, 19), (3, 18), (1, 16), (0, 14), (2, 12), (4, 10), (6, 8)], [(11, 15), (9, 17), (7, 19), (5, 18), (3, 16), (1, 14), (0, 12), (2, 10), (4, 8)], [(13, 15), (11, 17), (9, 19), (7, 18), (5, 16), (3, 14), (1, 12), (0, 10), (2, 8), (4, 6)], [(13, 17), (11, 19), (9, 18), (7, 16), (5, 14), (3, 12), (1, 10), (0, 8), (2, 6)], [(15, 17), (13, 19), (11, 18), (9, 16), (7, 14), (5, 12), (3, 10), (1, 8), (0, 6), (2, 4)], [(15, 19), (13, 18), (11, 16), (9, 14), (7, 12), (5, 10), (3, 8), (1, 6), (0, 4)], [(17, 19), (15, 18), (13, 16), (11, 14), (9, 12), (7, 10), (5, 8), (3, 6), (1, 4), (0, 2)], [(17, 18), (15, 16), (13, 14), (11, 12), (9, 10), (7, 8), (5, 6), (3, 4), (1, 2)]]


#############################################################################
Order of gates is random

~~~~~~~~~~~~~~~~~~~~~~~~~~~~~~~~~~~~~~ ITE
1 1 1

N: 20, 
r: 99, 
alpha: 0.01, 
shots: None, 
ansatz: structure_like_qubo_YZ_2, 
layer: 1, 
tau: 1.0, 
initialization: warm_start_measure, 
sorting: True, 
absolute: True, 
invert: True

edge columns [[(0, 1), (2, 3), (4, 5), (6, 7), (8, 9), (10, 11), (12, 13), (14, 15), (16, 17), (18, 19)], [(0, 3), (2, 5), (4, 7), (6, 9), (8, 11), (10, 13), (12, 15), (14, 17), (16, 19)], [(1, 3), (0, 5), (2, 7), (4, 9), (6, 11), (8, 13), (10, 15), (12, 17), (14, 19), (16, 18)], [(1, 5), (0, 7), (2, 9), (4, 11), (6, 13), (8, 15), (10, 17), (12, 19), (14, 18)], [(3, 5), (1, 7), (0, 9), (2, 11), (4, 13), (6, 15), (8, 17), (10, 19), (12, 18), (14, 16)], [(3, 7), (1, 9), (0, 11), (2, 13), (4, 15), (6, 17), (8, 19), (10, 18), (12, 16)], [(5, 7), (3, 9), (1, 11), (0, 13), (2, 15), (4, 17), (6, 19), (8, 18), (10, 16), (12, 14)], [(5, 9), (3, 11), (1, 13), (0, 15), (2, 17), (4, 19), (6, 18), (8, 16), (10, 14)], [(7, 9), (5, 11), (3, 13), (1, 15), (0, 17), (2, 19), (4, 18), (6, 16), (8, 14), (10, 12)], [(7, 11), (5, 13), (3, 15), (1, 17), (0, 19), (2, 18), (4, 16), (6, 14), (8, 12)], [(9, 11), (7, 13), (5, 15), (3, 17), (1, 19), (0, 18), (2, 16), (4, 14), (6, 12), (8, 10)], [(9, 13), (7, 15), (5, 17), (3, 19), (1, 18), (0, 16), (2, 14), (4, 12), (6, 10)], [(11, 13), (9, 15), (7, 17), (5, 19), (3, 18), (1, 16), (0, 14), (2, 12), (4, 10), (6, 8)], [(11, 15), (9, 17), (7, 19), (5, 18), (3, 16), (1, 14), (0, 12), (2, 10), (4, 8)], [(13, 15), (11, 17), (9, 19), (7, 18), (5, 16), (3, 14), (1, 12), (0, 10), (2, 8), (4, 6)], [(13, 17), (11, 19), (9, 18), (7, 16), (5, 14), (3, 12), (1, 10), (0, 8), (2, 6)], [(15, 17), (13, 19), (11, 18), (9, 16), (7, 14), (5, 12), (3, 10), (1, 8), (0, 6), (2, 4)], [(15, 19), (13, 18), (11, 16), (9, 14), (7, 12), (5, 10), (3, 8), (1, 6), (0, 4)], [(17, 19), (15, 18), (13, 16), (11, 14), (9, 12), (7, 10), (5, 8), (3, 6), (1, 4), (0, 2)], [(17, 18), (15, 16), (13, 14), (11, 12), (9, 10), (7, 8), (5, 6), (3, 4), (1, 2)]]


#############################################################################
Coefficients are sorted according to absolut True and invert True

edge columns [[(8, 17), (11, 13), (0, 2), (10, 16)], [(2, 18), (3, 5)], [(3, 6)], [(3, 15), (4, 18), (2, 19)], [(14, 15), (13, 17)], [(14, 18)], [(6, 18), (0, 8), (7, 12), (10, 19)], [(6, 10), (3, 4), (17, 19), (0, 12)], [(6, 11), (16, 19), (1, 17)], [(1, 11), (0, 9), (2, 16)], [(9, 12), (0, 16)], [(9, 16)], [(9, 13), (1, 14), (11, 17)], [(11, 15), (7, 19), (5, 8)], [(8, 13), (11, 12), (14, 19)], [(8, 15), (1, 5), (2, 11)], [(1, 9), (7, 17)], [(5, 9)], [(5, 6), (4, 14)], [(1, 6), (12, 15), (2, 13)], [(6, 16), (7, 8), (5, 19), (9, 15)], [(2, 15), (0, 5)], [(1, 2)], [(1, 12), (0, 3), (4, 7)], [(4, 13), (0, 14), (2, 6)], [(2, 10), (12, 19), (0, 17)], [(12, 16), (7, 10)], [(0, 10), (2, 12)], [(10, 13), (12, 18), (3, 9), (1, 8), (15, 16)], [(14, 16), (1, 3)], [(1, 13), (6, 17), (9, 18), (11, 14), (2, 8), (4, 16), (3, 12)], [(3, 7), (10, 12), (4, 11), (8, 14)], [(9, 14)], [(12, 14), (13, 19)], [(14, 17), (7, 9), (3, 19)], [(1, 19), (7, 14), (3, 13)], [(13, 18), (0, 6)], [(0, 11), (3, 8)], [(8, 11)], [(11, 19), (6, 7), (0, 15), (4, 10)], [(5, 10), (3, 11)], [(7, 11), (4, 17), (5, 13), (0, 19)], [(16, 17), (9, 10), (5, 12), (2, 3)], [(10, 11), (4, 9), (13, 14), (3, 18)], [(6, 13), (0, 18), (2, 5), (1, 4)], [(4, 8), (11, 18), (0, 13), (12, 17)], [(12, 13), (4, 5), (1, 15), (6, 9)], [(15, 19), (5, 18), (10, 14), (1, 16)], [(6, 19), (4, 12), (2, 14), (0, 7), (16, 18), (9, 17)], [(2, 17), (6, 14)], [(6, 15)], [(10, 15), (8, 16)], [(1, 10), (7, 18), (8, 12)], [(10, 17)], [(8, 10), (7, 13), (5, 14)], [(8, 19), (1, 18), (2, 9), (13, 15)], [(2, 7), (8, 9), (5, 16), (3, 14)], [(9, 11), (5, 17), (13, 16), (2, 4), (18, 19)], [(8, 18), (6, 12), (1, 7), (15, 17)], [(0, 1), (5, 11)], [(11, 16), (3, 17), (9, 19)], [(17, 18), (4, 6)], [(10, 18), (5, 15), (4, 19)], [(15, 18)], [(7, 15)], [(4, 15)], [(0, 4), (3, 10), (6, 8), (7, 16)], [(3, 16), (5, 7)]]

~~~~~~~~~~~~~~~~~~~~~~~~~~~~~~~~~~~~~~ ITE
1 1 0

N: 20, 
r: 99, 
alpha: 0.01, 
shots: None, 
ansatz: structure_like_qubo_YZ_2, 
layer: 1, 
tau: 1.0, 
initialization: warm_start_measure, 
sorting: True, 
absolute: True, 
invert: False

edge columns [[(0, 1), (2, 3), (4, 5), (6, 7), (8, 9), (10, 11), (12, 13), (14, 15), (16, 17), (18, 19)], [(0, 3), (2, 5), (4, 7), (6, 9), (8, 11), (10, 13), (12, 15), (14, 17), (16, 19)], [(1, 3), (0, 5), (2, 7), (4, 9), (6, 11), (8, 13), (10, 15), (12, 17), (14, 19), (16, 18)], [(1, 5), (0, 7), (2, 9), (4, 11), (6, 13), (8, 15), (10, 17), (12, 19), (14, 18)], [(3, 5), (1, 7), (0, 9), (2, 11), (4, 13), (6, 15), (8, 17), (10, 19), (12, 18), (14, 16)], [(3, 7), (1, 9), (0, 11), (2, 13), (4, 15), (6, 17), (8, 19), (10, 18), (12, 16)], [(5, 7), (3, 9), (1, 11), (0, 13), (2, 15), (4, 17), (6, 19), (8, 18), (10, 16), (12, 14)], [(5, 9), (3, 11), (1, 13), (0, 15), (2, 17), (4, 19), (6, 18), (8, 16), (10, 14)], [(7, 9), (5, 11), (3, 13), (1, 15), (0, 17), (2, 19), (4, 18), (6, 16), (8, 14), (10, 12)], [(7, 11), (5, 13), (3, 15), (1, 17), (0, 19), (2, 18), (4, 16), (6, 14), (8, 12)], [(9, 11), (7, 13), (5, 15), (3, 17), (1, 19), (0, 18), (2, 16), (4, 14), (6, 12), (8, 10)], [(9, 13), (7, 15), (5, 17), (3, 19), (1, 18), (0, 16), (2, 14), (4, 12), (6, 10)], [(11, 13), (9, 15), (7, 17), (5, 19), (3, 18), (1, 16), (0, 14), (2, 12), (4, 10), (6, 8)], [(11, 15), (9, 17), (7, 19), (5, 18), (3, 16), (1, 14), (0, 12), (2, 10), (4, 8)], [(13, 15), (11, 17), (9, 19), (7, 18), (5, 16), (3, 14), (1, 12), (0, 10), (2, 8), (4, 6)], [(13, 17), (11, 19), (9, 18), (7, 16), (5, 14), (3, 12), (1, 10), (0, 8), (2, 6)], [(15, 17), (13, 19), (11, 18), (9, 16), (7, 14), (5, 12), (3, 10), (1, 8), (0, 6), (2, 4)], [(15, 19), (13, 18), (11, 16), (9, 14), (7, 12), (5, 10), (3, 8), (1, 6), (0, 4)], [(17, 19), (15, 18), (13, 16), (11, 14), (9, 12), (7, 10), (5, 8), (3, 6), (1, 4), (0, 2)], [(17, 18), (15, 16), (13, 14), (11, 12), (9, 10), (7, 8), (5, 6), (3, 4), (1, 2)]]


#############################################################################
Coefficients are sorted according to absolut True and invert False

edge columns [[(5, 7), (3, 16)], [(7, 16), (6, 8), (3, 10), (0, 4)], [(4, 15)], [(7, 15)], [(15, 18), (4, 19)], [(5, 15), (10, 18), (4, 6)], [(17, 18), (9, 19)], [(3, 17), (11, 16)], [(5, 11), (0, 1), (15, 17)], [(1, 7), (6, 12), (8, 18)], [(18, 19), (2, 4), (13, 16), (5, 17), (9, 11), (3, 14)], [(5, 16), (8, 9), (2, 7), (13, 15)], [(2, 9), (1, 18), (8, 19), (5, 14), (7, 13)], [(8, 10)], [(10, 17), (8, 12), (7, 18)], [(1, 10), (8, 16)], [(10, 15)], [(6, 15)], [(6, 14), (2, 17)], [(9, 17), (16, 18), (0, 7), (2, 14), (4, 12), (6, 19)], [(1, 16), (10, 14), (5, 18), (15, 19), (6, 9)], [(1, 15), (4, 5), (12, 13)], [(12, 17), (0, 13), (11, 18), (4, 8)], [(1, 4), (2, 5), (0, 18), (6, 13)], [(3, 18), (13, 14), (4, 9), (10, 11)], [(2, 3), (5, 12), (9, 10), (16, 17), (0, 19)], [(5, 13), (4, 17), (7, 11)], [(3, 11), (5, 10)], [(4, 10), (0, 15), (6, 7), (11, 19)], [(8, 11)], [(3, 8), (0, 11)], [(0, 6), (13, 18)], [(3, 13), (7, 14), (1, 19)], [(3, 19), (7, 9), (14, 17)], [(13, 19), (12, 14)], [(9, 14)], [(8, 14), (4, 11), (10, 12), (3, 7)], [(3, 12), (4, 16), (2, 8), (11, 14), (9, 18), (6, 17), (1, 13)], [(1, 3), (14, 16)], [(15, 16), (1, 8), (3, 9), (12, 18), (10, 13)], [(2, 12), (0, 10)], [(7, 10), (12, 16), (0, 17)], [(12, 19), (2, 10)], [(2, 6), (0, 14), (4, 13)], [(4, 7), (0, 3), (1, 12)], [(1, 2), (0, 5)], [(2, 15)], [(9, 15), (5, 19), (7, 8), (6, 16), (2, 13)], [(12, 15), (1, 6), (4, 14)], [(5, 6)], [(5, 9), (7, 17)], [(1, 9), (2, 11)], [(1, 5), (8, 15), (14, 19), (11, 12)], [(8, 13)], [(5, 8), (7, 19), (11, 15)], [(11, 17), (1, 14), (9, 13)], [(9, 16)], [(0, 16), (9, 12)], [(2, 16), (0, 9), (1, 11)], [(1, 17), (16, 19), (6, 11), (0, 12)], [(17, 19), (3, 4), (6, 10)], [(10, 19), (7, 12), (0, 8), (6, 18)], [(14, 18), (13, 17)], [(14, 15), (2, 19), (4, 18)], [(3, 15)], [(3, 6)], [(3, 5), (2, 18), (10, 16)], [(0, 2), (11, 13), (8, 17)]]

~~~~~~~~~~~~~~~~~~~~~~~~~~~~~~~~~~~~~~ ITE
0 1 0

N: 20, 
r: 99, 
alpha: 0.01, 
shots: None, 
ansatz: structure_like_qubo_YZ_2, 
layer: 1, 
tau: 1.0, 
initialization: warm_start_measure, 
sorting: False, 
absolute: True, 
invert: False

edge columns [[(0, 1), (2, 3), (4, 5), (6, 7), (8, 9), (10, 11), (12, 13), (14, 15), (16, 17), (18, 19)], [(0, 3), (2, 5), (4, 7), (6, 9), (8, 11), (10, 13), (12, 15), (14, 17), (16, 19)], [(1, 3), (0, 5), (2, 7), (4, 9), (6, 11), (8, 13), (10, 15), (12, 17), (14, 19), (16, 18)], [(1, 5), (0, 7), (2, 9), (4, 11), (6, 13), (8, 15), (10, 17), (12, 19), (14, 18)], [(3, 5), (1, 7), (0, 9), (2, 11), (4, 13), (6, 15), (8, 17), (10, 19), (12, 18), (14, 16)], [(3, 7), (1, 9), (0, 11), (2, 13), (4, 15), (6, 17), (8, 19), (10, 18), (12, 16)], [(5, 7), (3, 9), (1, 11), (0, 13), (2, 15), (4, 17), (6, 19), (8, 18), (10, 16), (12, 14)], [(5, 9), (3, 11), (1, 13), (0, 15), (2, 17), (4, 19), (6, 18), (8, 16), (10, 14)], [(7, 9), (5, 11), (3, 13), (1, 15), (0, 17), (2, 19), (4, 18), (6, 16), (8, 14), (10, 12)], [(7, 11), (5, 13), (3, 15), (1, 17), (0, 19), (2, 18), (4, 16), (6, 14), (8, 12)], [(9, 11), (7, 13), (5, 15), (3, 17), (1, 19), (0, 18), (2, 16), (4, 14), (6, 12), (8, 10)], [(9, 13), (7, 15), (5, 17), (3, 19), (1, 18), (0, 16), (2, 14), (4, 12), (6, 10)], [(11, 13), (9, 15), (7, 17), (5, 19), (3, 18), (1, 16), (0, 14), (2, 12), (4, 10), (6, 8)], [(11, 15), (9, 17), (7, 19), (5, 18), (3, 16), (1, 14), (0, 12), (2, 10), (4, 8)], [(13, 15), (11, 17), (9, 19), (7, 18), (5, 16), (3, 14), (1, 12), (0, 10), (2, 8), (4, 6)], [(13, 17), (11, 19), (9, 18), (7, 16), (5, 14), (3, 12), (1, 10), (0, 8), (2, 6)], [(15, 17), (13, 19), (11, 18), (9, 16), (7, 14), (5, 12), (3, 10), (1, 8), (0, 6), (2, 4)], [(15, 19), (13, 18), (11, 16), (9, 14), (7, 12), (5, 10), (3, 8), (1, 6), (0, 4)], [(17, 19), (15, 18), (13, 16), (11, 14), (9, 12), (7, 10), (5, 8), (3, 6), (1, 4), (0, 2)], [(17, 18), (15, 16), (13, 14), (11, 12), (9, 10), (7, 8), (5, 6), (3, 4), (1, 2)]]


#############################################################################
Order of gates is random

~~~~~~~~~~~~~~~~~~~~~~~~~~~~~~~~~~~~~~ ITE
0 0 0

N: 20, 
r: 99, 
alpha: 0.01, 
shots: None, 
ansatz: structure_like_qubo_YZ_2, 
layer: 1, 
tau: 1.0, 
initialization: warm_start_measure, 
sorting: False, 
absolute: False, 
invert: False

edge columns [[(0, 1), (2, 3), (4, 5), (6, 7), (8, 9), (10, 11), (12, 13), (14, 15), (16, 17), (18, 19)], [(0, 3), (2, 5), (4, 7), (6, 9), (8, 11), (10, 13), (12, 15), (14, 17), (16, 19)], [(1, 3), (0, 5), (2, 7), (4, 9), (6, 11), (8, 13), (10, 15), (12, 17), (14, 19), (16, 18)], [(1, 5), (0, 7), (2, 9), (4, 11), (6, 13), (8, 15), (10, 17), (12, 19), (14, 18)], [(3, 5), (1, 7), (0, 9), (2, 11), (4, 13), (6, 15), (8, 17), (10, 19), (12, 18), (14, 16)], [(3, 7), (1, 9), (0, 11), (2, 13), (4, 15), (6, 17), (8, 19), (10, 18), (12, 16)], [(5, 7), (3, 9), (1, 11), (0, 13), (2, 15), (4, 17), (6, 19), (8, 18), (10, 16), (12, 14)], [(5, 9), (3, 11), (1, 13), (0, 15), (2, 17), (4, 19), (6, 18), (8, 16), (10, 14)], [(7, 9), (5, 11), (3, 13), (1, 15), (0, 17), (2, 19), (4, 18), (6, 16), (8, 14), (10, 12)], [(7, 11), (5, 13), (3, 15), (1, 17), (0, 19), (2, 18), (4, 16), (6, 14), (8, 12)], [(9, 11), (7, 13), (5, 15), (3, 17), (1, 19), (0, 18), (2, 16), (4, 14), (6, 12), (8, 10)], [(9, 13), (7, 15), (5, 17), (3, 19), (1, 18), (0, 16), (2, 14), (4, 12), (6, 10)], [(11, 13), (9, 15), (7, 17), (5, 19), (3, 18), (1, 16), (0, 14), (2, 12), (4, 10), (6, 8)], [(11, 15), (9, 17), (7, 19), (5, 18), (3, 16), (1, 14), (0, 12), (2, 10), (4, 8)], [(13, 15), (11, 17), (9, 19), (7, 18), (5, 16), (3, 14), (1, 12), (0, 10), (2, 8), (4, 6)], [(13, 17), (11, 19), (9, 18), (7, 16), (5, 14), (3, 12), (1, 10), (0, 8), (2, 6)], [(15, 17), (13, 19), (11, 18), (9, 16), (7, 14), (5, 12), (3, 10), (1, 8), (0, 6), (2, 4)], [(15, 19), (13, 18), (11, 16), (9, 14), (7, 12), (5, 10), (3, 8), (1, 6), (0, 4)], [(17, 19), (15, 18), (13, 16), (11, 14), (9, 12), (7, 10), (5, 8), (3, 6), (1, 4), (0, 2)], [(17, 18), (15, 16), (13, 14), (11, 12), (9, 10), (7, 8), (5, 6), (3, 4), (1, 2)]]


#############################################################################
Order of gates is random

~~~~~~~~~~~~~~~~~~~~~~~~~~~~~~~~~~~~~~ ITE
0 1 1

N: 20, 
r: 99, 
alpha: 0.01, 
shots: None, 
ansatz: structure_like_qubo_YZ_2, 
layer: 1, 
tau: 1.0, 
initialization: warm_start_measure, 
sorting: False, 
absolute: True, 
invert: True

edge columns [[(0, 1), (2, 3), (4, 5), (6, 7), (8, 9), (10, 11), (12, 13), (14, 15), (16, 17), (18, 19)], [(0, 3), (2, 5), (4, 7), (6, 9), (8, 11), (10, 13), (12, 15), (14, 17), (16, 19)], [(1, 3), (0, 5), (2, 7), (4, 9), (6, 11), (8, 13), (10, 15), (12, 17), (14, 19), (16, 18)], [(1, 5), (0, 7), (2, 9), (4, 11), (6, 13), (8, 15), (10, 17), (12, 19), (14, 18)], [(3, 5), (1, 7), (0, 9), (2, 11), (4, 13), (6, 15), (8, 17), (10, 19), (12, 18), (14, 16)], [(3, 7), (1, 9), (0, 11), (2, 13), (4, 15), (6, 17), (8, 19), (10, 18), (12, 16)], [(5, 7), (3, 9), (1, 11), (0, 13), (2, 15), (4, 17), (6, 19), (8, 18), (10, 16), (12, 14)], [(5, 9), (3, 11), (1, 13), (0, 15), (2, 17), (4, 19), (6, 18), (8, 16), (10, 14)], [(7, 9), (5, 11), (3, 13), (1, 15), (0, 17), (2, 19), (4, 18), (6, 16), (8, 14), (10, 12)], [(7, 11), (5, 13), (3, 15), (1, 17), (0, 19), (2, 18), (4, 16), (6, 14), (8, 12)], [(9, 11), (7, 13), (5, 15), (3, 17), (1, 19), (0, 18), (2, 16), (4, 14), (6, 12), (8, 10)], [(9, 13), (7, 15), (5, 17), (3, 19), (1, 18), (0, 16), (2, 14), (4, 12), (6, 10)], [(11, 13), (9, 15), (7, 17), (5, 19), (3, 18), (1, 16), (0, 14), (2, 12), (4, 10), (6, 8)], [(11, 15), (9, 17), (7, 19), (5, 18), (3, 16), (1, 14), (0, 12), (2, 10), (4, 8)], [(13, 15), (11, 17), (9, 19), (7, 18), (5, 16), (3, 14), (1, 12), (0, 10), (2, 8), (4, 6)], [(13, 17), (11, 19), (9, 18), (7, 16), (5, 14), (3, 12), (1, 10), (0, 8), (2, 6)], [(15, 17), (13, 19), (11, 18), (9, 16), (7, 14), (5, 12), (3, 10), (1, 8), (0, 6), (2, 4)], [(15, 19), (13, 18), (11, 16), (9, 14), (7, 12), (5, 10), (3, 8), (1, 6), (0, 4)], [(17, 19), (15, 18), (13, 16), (11, 14), (9, 12), (7, 10), (5, 8), (3, 6), (1, 4), (0, 2)], [(17, 18), (15, 16), (13, 14), (11, 12), (9, 10), (7, 8), (5, 6), (3, 4), (1, 2)]]


#############################################################################
Order of gates is random

~~~~~~~~~~~~~~~~~~~~~~~~~~~~~~~~~~~~~~ ITE
1 0 0

N: 20, 
r: 99, 
alpha: 0.01, 
shots: None, 
ansatz: structure_like_qubo_YZ_2, 
layer: 1, 
tau: 1.0, 
initialization: warm_start_measure, 
sorting: True, 
absolute: False, 
invert: False

edge columns [[(0, 1), (2, 3), (4, 5), (6, 7), (8, 9), (10, 11), (12, 13), (14, 15), (16, 17), (18, 19)], [(0, 3), (2, 5), (4, 7), (6, 9), (8, 11), (10, 13), (12, 15), (14, 17), (16, 19)], [(1, 3), (0, 5), (2, 7), (4, 9), (6, 11), (8, 13), (10, 15), (12, 17), (14, 19), (16, 18)], [(1, 5), (0, 7), (2, 9), (4, 11), (6, 13), (8, 15), (10, 17), (12, 19), (14, 18)], [(3, 5), (1, 7), (0, 9), (2, 11), (4, 13), (6, 15), (8, 17), (10, 19), (12, 18), (14, 16)], [(3, 7), (1, 9), (0, 11), (2, 13), (4, 15), (6, 17), (8, 19), (10, 18), (12, 16)], [(5, 7), (3, 9), (1, 11), (0, 13), (2, 15), (4, 17), (6, 19), (8, 18), (10, 16), (12, 14)], [(5, 9), (3, 11), (1, 13), (0, 15), (2, 17), (4, 19), (6, 18), (8, 16), (10, 14)], [(7, 9), (5, 11), (3, 13), (1, 15), (0, 17), (2, 19), (4, 18), (6, 16), (8, 14), (10, 12)], [(7, 11), (5, 13), (3, 15), (1, 17), (0, 19), (2, 18), (4, 16), (6, 14), (8, 12)], [(9, 11), (7, 13), (5, 15), (3, 17), (1, 19), (0, 18), (2, 16), (4, 14), (6, 12), (8, 10)], [(9, 13), (7, 15), (5, 17), (3, 19), (1, 18), (0, 16), (2, 14), (4, 12), (6, 10)], [(11, 13), (9, 15), (7, 17), (5, 19), (3, 18), (1, 16), (0, 14), (2, 12), (4, 10), (6, 8)], [(11, 15), (9, 17), (7, 19), (5, 18), (3, 16), (1, 14), (0, 12), (2, 10), (4, 8)], [(13, 15), (11, 17), (9, 19), (7, 18), (5, 16), (3, 14), (1, 12), (0, 10), (2, 8), (4, 6)], [(13, 17), (11, 19), (9, 18), (7, 16), (5, 14), (3, 12), (1, 10), (0, 8), (2, 6)], [(15, 17), (13, 19), (11, 18), (9, 16), (7, 14), (5, 12), (3, 10), (1, 8), (0, 6), (2, 4)], [(15, 19), (13, 18), (11, 16), (9, 14), (7, 12), (5, 10), (3, 8), (1, 6), (0, 4)], [(17, 19), (15, 18), (13, 16), (11, 14), (9, 12), (7, 10), (5, 8), (3, 6), (1, 4), (0, 2)], [(17, 18), (15, 16), (13, 14), (11, 12), (9, 10), (7, 8), (5, 6), (3, 4), (1, 2)]]


#############################################################################
Coefficients are sorted according to absolut False and invert False

edge columns [[(0, 2)], [(2, 19), (14, 15), (13, 17), (6, 18), (0, 8)], [(10, 19), (3, 4), (0, 12), (6, 11)], [(16, 19), (1, 17), (9, 12)], [(0, 16)], [(9, 16)], [(9, 13), (1, 14), (11, 17)], [(11, 15)], [(11, 12)], [(2, 11), (1, 9)], [(5, 9), (4, 14), (6, 16), (7, 8)], [(9, 15), (0, 5), (1, 2)], [(2, 6), (12, 16), (7, 10)], [(10, 13), (3, 9), (11, 14), (2, 8), (4, 16)], [(3, 12)], [(3, 7), (10, 12), (4, 11), (9, 14)], [(7, 14), (3, 13), (0, 6), (8, 11)], [(11, 19), (0, 15), (4, 10)], [(5, 10), (3, 11), (4, 17)], [(16, 17), (2, 3), (4, 9), (13, 14)], [(6, 13), (4, 8)], [(12, 13), (1, 15)], [(15, 19), (10, 14), (1, 16)], [(6, 19), (2, 14)], [(6, 14)], [(6, 15), (8, 16), (1, 10)], [(10, 17)], [(8, 10), (2, 9)], [(2, 7), (5, 17), (8, 18), (6, 12)], [(1, 7)], [(0, 1), (11, 16), (17, 18), (4, 6)], [(4, 19), (7, 15)], [(4, 15)], [(0, 4), (3, 10), (6, 8), (5, 7)], [(3, 16)], [(7, 16), (15, 18)], [(5, 15), (10, 18), (9, 19), (3, 17)], [(5, 11), (15, 17), (18, 19), (2, 4), (13, 16)], [(9, 11), (3, 14), (5, 16)], [(8, 9), (13, 15), (1, 18)], [(8, 19), (5, 14), (7, 13)], [(8, 12), (7, 18), (10, 15), (2, 17)], [(9, 17), (16, 18), (0, 7), (4, 12)], [(5, 18), (6, 9)], [(4, 5), (12, 17), (0, 13), (11, 18)], [(1, 4), (2, 5), (0, 18)], [(3, 18), (10, 11), (5, 12)], [(9, 10), (0, 19), (5, 13), (7, 11)], [(6, 7), (3, 8), (0, 11), (13, 18), (1, 19)], [(3, 19), (7, 9), (14, 17)], [(13, 19), (12, 14)], [(8, 14), (9, 18), (6, 17), (1, 13)], [(1, 3), (14, 16)], [(15, 16), (1, 8), (12, 18)], [(2, 12), (0, 10)], [(0, 17), (12, 19), (2, 10)], [(0, 14), (4, 13)], [(4, 7), (0, 3), (1, 12), (2, 15), (5, 19)], [(2, 13), (12, 15), (1, 6)], [(5, 6), (7, 17)], [(1, 5), (8, 15), (14, 19)], [(8, 13)], [(5, 8), (7, 19), (2, 16), (0, 9), (1, 11)], [(17, 19), (6, 10), (7, 12), (14, 18)], [(4, 18), (3, 15)], [(3, 6)], [(3, 5), (10, 16), (2, 18), (11, 13), (8, 17)]]

~~~~~~~~~~~~~~~~~~~~~~~~~~~~~~~~~~~~~~ ITE
1 0 1

N: 20, 
r: 99, 
alpha: 0.01, 
shots: None, 
ansatz: structure_like_qubo_YZ_2, 
layer: 1, 
tau: 1.0, 
initialization: warm_start_measure, 
sorting: True, 
absolute: False, 
invert: True

edge columns [[(0, 1), (2, 3), (4, 5), (6, 7), (8, 9), (10, 11), (12, 13), (14, 15), (16, 17), (18, 19)], [(0, 3), (2, 5), (4, 7), (6, 9), (8, 11), (10, 13), (12, 15), (14, 17), (16, 19)], [(1, 3), (0, 5), (2, 7), (4, 9), (6, 11), (8, 13), (10, 15), (12, 17), (14, 19), (16, 18)], [(1, 5), (0, 7), (2, 9), (4, 11), (6, 13), (8, 15), (10, 17), (12, 19), (14, 18)], [(3, 5), (1, 7), (0, 9), (2, 11), (4, 13), (6, 15), (8, 17), (10, 19), (12, 18), (14, 16)], [(3, 7), (1, 9), (0, 11), (2, 13), (4, 15), (6, 17), (8, 19), (10, 18), (12, 16)], [(5, 7), (3, 9), (1, 11), (0, 13), (2, 15), (4, 17), (6, 19), (8, 18), (10, 16), (12, 14)], [(5, 9), (3, 11), (1, 13), (0, 15), (2, 17), (4, 19), (6, 18), (8, 16), (10, 14)], [(7, 9), (5, 11), (3, 13), (1, 15), (0, 17), (2, 19), (4, 18), (6, 16), (8, 14), (10, 12)], [(7, 11), (5, 13), (3, 15), (1, 17), (0, 19), (2, 18), (4, 16), (6, 14), (8, 12)], [(9, 11), (7, 13), (5, 15), (3, 17), (1, 19), (0, 18), (2, 16), (4, 14), (6, 12), (8, 10)], [(9, 13), (7, 15), (5, 17), (3, 19), (1, 18), (0, 16), (2, 14), (4, 12), (6, 10)], [(11, 13), (9, 15), (7, 17), (5, 19), (3, 18), (1, 16), (0, 14), (2, 12), (4, 10), (6, 8)], [(11, 15), (9, 17), (7, 19), (5, 18), (3, 16), (1, 14), (0, 12), (2, 10), (4, 8)], [(13, 15), (11, 17), (9, 19), (7, 18), (5, 16), (3, 14), (1, 12), (0, 10), (2, 8), (4, 6)], [(13, 17), (11, 19), (9, 18), (7, 16), (5, 14), (3, 12), (1, 10), (0, 8), (2, 6)], [(15, 17), (13, 19), (11, 18), (9, 16), (7, 14), (5, 12), (3, 10), (1, 8), (0, 6), (2, 4)], [(15, 19), (13, 18), (11, 16), (9, 14), (7, 12), (5, 10), (3, 8), (1, 6), (0, 4)], [(17, 19), (15, 18), (13, 16), (11, 14), (9, 12), (7, 10), (5, 8), (3, 6), (1, 4), (0, 2)], [(17, 18), (15, 16), (13, 14), (11, 12), (9, 10), (7, 8), (5, 6), (3, 4), (1, 2)]]


#############################################################################
Coefficients are sorted according to absolut False and invert True

edge columns [[(8, 17), (11, 13), (2, 18), (10, 16), (3, 5)], [(3, 6)], [(3, 15), (4, 18)], [(14, 18), (7, 12), (6, 10), (17, 19), (1, 11), (0, 9), (2, 16)], [(7, 19), (5, 8)], [(8, 13), (14, 19)], [(8, 15), (1, 5), (7, 17)], [(5, 6)], [(1, 6), (12, 15), (2, 13), (5, 19)], [(2, 15), (1, 12), (0, 3), (4, 7)], [(4, 13), (0, 14), (2, 10), (12, 19)], [(0, 17)], [(0, 10), (2, 12)], [(12, 18), (1, 8), (15, 16)], [(14, 16), (1, 3)], [(1, 13), (6, 17), (9, 18), (8, 14)], [(12, 14), (13, 19)], [(14, 17), (7, 9), (3, 19)], [(1, 19), (13, 18), (0, 11), (3, 8), (6, 7)], [(7, 11), (5, 13), (0, 19), (9, 10)], [(5, 12), (10, 11), (3, 18)], [(0, 18), (2, 5), (1, 4)], [(11, 18), (0, 13), (12, 17), (4, 5), (6, 9)], [(5, 18), (4, 12), (0, 7)], [(16, 18), (9, 17)], [(2, 17), (10, 15), (7, 18), (8, 12)], [(7, 13), (5, 14), (8, 19), (1, 18)], [(13, 15), (8, 9), (5, 16), (3, 14)], [(9, 11), (13, 16), (2, 4), (18, 19), (15, 17)], [(5, 11), (3, 17), (9, 19), (10, 18)], [(5, 15)], [(15, 18), (7, 16)], [(3, 16), (5, 7), (6, 8)], [(3, 10), (0, 4)], [(4, 15)], [(7, 15), (4, 19)], [(4, 6), (17, 18), (11, 16), (0, 1)], [(1, 7), (6, 12), (8, 18), (5, 17)], [(2, 7)], [(2, 9), (8, 10)], [(10, 17)], [(1, 10), (8, 16), (6, 15)], [(6, 14)], [(2, 14), (6, 19), (1, 16)], [(10, 14), (15, 19)], [(1, 15), (12, 13), (4, 8)], [(6, 13)], [(13, 14), (4, 9), (2, 3), (16, 17)], [(4, 17), (3, 11), (5, 10)], [(4, 10), (0, 15), (11, 19)], [(8, 11), (0, 6), (3, 13), (7, 14)], [(9, 14), (4, 11), (10, 12), (3, 7)], [(3, 12), (4, 16), (2, 8), (11, 14)], [(3, 9), (10, 13)], [(7, 10), (12, 16), (2, 6)], [(1, 2), (0, 5), (9, 15), (7, 8), (6, 16), (4, 14)], [(5, 9)], [(1, 9), (2, 11)], [(11, 12)], [(11, 15)], [(11, 17), (1, 14), (9, 13)], [(9, 16)], [(0, 16), (9, 12), (1, 17)], [(16, 19), (6, 11), (0, 12), (3, 4)], [(10, 19), (0, 8), (6, 18), (13, 17), (14, 15)], [(2, 19)], [(0, 2)]]

~~~~~~~~~~~~~~~~~~~~~~~~~~~~~~~~~~~~~~ ITE
