
N: 14, 
r: 81, 
alpha: 0.01, 
shots: None, 
ansatz: structure_like_qubo_YZ_2, 
layer: 1, 
tau: 0.2, 
initialization: warm_start_measure_lightcone
edge_coeff_dict {(0,): -0.7227, (1,): -0.0833, (2,): -0.6795, (3,): -0.8012, (4,): 0.8865, (5,): -0.4805, (6,): -0.9266, (7,): -0.367, (8,): -0.4366, (9,): -0.8611, (10,): 0.1338, (11,): -0.4468, (12,): -0.3876, (13,): -0.7274, (0, 1): -0.8679, (0, 2): 0.5044, (0, 3): 0.2993, (0, 4): 0.1686, (0, 5): -0.3627, (0, 6): -0.0882, (0, 7): 0.6866, (0, 8): -0.0938, (0, 9): 0.7476, (0, 10): 0.3875, (0, 11): -0.4076, (0, 12): -0.7942, (0, 13): -0.9143, (1, 2): -0.2454, (1, 3): -0.0036, (1, 4): -0.4482, (1, 5): 0.4276, (1, 6): -0.9996, (1, 7): 0.2137, (1, 8): 0.1484, (1, 9): -0.0944, (1, 10): -0.7573, (1, 11): 0.5009, (1, 12): -0.0285, (1, 13): -0.4926, (2, 3): -0.9501, (2, 4): -0.2464, (2, 5): -0.549, (2, 6): 0.5643, (2, 7): -0.5665, (2, 8): -0.1425, (2, 9): 0.2858, (2, 10): -0.6105, (2, 11): 0.4009, (2, 12): -0.8138, (2, 13): 0.2713, (3, 4): 0.923, (3, 5): 0.2738, (3, 6): 0.3447, (3, 7): 0.8922, (3, 8): 0.885, (3, 9): 0.4984, (3, 10): 0.3804, (3, 11): 0.1892, (3, 12): 0.0804, (3, 13): -0.759, (4, 5): -0.3585, (4, 6): -0.8955, (4, 7): -0.894, (4, 8): -0.3339, (4, 9): -0.8231, (4, 10): 0.1141, (4, 11): -0.7016, (4, 12): 0.4416, (4, 13): -0.1719, (5, 6): -0.8871, (5, 7): 0.3249, (5, 8): 0.3775, (5, 9): -0.3947, (5, 10): 0.7299, (5, 11): 0.3002, (5, 12): -0.7128, (5, 13): -0.1929, (6, 7): 0.6228, (6, 8): 0.081, (6, 9): 0.2879, (6, 10): 0.7713, (6, 11): 0.0054, (6, 12): 0.224, (6, 13): 0.435, (7, 8): -0.294, (7, 9): 0.8338, (7, 10): -0.4582, (7, 11): -0.8916, (7, 12): -0.3156, (7, 13): -0.9427, (8, 9): -0.9018, (8, 10): -0.9344, (8, 11): -0.8929, (8, 12): 0.9572, (8, 13): 0.0498, (9, 10): -0.3783, (9, 11): -0.9981, (9, 12): 0.6235, (9, 13): -0.753, (10, 11): 0.0994, (10, 12): -0.0079, (10, 13): 0.7568, (11, 12): -0.3141, (11, 13): -0.9984, (12, 13): -0.659}

number of columns is: 14

##################################################
column index 0 column [(0, 1), (2, 3), (4, 5), (6, 7), (8, 9), (10, 11), (12, 13)]

edge (0, 1)

edge (2, 3)

edge (4, 5)

edge (6, 7)

edge (8, 9)

edge (10, 11)

edge (12, 13)

##################################################
column index 1 column [(0, 3), (2, 5), (4, 7), (6, 9), (8, 11), (10, 13)]

edge (0, 3)

edge (2, 5)

edge (4, 7)

edge (6, 9)

edge (8, 11)

edge (10, 13)

##################################################
column index 2 column [(1, 3), (0, 5), (2, 7), (4, 9), (6, 11), (8, 13), (10, 12)]

edge (1, 3)

edge (0, 5)

edge (2, 7)

edge (4, 9)

edge (6, 11)

edge (8, 13)

edge (10, 12)

##################################################
column index 3 column [(1, 5), (0, 7), (2, 9), (4, 11), (6, 13), (8, 12)]

edge (1, 5)

edge (0, 7)

edge (2, 9)

edge (4, 11)

edge (6, 13)

edge (8, 12)

##################################################
column index 4 column [(3, 5), (1, 7), (0, 9), (2, 11), (4, 13), (6, 12), (8, 10)]

edge (3, 5)

edge (1, 7)

edge (0, 9)

edge (2, 11)

edge (4, 13)

edge (6, 12)

edge (8, 10)

##################################################
column index 5 column [(3, 7), (1, 9), (0, 11), (2, 13), (4, 12), (6, 10)]

edge (3, 7)

edge (1, 9)

edge (0, 11)

edge (2, 13)

edge (4, 12)

edge (6, 10)

##################################################
column index 6 column [(5, 7), (3, 9), (1, 11), (0, 13), (2, 12), (4, 10), (6, 8)]

edge (5, 7)

edge (3, 9)

edge (1, 11)

edge (0, 13)

edge (2, 12)

edge (4, 10)

edge (6, 8)

##################################################
column index 7 column [(5, 9), (3, 11), (1, 13), (0, 12), (2, 10), (4, 8)]

edge (5, 9)

edge (3, 11)

edge (1, 13)

edge (0, 12)

edge (2, 10)

edge (4, 8)

##################################################
column index 8 column [(7, 9), (5, 11), (3, 13), (1, 12), (0, 10), (2, 8), (4, 6)]

edge (7, 9)

edge (5, 11)

edge (3, 13)

edge (1, 12)

edge (0, 10)

edge (2, 8)

edge (4, 6)

##################################################
column index 9 column [(7, 11), (5, 13), (3, 12), (1, 10), (0, 8), (2, 6)]

edge (7, 11)

edge (5, 13)

edge (3, 12)

edge (1, 10)

edge (0, 8)

edge (2, 6)

##################################################
column index 10 column [(9, 11), (7, 13), (5, 12), (3, 10), (1, 8), (0, 6), (2, 4)]

edge (9, 11)

edge (7, 13)

edge (5, 12)

edge (3, 10)

edge (1, 8)

edge (0, 6)

edge (2, 4)

##################################################
column index 11 column [(9, 13), (7, 12), (5, 10), (3, 8), (1, 6), (0, 4)]

edge (9, 13)

edge (7, 12)

edge (5, 10)

edge (3, 8)

edge (1, 6)

edge (0, 4)

##################################################
column index 12 column [(11, 13), (9, 12), (7, 10), (5, 8), (3, 6), (1, 4), (0, 2)]

edge (11, 13)

edge (9, 12)

edge (7, 10)

edge (5, 8)

edge (3, 6)

edge (1, 4)

edge (0, 2)

##################################################
column index 13 column [(11, 12), (9, 10), (7, 8), (5, 6), (3, 4), (1, 2)]

edge (11, 12)

edge (9, 10)

edge (7, 8)

edge (5, 6)

edge (3, 4)

edge (1, 2)
updated statevector Statevector([0.04375329+0.j, 0.02582728+0.j, 0.01124226+0.j, ...,
             0.00044379+0.j, 0.00351979+0.j, 0.0035202 +0.j],
            dims=(2, 2, 2, 2, 2, 2, 2, 2, 2, 2, 2, 2, 2, 2))
tau: 0.2

warm start fidelity lightcone (-23.186600000000016, 0.01504840544683649)
num params 196
Write sucessfully to ./data/ansatz_type_structure_like_qubo_YZ_2/shots_None/num_variables_014/params_196_layer_1/alpha_0.01/initial_warm_start_measure_lightcone/r_81/

N: 14, 
r: 87, 
alpha: 0.01, 
shots: None, 
ansatz: structure_like_qubo_YZ_2, 
layer: 1, 
tau: 0.2, 
initialization: warm_start_measure_lightcone
edge_coeff_dict {(0,): -0.1031, (1,): 0.1847, (2,): -0.0007, (3,): 0.7618, (4,): 0.9844, (5,): 0.3549, (6,): -0.9886, (7,): 0.1503, (8,): 0.0638, (9,): -0.5321, (10,): -0.2769, (11,): -0.0223, (12,): 0.3975, (13,): 0.3829, (0, 1): 0.6941, (0, 2): 0.3309, (0, 3): 0.9464, (0, 4): -0.7629, (0, 5): -0.7582, (0, 6): -0.9626, (0, 7): -0.9976, (0, 8): -0.5144, (0, 9): -0.0785, (0, 10): 0.6605, (0, 11): 0.1147, (0, 12): -0.0817, (0, 13): 0.5627, (1, 2): -0.5387, (1, 3): 0.2728, (1, 4): -0.5973, (1, 5): -0.8252, (1, 6): 0.111, (1, 7): -0.5088, (1, 8): 0.2703, (1, 9): -0.8436, (1, 10): 0.1793, (1, 11): -0.3791, (1, 12): -0.854, (1, 13): 0.074, (2, 3): 0.4937, (2, 4): 0.2226, (2, 5): 0.5544, (2, 6): -0.3538, (2, 7): 0.3147, (2, 8): -0.6913, (2, 9): -0.1142, (2, 10): -0.1074, (2, 11): 0.4578, (2, 12): -0.4368, (2, 13): 0.7511, (3, 4): 0.0531, (3, 5): -0.101, (3, 6): -0.2693, (3, 7): -0.0049, (3, 8): -0.0054, (3, 9): 0.8571, (3, 10): -0.8433, (3, 11): 0.3029, (3, 12): -0.7722, (3, 13): -0.3346, (4, 5): -0.1103, (4, 6): -0.8541, (4, 7): 0.2237, (4, 8): -0.8596, (4, 9): 0.966, (4, 10): 0.4485, (4, 11): -0.9414, (4, 12): -0.4099, (4, 13): -0.1407, (5, 6): -0.7626, (5, 7): -0.9903, (5, 8): -0.7367, (5, 9): 0.9965, (5, 10): -0.2607, (5, 11): -0.4615, (5, 12): -0.1357, (5, 13): -0.8108, (6, 7): -0.5275, (6, 8): 0.0792, (6, 9): -0.521, (6, 10): -0.9205, (6, 11): -0.8875, (6, 12): 0.5669, (6, 13): -0.176, (7, 8): 0.6048, (7, 9): -0.347, (7, 10): -0.2651, (7, 11): -0.4111, (7, 12): 0.4183, (7, 13): -0.5968, (8, 9): 0.6073, (8, 10): -0.9083, (8, 11): 0.8692, (8, 12): -0.094, (8, 13): -0.9385, (9, 10): -0.9698, (9, 11): 0.5498, (9, 12): 0.0568, (9, 13): 0.9162, (10, 11): 0.3717, (10, 12): -0.9154, (10, 13): -0.5236, (11, 12): -0.6935, (11, 13): 0.6468, (12, 13): 0.959}

number of columns is: 14

##################################################
column index 0 column [(0, 1), (2, 3), (4, 5), (6, 7), (8, 9), (10, 11), (12, 13)]

edge (0, 1)

edge (2, 3)

edge (4, 5)

edge (6, 7)

edge (8, 9)

edge (10, 11)

edge (12, 13)

##################################################
column index 1 column [(0, 3), (2, 5), (4, 7), (6, 9), (8, 11), (10, 13)]

edge (0, 3)

edge (2, 5)

edge (4, 7)

edge (6, 9)

edge (8, 11)

edge (10, 13)

##################################################
column index 2 column [(1, 3), (0, 5), (2, 7), (4, 9), (6, 11), (8, 13), (10, 12)]

edge (1, 3)

edge (0, 5)

edge (2, 7)

edge (4, 9)

edge (6, 11)

edge (8, 13)

edge (10, 12)

##################################################
column index 3 column [(1, 5), (0, 7), (2, 9), (4, 11), (6, 13), (8, 12)]

edge (1, 5)

edge (0, 7)

edge (2, 9)

edge (4, 11)

edge (6, 13)

edge (8, 12)

##################################################
column index 4 column [(3, 5), (1, 7), (0, 9), (2, 11), (4, 13), (6, 12), (8, 10)]

edge (3, 5)

edge (1, 7)

edge (0, 9)

edge (2, 11)

edge (4, 13)

edge (6, 12)

edge (8, 10)

##################################################
column index 5 column [(3, 7), (1, 9), (0, 11), (2, 13), (4, 12), (6, 10)]

edge (3, 7)

edge (1, 9)

edge (0, 11)

edge (2, 13)

edge (4, 12)

edge (6, 10)

##################################################
column index 6 column [(5, 7), (3, 9), (1, 11), (0, 13), (2, 12), (4, 10), (6, 8)]

edge (5, 7)

edge (3, 9)

edge (1, 11)

edge (0, 13)

edge (2, 12)

edge (4, 10)

edge (6, 8)

##################################################
column index 7 column [(5, 9), (3, 11), (1, 13), (0, 12), (2, 10), (4, 8)]

edge (5, 9)

edge (3, 11)

edge (1, 13)

edge (0, 12)

edge (2, 10)

edge (4, 8)

##################################################
column index 8 column [(7, 9), (5, 11), (3, 13), (1, 12), (0, 10), (2, 8), (4, 6)]

edge (7, 9)

edge (5, 11)

edge (3, 13)

edge (1, 12)

edge (0, 10)

edge (2, 8)

edge (4, 6)

##################################################
column index 9 column [(7, 11), (5, 13), (3, 12), (1, 10), (0, 8), (2, 6)]

edge (7, 11)

edge (5, 13)

edge (3, 12)

edge (1, 10)

edge (0, 8)

edge (2, 6)

##################################################
column index 10 column [(9, 11), (7, 13), (5, 12), (3, 10), (1, 8), (0, 6), (2, 4)]

edge (9, 11)

edge (7, 13)

edge (5, 12)

edge (3, 10)

edge (1, 8)

edge (0, 6)

edge (2, 4)

##################################################
column index 11 column [(9, 13), (7, 12), (5, 10), (3, 8), (1, 6), (0, 4)]

edge (9, 13)

edge (7, 12)

edge (5, 10)

edge (3, 8)

edge (1, 6)

edge (0, 4)

##################################################
column index 12 column [(11, 13), (9, 12), (7, 10), (5, 8), (3, 6), (1, 4), (0, 2)]

edge (11, 13)

edge (9, 12)

edge (7, 10)

edge (5, 8)

edge (3, 6)

edge (1, 4)

edge (0, 2)

##################################################
column index 13 column [(11, 12), (9, 10), (7, 8), (5, 6), (3, 4), (1, 2)]

edge (11, 12)

edge (9, 10)

edge (7, 8)

edge (5, 6)

edge (3, 4)

edge (1, 2)
updated statevector Statevector([0.0122987 +0.j, 0.01403113+0.j, 0.00323941+0.j, ...,
             0.0039095 +0.j, 0.02171335+0.j, 0.01982756+0.j],
            dims=(2, 2, 2, 2, 2, 2, 2, 2, 2, 2, 2, 2, 2, 2))
tau: 0.2

warm start fidelity lightcone (-21.19810000000001, 0.004819410732056052)
num params 196
Write sucessfully to ./data/ansatz_type_structure_like_qubo_YZ_2/shots_None/num_variables_014/params_196_layer_1/alpha_0.01/initial_warm_start_measure_lightcone/r_87/

N: 14, 
r: 1, 
alpha: 0.01, 
shots: None, 
ansatz: structure_like_qubo_YZ_2, 
layer: 1, 
tau: 0.2, 
initialization: warm_start_measure_lightcone
edge_coeff_dict {(0,): 0.6543, (1,): -0.2985, (2,): -0.3505, (3,): 0.3405, (4,): 0.7324, (5,): -0.5454, (6,): -0.7774, (7,): 0.7703, (8,): 0.1735, (9,): 0.5765, (10,): -0.5478, (11,): -0.8559, (12,): -0.8519, (13,): -0.4347, (0, 1): 0.6821, (0, 2): 0.614, (0, 3): 0.7905, (0, 4): 0.3479, (0, 5): -0.6962, (0, 6): 0.719, (0, 7): 0.4064, (0, 8): -0.7271, (0, 9): -0.2796, (0, 10): -0.259, (0, 11): -0.757, (0, 12): -0.2263, (0, 13): 0.1496, (1, 2): 0.4891, (1, 3): -0.6338, (1, 4): 0.9379, (1, 5): -0.0605, (1, 6): -0.0995, (1, 7): -0.8491, (1, 8): 0.5756, (1, 9): 0.2473, (1, 10): -0.2571, (1, 11): 0.4274, (1, 12): -0.6776, (1, 13): -0.46, (2, 3): -0.2091, (2, 4): -0.3893, (2, 5): 0.8764, (2, 6): 0.3253, (2, 7): -0.9533, (2, 8): 0.8155, (2, 9): 0.6224, (2, 10): 0.4362, (2, 11): -0.2891, (2, 12): -0.1529, (2, 13): 0.276, (3, 4): -0.5089, (3, 5): 0.6006, (3, 6): -0.3397, (3, 7): -0.9718, (3, 8): -0.4443, (3, 9): 0.4615, (3, 10): 0.045, (3, 11): -0.2561, (3, 12): 0.8899, (3, 13): -0.1434, (4, 5): -0.9238, (4, 6): 0.8081, (4, 7): 0.416, (4, 8): -0.525, (4, 9): 0.1639, (4, 10): 0.5572, (4, 11): 0.4321, (4, 12): -0.283, (4, 13): 0.6868, (5, 6): 0.724, (5, 7): -0.9155, (5, 8): 0.2833, (5, 9): -0.9959, (5, 10): 0.5926, (5, 11): -0.4415, (5, 12): 0.13, (5, 13): 0.0506, (6, 7): 0.1214, (6, 8): -0.6422, (6, 9): -0.3411, (6, 10): 0.6401, (6, 11): 0.2101, (6, 12): -0.4191, (6, 13): -0.8918, (7, 8): -0.6167, (7, 9): -0.4745, (7, 10): 0.2012, (7, 11): 0.4998, (7, 12): -0.034, (7, 13): 0.7421, (8, 9): -0.7448, (8, 10): -0.1951, (8, 11): -0.9308, (8, 12): -0.0476, (8, 13): -0.2252, (9, 10): -0.7905, (9, 11): -0.2624, (9, 12): 0.222, (9, 13): 0.7282, (10, 11): 0.7389, (10, 12): -0.5511, (10, 13): 0.1614, (11, 12): 0.5086, (11, 13): 0.9349, (12, 13): 0.2251}

number of columns is: 14

##################################################
column index 0 column [(0, 1), (2, 3), (4, 5), (6, 7), (8, 9), (10, 11), (12, 13)]

edge (0, 1)

edge (2, 3)

edge (4, 5)

edge (6, 7)

edge (8, 9)

edge (10, 11)

edge (12, 13)

##################################################
column index 1 column [(0, 3), (2, 5), (4, 7), (6, 9), (8, 11), (10, 13)]

edge (0, 3)

edge (2, 5)

edge (4, 7)

edge (6, 9)

edge (8, 11)

edge (10, 13)

##################################################
column index 2 column [(1, 3), (0, 5), (2, 7), (4, 9), (6, 11), (8, 13), (10, 12)]

edge (1, 3)

edge (0, 5)

edge (2, 7)

edge (4, 9)

edge (6, 11)

edge (8, 13)

edge (10, 12)

##################################################
column index 3 column [(1, 5), (0, 7), (2, 9), (4, 11), (6, 13), (8, 12)]

edge (1, 5)

edge (0, 7)

edge (2, 9)

edge (4, 11)

edge (6, 13)

edge (8, 12)

##################################################
column index 4 column [(3, 5), (1, 7), (0, 9), (2, 11), (4, 13), (6, 12), (8, 10)]

edge (3, 5)

edge (1, 7)

edge (0, 9)

edge (2, 11)

edge (4, 13)

edge (6, 12)

edge (8, 10)

##################################################
column index 5 column [(3, 7), (1, 9), (0, 11), (2, 13), (4, 12), (6, 10)]

edge (3, 7)

edge (1, 9)

edge (0, 11)

edge (2, 13)

edge (4, 12)

edge (6, 10)

##################################################
column index 6 column [(5, 7), (3, 9), (1, 11), (0, 13), (2, 12), (4, 10), (6, 8)]

edge (5, 7)

edge (3, 9)

edge (1, 11)

edge (0, 13)

edge (2, 12)

edge (4, 10)

edge (6, 8)

##################################################
column index 7 column [(5, 9), (3, 11), (1, 13), (0, 12), (2, 10), (4, 8)]

edge (5, 9)

edge (3, 11)

edge (1, 13)

edge (0, 12)

edge (2, 10)

edge (4, 8)

##################################################
column index 8 column [(7, 9), (5, 11), (3, 13), (1, 12), (0, 10), (2, 8), (4, 6)]

edge (7, 9)

edge (5, 11)

edge (3, 13)

edge (1, 12)

edge (0, 10)

edge (2, 8)

edge (4, 6)

##################################################
column index 9 column [(7, 11), (5, 13), (3, 12), (1, 10), (0, 8), (2, 6)]

edge (7, 11)

edge (5, 13)

edge (3, 12)

edge (1, 10)

edge (0, 8)

edge (2, 6)

##################################################
column index 10 column [(9, 11), (7, 13), (5, 12), (3, 10), (1, 8), (0, 6), (2, 4)]

edge (9, 11)

edge (7, 13)

edge (5, 12)

edge (3, 10)

edge (1, 8)

edge (0, 6)

edge (2, 4)

##################################################
column index 11 column [(9, 13), (7, 12), (5, 10), (3, 8), (1, 6), (0, 4)]

edge (9, 13)

edge (7, 12)

edge (5, 10)

edge (3, 8)

edge (1, 6)

edge (0, 4)

##################################################
column index 12 column [(11, 13), (9, 12), (7, 10), (5, 8), (3, 6), (1, 4), (0, 2)]

edge (11, 13)

edge (9, 12)

edge (7, 10)

edge (5, 8)

edge (3, 6)

edge (1, 4)

edge (0, 2)

##################################################
column index 13 column [(11, 12), (9, 10), (7, 8), (5, 6), (3, 4), (1, 2)]

edge (11, 12)

edge (9, 10)

edge (7, 8)

edge (5, 6)

edge (3, 4)

edge (1, 2)
updated statevector Statevector([0.00392457+0.j, 0.0077136 +0.j, 0.00361167+0.j, ...,
             0.00209991+0.j, 0.00147847+0.j, 0.00175836+0.j],
            dims=(2, 2, 2, 2, 2, 2, 2, 2, 2, 2, 2, 2, 2, 2))
tau: 0.2

warm start fidelity lightcone (-21.801900000000003, 0.00979821820518143)
num params 196
Write sucessfully to ./data/ansatz_type_structure_like_qubo_YZ_2/shots_None/num_variables_014/params_196_layer_1/alpha_0.01/initial_warm_start_measure_lightcone/r_1/

N: 14, 
r: 54, 
alpha: 0.01, 
shots: None, 
ansatz: structure_like_qubo_YZ_2, 
layer: 1, 
tau: 0.2, 
initialization: warm_start_measure_lightcone
edge_coeff_dict {(0,): 0.8507, (1,): 0.4114, (2,): -0.1439, (3,): -0.531, (4,): -0.0881, (5,): 0.942, (6,): -0.3243, (7,): 0.9181, (8,): 0.7336, (9,): -0.3068, (10,): -0.8864, (11,): -0.0782, (12,): -0.2217, (13,): -0.5084, (0, 1): -0.7934, (0, 2): 0.3579, (0, 3): 0.0017, (0, 4): -0.9613, (0, 5): -0.2719, (0, 6): 0.4259, (0, 7): -0.8965, (0, 8): 0.4861, (0, 9): -0.3009, (0, 10): -0.5892, (0, 11): -0.9163, (0, 12): -0.932, (0, 13): 0.8283, (1, 2): -0.3823, (1, 3): 0.4512, (1, 4): 0.3435, (1, 5): 0.2079, (1, 6): 0.1995, (1, 7): 0.752, (1, 8): 0.0532, (1, 9): -0.626, (1, 10): -0.7107, (1, 11): -0.8325, (1, 12): -0.8511, (1, 13): -0.7417, (2, 3): 0.8753, (2, 4): 0.2469, (2, 5): -0.1837, (2, 6): -0.2173, (2, 7): 0.2104, (2, 8): -0.2306, (2, 9): 0.1283, (2, 10): 0.0128, (2, 11): -0.6683, (2, 12): 0.9032, (2, 13): -0.5692, (3, 4): -0.2606, (3, 5): 0.328, (3, 6): -0.2949, (3, 7): 0.6933, (3, 8): -0.2518, (3, 9): 0.828, (3, 10): 0.1983, (3, 11): -0.4957, (3, 12): -0.3362, (3, 13): -0.669, (4, 5): -0.2717, (4, 6): 0.436, (4, 7): 0.2768, (4, 8): -0.5231, (4, 9): -0.2528, (4, 10): -0.7465, (4, 11): 0.8581, (4, 12): -0.9297, (4, 13): 0.5549, (5, 6): 0.9055, (5, 7): 0.5459, (5, 8): 0.692, (5, 9): 0.1164, (5, 10): 0.2197, (5, 11): -0.0916, (5, 12): -0.2526, (5, 13): 0.1919, (6, 7): -0.1819, (6, 8): -0.471, (6, 9): -0.9739, (6, 10): -0.7845, (6, 11): 0.5452, (6, 12): 0.5294, (6, 13): -0.6596, (7, 8): 0.5155, (7, 9): 0.293, (7, 10): 0.3107, (7, 11): 0.6441, (7, 12): -0.1761, (7, 13): 0.9881, (8, 9): 0.916, (8, 10): 0.4722, (8, 11): -0.1461, (8, 12): 0.7722, (8, 13): 0.8651, (9, 10): -0.2055, (9, 11): -0.3162, (9, 12): 0.0591, (9, 13): 0.469, (10, 11): 0.957, (10, 12): 0.8847, (10, 13): -0.3004, (11, 12): -0.2187, (11, 13): 0.4387, (12, 13): 0.6906}

number of columns is: 14

##################################################
column index 0 column [(0, 1), (2, 3), (4, 5), (6, 7), (8, 9), (10, 11), (12, 13)]

edge (0, 1)

edge (2, 3)

edge (4, 5)

edge (6, 7)

edge (8, 9)

edge (10, 11)

edge (12, 13)

##################################################
column index 1 column [(0, 3), (2, 5), (4, 7), (6, 9), (8, 11), (10, 13)]

edge (0, 3)

edge (2, 5)

edge (4, 7)

edge (6, 9)

edge (8, 11)

edge (10, 13)

##################################################
column index 2 column [(1, 3), (0, 5), (2, 7), (4, 9), (6, 11), (8, 13), (10, 12)]

edge (1, 3)

edge (0, 5)

edge (2, 7)

edge (4, 9)

edge (6, 11)

edge (8, 13)

edge (10, 12)

##################################################
column index 3 column [(1, 5), (0, 7), (2, 9), (4, 11), (6, 13), (8, 12)]

edge (1, 5)

edge (0, 7)

edge (2, 9)

edge (4, 11)

edge (6, 13)

edge (8, 12)

##################################################
column index 4 column [(3, 5), (1, 7), (0, 9), (2, 11), (4, 13), (6, 12), (8, 10)]

edge (3, 5)

edge (1, 7)

edge (0, 9)

edge (2, 11)

edge (4, 13)

edge (6, 12)

edge (8, 10)

##################################################
column index 5 column [(3, 7), (1, 9), (0, 11), (2, 13), (4, 12), (6, 10)]

edge (3, 7)

edge (1, 9)

edge (0, 11)

edge (2, 13)

edge (4, 12)

edge (6, 10)

##################################################
column index 6 column [(5, 7), (3, 9), (1, 11), (0, 13), (2, 12), (4, 10), (6, 8)]

edge (5, 7)

edge (3, 9)

edge (1, 11)

edge (0, 13)

edge (2, 12)

edge (4, 10)

edge (6, 8)

##################################################
column index 7 column [(5, 9), (3, 11), (1, 13), (0, 12), (2, 10), (4, 8)]

edge (5, 9)

edge (3, 11)

edge (1, 13)

edge (0, 12)

edge (2, 10)

edge (4, 8)

##################################################
column index 8 column [(7, 9), (5, 11), (3, 13), (1, 12), (0, 10), (2, 8), (4, 6)]

edge (7, 9)

edge (5, 11)

edge (3, 13)

edge (1, 12)

edge (0, 10)

edge (2, 8)

edge (4, 6)

##################################################
column index 9 column [(7, 11), (5, 13), (3, 12), (1, 10), (0, 8), (2, 6)]

edge (7, 11)

edge (5, 13)

edge (3, 12)

edge (1, 10)

edge (0, 8)

edge (2, 6)

##################################################
column index 10 column [(9, 11), (7, 13), (5, 12), (3, 10), (1, 8), (0, 6), (2, 4)]

edge (9, 11)

edge (7, 13)

edge (5, 12)

edge (3, 10)

edge (1, 8)

edge (0, 6)

edge (2, 4)

##################################################
column index 11 column [(9, 13), (7, 12), (5, 10), (3, 8), (1, 6), (0, 4)]

edge (9, 13)

edge (7, 12)

edge (5, 10)

edge (3, 8)

edge (1, 6)

edge (0, 4)

##################################################
column index 12 column [(11, 13), (9, 12), (7, 10), (5, 8), (3, 6), (1, 4), (0, 2)]

edge (11, 13)

edge (9, 12)

edge (7, 10)

edge (5, 8)

edge (3, 6)

edge (1, 4)

edge (0, 2)

##################################################
column index 13 column [(11, 12), (9, 10), (7, 8), (5, 6), (3, 4), (1, 2)]

edge (11, 12)

edge (9, 10)

edge (7, 8)

edge (5, 6)

edge (3, 4)

edge (1, 2)
updated statevector Statevector([-0.00046612+0.j, -0.0011357 +0.j,  0.0002311 +0.j, ...,
              0.00030208+0.j, -0.00030897+0.j,  0.00145092+0.j],
            dims=(2, 2, 2, 2, 2, 2, 2, 2, 2, 2, 2, 2, 2, 2))
tau: 0.2

warm start fidelity lightcone (-21.920499999999993, 0.009781342589021915)
num params 196
Write sucessfully to ./data/ansatz_type_structure_like_qubo_YZ_2/shots_None/num_variables_014/params_196_layer_1/alpha_0.01/initial_warm_start_measure_lightcone/r_54/

N: 14, 
r: 95, 
alpha: 0.01, 
shots: None, 
ansatz: structure_like_qubo_YZ_2, 
layer: 1, 
tau: 0.2, 
initialization: warm_start_measure_lightcone
edge_coeff_dict {(0,): 0.7035, (1,): -0.1667, (2,): -0.0252, (3,): -0.5642, (4,): -0.9609, (5,): -0.4308, (6,): -0.5419, (7,): 0.4693, (8,): 0.5713, (9,): -0.9098, (10,): -0.3294, (11,): -0.1736, (12,): 0.0402, (13,): 0.7009, (0, 1): -0.1604, (0, 2): 0.9978, (0, 3): -0.9226, (0, 4): 0.6878, (0, 5): 0.9574, (0, 6): 0.2772, (0, 7): 0.07, (0, 8): -0.4548, (0, 9): 0.5528, (0, 10): -0.0691, (0, 11): -0.836, (0, 12): 0.1094, (0, 13): 0.2151, (1, 2): -0.2823, (1, 3): -0.9324, (1, 4): 0.6941, (1, 5): 0.6141, (1, 6): -0.8366, (1, 7): -0.161, (1, 8): -0.9536, (1, 9): 0.1196, (1, 10): 0.225, (1, 11): -0.7553, (1, 12): 0.9144, (1, 13): 0.8252, (2, 3): 0.4598, (2, 4): -0.7296, (2, 5): 0.4423, (2, 6): -0.5733, (2, 7): -0.3373, (2, 8): 0.3998, (2, 9): -0.2539, (2, 10): 0.4734, (2, 11): -0.1872, (2, 12): 0.6977, (2, 13): -0.0784, (3, 4): -0.848, (3, 5): -0.9976, (3, 6): -0.3657, (3, 7): -0.0689, (3, 8): -0.0549, (3, 9): 0.6962, (3, 10): -0.5912, (3, 11): -0.566, (3, 12): -0.0464, (3, 13): -0.6148, (4, 5): 0.543, (4, 6): -0.5743, (4, 7): -0.2957, (4, 8): 0.2395, (4, 9): -0.0622, (4, 10): 0.8488, (4, 11): 0.9219, (4, 12): -0.4658, (4, 13): 0.5411, (5, 6): -0.2029, (5, 7): 0.3389, (5, 8): 0.5179, (5, 9): 0.2192, (5, 10): -0.6349, (5, 11): -0.6044, (5, 12): -0.9238, (5, 13): -0.4206, (6, 7): 0.8771, (6, 8): -0.4493, (6, 9): -0.6796, (6, 10): 0.9606, (6, 11): 0.7723, (6, 12): 0.5916, (6, 13): -0.7195, (7, 8): -0.6419, (7, 9): -0.4554, (7, 10): -0.2263, (7, 11): 0.9176, (7, 12): -0.6441, (7, 13): 0.8796, (8, 9): 0.0348, (8, 10): 0.0808, (8, 11): -0.4217, (8, 12): -0.0769, (8, 13): 0.8911, (9, 10): 0.5024, (9, 11): 0.1569, (9, 12): 0.6624, (9, 13): 0.8249, (10, 11): -0.8219, (10, 12): -0.3278, (10, 13): 0.7411, (11, 12): 0.2637, (11, 13): -0.4659, (12, 13): -0.4284}

number of columns is: 14

##################################################
column index 0 column [(0, 1), (2, 3), (4, 5), (6, 7), (8, 9), (10, 11), (12, 13)]

edge (0, 1)

edge (2, 3)

edge (4, 5)

edge (6, 7)

edge (8, 9)

edge (10, 11)

edge (12, 13)

##################################################
column index 1 column [(0, 3), (2, 5), (4, 7), (6, 9), (8, 11), (10, 13)]

edge (0, 3)

edge (2, 5)

edge (4, 7)

edge (6, 9)

edge (8, 11)

edge (10, 13)

##################################################
column index 2 column [(1, 3), (0, 5), (2, 7), (4, 9), (6, 11), (8, 13), (10, 12)]

edge (1, 3)

edge (0, 5)

edge (2, 7)

edge (4, 9)

edge (6, 11)

edge (8, 13)

edge (10, 12)

##################################################
column index 3 column [(1, 5), (0, 7), (2, 9), (4, 11), (6, 13), (8, 12)]

edge (1, 5)

edge (0, 7)

edge (2, 9)

edge (4, 11)

edge (6, 13)

edge (8, 12)

##################################################
column index 4 column [(3, 5), (1, 7), (0, 9), (2, 11), (4, 13), (6, 12), (8, 10)]

edge (3, 5)

edge (1, 7)

edge (0, 9)

edge (2, 11)

edge (4, 13)

edge (6, 12)

edge (8, 10)

##################################################
column index 5 column [(3, 7), (1, 9), (0, 11), (2, 13), (4, 12), (6, 10)]

edge (3, 7)

edge (1, 9)

edge (0, 11)

edge (2, 13)

edge (4, 12)

edge (6, 10)

##################################################
column index 6 column [(5, 7), (3, 9), (1, 11), (0, 13), (2, 12), (4, 10), (6, 8)]

edge (5, 7)

edge (3, 9)

edge (1, 11)

edge (0, 13)

edge (2, 12)

edge (4, 10)

edge (6, 8)

##################################################
column index 7 column [(5, 9), (3, 11), (1, 13), (0, 12), (2, 10), (4, 8)]

edge (5, 9)

edge (3, 11)

edge (1, 13)

edge (0, 12)

edge (2, 10)

edge (4, 8)

##################################################
column index 8 column [(7, 9), (5, 11), (3, 13), (1, 12), (0, 10), (2, 8), (4, 6)]

edge (7, 9)

edge (5, 11)

edge (3, 13)

edge (1, 12)

edge (0, 10)

edge (2, 8)

edge (4, 6)

##################################################
column index 9 column [(7, 11), (5, 13), (3, 12), (1, 10), (0, 8), (2, 6)]

edge (7, 11)

edge (5, 13)

edge (3, 12)

edge (1, 10)

edge (0, 8)

edge (2, 6)

##################################################
column index 10 column [(9, 11), (7, 13), (5, 12), (3, 10), (1, 8), (0, 6), (2, 4)]

edge (9, 11)

edge (7, 13)

edge (5, 12)

edge (3, 10)

edge (1, 8)

edge (0, 6)

edge (2, 4)

##################################################
column index 11 column [(9, 13), (7, 12), (5, 10), (3, 8), (1, 6), (0, 4)]

edge (9, 13)

edge (7, 12)

edge (5, 10)

edge (3, 8)

edge (1, 6)

edge (0, 4)

##################################################
column index 12 column [(11, 13), (9, 12), (7, 10), (5, 8), (3, 6), (1, 4), (0, 2)]

edge (11, 13)

edge (9, 12)

edge (7, 10)

edge (5, 8)

edge (3, 6)

edge (1, 4)

edge (0, 2)

##################################################
column index 13 column [(11, 12), (9, 10), (7, 8), (5, 6), (3, 4), (1, 2)]

edge (11, 12)

edge (9, 10)

edge (7, 8)

edge (5, 6)

edge (3, 4)

edge (1, 2)
updated statevector Statevector([0.00320535+0.j, 0.01111474+0.j, 0.0021948 +0.j, ...,
             0.00162297+0.j, 0.00346038+0.j, 0.00129154+0.j],
            dims=(2, 2, 2, 2, 2, 2, 2, 2, 2, 2, 2, 2, 2, 2))
tau: 0.2

warm start fidelity lightcone (-25.85780000000001, 0.013437733402529475)
num params 196
Write sucessfully to ./data/ansatz_type_structure_like_qubo_YZ_2/shots_None/num_variables_014/params_196_layer_1/alpha_0.01/initial_warm_start_measure_lightcone/r_95/

N: 14, 
r: 4, 
alpha: 0.01, 
shots: None, 
ansatz: structure_like_qubo_YZ_2, 
layer: 1, 
tau: 0.2, 
initialization: warm_start_measure_lightcone
edge_coeff_dict {(0,): -0.489, (1,): -0.3529, (2,): 0.0633, (3,): 0.2647, (4,): 0.4957, (5,): 0.5504, (6,): -0.279, (7,): -0.2574, (8,): 0.6996, (9,): -0.725, (10,): -0.0564, (11,): -0.4497, (12,): 0.2654, (13,): -0.2678, (0, 1): -0.5764, (0, 2): -0.1613, (0, 3): 0.4577, (0, 4): -0.5885, (0, 5): -0.7933, (0, 6): -0.2079, (0, 7): -0.7637, (0, 8): -0.4382, (0, 9): -0.7842, (0, 10): 0.954, (0, 11): -0.8255, (0, 12): -0.5793, (0, 13): -0.1618, (1, 2): -0.338, (1, 3): 0.1421, (1, 4): -0.3502, (1, 5): -0.6958, (1, 6): 0.7547, (1, 7): -0.5466, (1, 8): 0.3769, (1, 9): 0.2762, (1, 10): 0.861, (1, 11): 0.6191, (1, 12): 0.4599, (1, 13): -0.9679, (2, 3): -0.1845, (2, 4): -0.6661, (2, 5): 0.6331, (2, 6): 0.7562, (2, 7): 0.4781, (2, 8): -0.4442, (2, 9): 0.8794, (2, 10): 0.0198, (2, 11): 0.1543, (2, 12): -0.3614, (2, 13): 0.8909, (3, 4): 0.4001, (3, 5): 0.1581, (3, 6): 0.2989, (3, 7): -0.8609, (3, 8): 0.5303, (3, 9): -0.9885, (3, 10): -0.433, (3, 11): -0.0753, (3, 12): 0.388, (3, 13): 0.4217, (4, 5): -0.0493, (4, 6): 0.7222, (4, 7): 0.283, (4, 8): 0.2066, (4, 9): 0.7187, (4, 10): 0.5897, (4, 11): -0.6379, (4, 12): -0.9714, (4, 13): 0.0485, (5, 6): 0.6054, (5, 7): 0.1489, (5, 8): -0.249, (5, 9): -0.1576, (5, 10): 0.9979, (5, 11): 0.307, (5, 12): 0.974, (5, 13): -0.4702, (6, 7): -0.4339, (6, 8): -0.296, (6, 9): -0.7399, (6, 10): -0.5841, (6, 11): 0.4205, (6, 12): 0.7685, (6, 13): 0.1963, (7, 8): 0.6625, (7, 9): -0.9246, (7, 10): -0.3542, (7, 11): -0.2491, (7, 12): -0.287, (7, 13): -0.2354, (8, 9): -0.6536, (8, 10): 0.5115, (8, 11): 0.2024, (8, 12): 0.6382, (8, 13): 0.4371, (9, 10): 0.6317, (9, 11): -0.6609, (9, 12): 0.3624, (9, 13): -0.5999, (10, 11): 0.3352, (10, 12): 0.3397, (10, 13): 0.2391, (11, 12): -0.7027, (11, 13): 0.1642, (12, 13): 0.7224}

number of columns is: 14

##################################################
column index 0 column [(0, 1), (2, 3), (4, 5), (6, 7), (8, 9), (10, 11), (12, 13)]

edge (0, 1)

edge (2, 3)

edge (4, 5)

edge (6, 7)

edge (8, 9)

edge (10, 11)

edge (12, 13)

##################################################
column index 1 column [(0, 3), (2, 5), (4, 7), (6, 9), (8, 11), (10, 13)]

edge (0, 3)

edge (2, 5)

edge (4, 7)

edge (6, 9)

edge (8, 11)

edge (10, 13)

##################################################
column index 2 column [(1, 3), (0, 5), (2, 7), (4, 9), (6, 11), (8, 13), (10, 12)]

edge (1, 3)

edge (0, 5)

edge (2, 7)

edge (4, 9)

edge (6, 11)

edge (8, 13)

edge (10, 12)

##################################################
column index 3 column [(1, 5), (0, 7), (2, 9), (4, 11), (6, 13), (8, 12)]

edge (1, 5)

edge (0, 7)

edge (2, 9)

edge (4, 11)

edge (6, 13)

edge (8, 12)

##################################################
column index 4 column [(3, 5), (1, 7), (0, 9), (2, 11), (4, 13), (6, 12), (8, 10)]

edge (3, 5)

edge (1, 7)

edge (0, 9)

edge (2, 11)

edge (4, 13)

edge (6, 12)

edge (8, 10)

##################################################
column index 5 column [(3, 7), (1, 9), (0, 11), (2, 13), (4, 12), (6, 10)]

edge (3, 7)

edge (1, 9)

edge (0, 11)

edge (2, 13)

edge (4, 12)

edge (6, 10)

##################################################
column index 6 column [(5, 7), (3, 9), (1, 11), (0, 13), (2, 12), (4, 10), (6, 8)]

edge (5, 7)

edge (3, 9)

edge (1, 11)

edge (0, 13)

edge (2, 12)

edge (4, 10)

edge (6, 8)

##################################################
column index 7 column [(5, 9), (3, 11), (1, 13), (0, 12), (2, 10), (4, 8)]

edge (5, 9)

edge (3, 11)

edge (1, 13)

edge (0, 12)

edge (2, 10)

edge (4, 8)

##################################################
column index 8 column [(7, 9), (5, 11), (3, 13), (1, 12), (0, 10), (2, 8), (4, 6)]

edge (7, 9)

edge (5, 11)

edge (3, 13)

edge (1, 12)

edge (0, 10)

edge (2, 8)

edge (4, 6)

##################################################
column index 9 column [(7, 11), (5, 13), (3, 12), (1, 10), (0, 8), (2, 6)]

edge (7, 11)

edge (5, 13)

edge (3, 12)

edge (1, 10)

edge (0, 8)

edge (2, 6)

##################################################
column index 10 column [(9, 11), (7, 13), (5, 12), (3, 10), (1, 8), (0, 6), (2, 4)]

edge (9, 11)

edge (7, 13)

edge (5, 12)

edge (3, 10)

edge (1, 8)

edge (0, 6)

edge (2, 4)

##################################################
column index 11 column [(9, 13), (7, 12), (5, 10), (3, 8), (1, 6), (0, 4)]

edge (9, 13)

edge (7, 12)

edge (5, 10)

edge (3, 8)

edge (1, 6)

edge (0, 4)

##################################################
column index 12 column [(11, 13), (9, 12), (7, 10), (5, 8), (3, 6), (1, 4), (0, 2)]

edge (11, 13)

edge (9, 12)

edge (7, 10)

edge (5, 8)

edge (3, 6)

edge (1, 4)

edge (0, 2)

##################################################
column index 13 column [(11, 12), (9, 10), (7, 8), (5, 6), (3, 4), (1, 2)]

edge (11, 12)

edge (9, 10)

edge (7, 8)

edge (5, 6)

edge (3, 4)

edge (1, 2)
updated statevector Statevector([ 7.31627456e-04+0.j, -1.19790189e-04+0.j,  9.04066626e-04+0.j,
             ...,  1.81137249e-03+0.j,  8.31038241e-05+0.j,
              1.27102315e-03+0.j],
            dims=(2, 2, 2, 2, 2, 2, 2, 2, 2, 2, 2, 2, 2, 2))
tau: 0.2

warm start fidelity lightcone (-21.64600000000001, 0.009229977192145888)
num params 196
Write sucessfully to ./data/ansatz_type_structure_like_qubo_YZ_2/shots_None/num_variables_014/params_196_layer_1/alpha_0.01/initial_warm_start_measure_lightcone/r_4/

N: 14, 
r: 90, 
alpha: 0.01, 
shots: None, 
ansatz: structure_like_qubo_YZ_2, 
layer: 1, 
tau: 0.2, 
initialization: warm_start_measure_lightcone
edge_coeff_dict {(0,): 0.5103, (1,): 0.3598, (2,): 0.8449, (3,): -0.1263, (4,): -0.6321, (5,): 0.8388, (6,): 0.0427, (7,): -0.3689, (8,): 0.6519, (9,): 0.6621, (10,): -0.2274, (11,): -0.1338, (12,): -0.4879, (13,): 0.6615, (0, 1): -0.2167, (0, 2): 0.6264, (0, 3): -0.077, (0, 4): 0.4912, (0, 5): -0.0496, (0, 6): -0.4042, (0, 7): -0.5539, (0, 8): -0.3714, (0, 9): 0.5378, (0, 10): -0.1187, (0, 11): -0.6591, (0, 12): -0.0492, (0, 13): -0.6914, (1, 2): 0.6341, (1, 3): 0.9271, (1, 4): 0.4459, (1, 5): 0.8274, (1, 6): 0.1541, (1, 7): -0.891, (1, 8): 0.4175, (1, 9): 0.0953, (1, 10): 0.633, (1, 11): 0.7276, (1, 12): -0.6123, (1, 13): 0.4377, (2, 3): 0.8574, (2, 4): 0.208, (2, 5): 0.4663, (2, 6): -0.4774, (2, 7): -0.3216, (2, 8): 0.8194, (2, 9): -0.1562, (2, 10): -0.0507, (2, 11): -0.3315, (2, 12): -0.6862, (2, 13): 0.2666, (3, 4): 0.7858, (3, 5): -0.8365, (3, 6): -0.2776, (3, 7): 0.0719, (3, 8): 0.3179, (3, 9): -0.1774, (3, 10): -0.4593, (3, 11): 0.4341, (3, 12): -0.4675, (3, 13): 0.061, (4, 5): 0.2367, (4, 6): 0.8244, (4, 7): 0.3624, (4, 8): 0.5871, (4, 9): 0.0184, (4, 10): -0.5765, (4, 11): -0.2161, (4, 12): -0.9378, (4, 13): 0.946, (5, 6): -0.4861, (5, 7): 0.7459, (5, 8): -0.2539, (5, 9): 0.9592, (5, 10): -0.1396, (5, 11): 0.0402, (5, 12): 0.0586, (5, 13): -0.998, (6, 7): 0.5093, (6, 8): -0.1202, (6, 9): -0.2126, (6, 10): -0.2711, (6, 11): 0.7266, (6, 12): 0.4967, (6, 13): -0.7409, (7, 8): 0.9961, (7, 9): 0.0598, (7, 10): 0.5445, (7, 11): 0.5404, (7, 12): -0.8831, (7, 13): 0.9497, (8, 9): 0.8464, (8, 10): 0.9646, (8, 11): -0.8195, (8, 12): -0.8038, (8, 13): 0.5288, (9, 10): -0.9896, (9, 11): 0.828, (9, 12): -0.6284, (9, 13): 0.6309, (10, 11): 0.7499, (10, 12): 0.4492, (10, 13): 0.0093, (11, 12): 0.021, (11, 13): -0.5471, (12, 13): 0.6212}

number of columns is: 14

##################################################
column index 0 column [(0, 1), (2, 3), (4, 5), (6, 7), (8, 9), (10, 11), (12, 13)]

edge (0, 1)

edge (2, 3)

edge (4, 5)

edge (6, 7)

edge (8, 9)

edge (10, 11)

edge (12, 13)

##################################################
column index 1 column [(0, 3), (2, 5), (4, 7), (6, 9), (8, 11), (10, 13)]

edge (0, 3)

edge (2, 5)

edge (4, 7)

edge (6, 9)

edge (8, 11)

edge (10, 13)

##################################################
column index 2 column [(1, 3), (0, 5), (2, 7), (4, 9), (6, 11), (8, 13), (10, 12)]

edge (1, 3)

edge (0, 5)

edge (2, 7)

edge (4, 9)

edge (6, 11)

edge (8, 13)

edge (10, 12)

##################################################
column index 3 column [(1, 5), (0, 7), (2, 9), (4, 11), (6, 13), (8, 12)]

edge (1, 5)

edge (0, 7)

edge (2, 9)

edge (4, 11)

edge (6, 13)

edge (8, 12)

##################################################
column index 4 column [(3, 5), (1, 7), (0, 9), (2, 11), (4, 13), (6, 12), (8, 10)]

edge (3, 5)

edge (1, 7)

edge (0, 9)

edge (2, 11)

edge (4, 13)

edge (6, 12)

edge (8, 10)

##################################################
column index 5 column [(3, 7), (1, 9), (0, 11), (2, 13), (4, 12), (6, 10)]

edge (3, 7)

edge (1, 9)

edge (0, 11)

edge (2, 13)

edge (4, 12)

edge (6, 10)

##################################################
column index 6 column [(5, 7), (3, 9), (1, 11), (0, 13), (2, 12), (4, 10), (6, 8)]

edge (5, 7)

edge (3, 9)

edge (1, 11)

edge (0, 13)

edge (2, 12)

edge (4, 10)

edge (6, 8)

##################################################
column index 7 column [(5, 9), (3, 11), (1, 13), (0, 12), (2, 10), (4, 8)]

edge (5, 9)

edge (3, 11)

edge (1, 13)

edge (0, 12)

edge (2, 10)

edge (4, 8)

##################################################
column index 8 column [(7, 9), (5, 11), (3, 13), (1, 12), (0, 10), (2, 8), (4, 6)]

edge (7, 9)

edge (5, 11)

edge (3, 13)

edge (1, 12)

edge (0, 10)

edge (2, 8)

edge (4, 6)

##################################################
column index 9 column [(7, 11), (5, 13), (3, 12), (1, 10), (0, 8), (2, 6)]

edge (7, 11)

edge (5, 13)

edge (3, 12)

edge (1, 10)

edge (0, 8)

edge (2, 6)

##################################################
column index 10 column [(9, 11), (7, 13), (5, 12), (3, 10), (1, 8), (0, 6), (2, 4)]

edge (9, 11)

edge (7, 13)

edge (5, 12)

edge (3, 10)

edge (1, 8)

edge (0, 6)

edge (2, 4)

##################################################
column index 11 column [(9, 13), (7, 12), (5, 10), (3, 8), (1, 6), (0, 4)]

edge (9, 13)

edge (7, 12)

edge (5, 10)

edge (3, 8)

edge (1, 6)

edge (0, 4)

##################################################
column index 12 column [(11, 13), (9, 12), (7, 10), (5, 8), (3, 6), (1, 4), (0, 2)]

edge (11, 13)

edge (9, 12)

edge (7, 10)

edge (5, 8)

edge (3, 6)

edge (1, 4)

edge (0, 2)

##################################################
column index 13 column [(11, 12), (9, 10), (7, 8), (5, 6), (3, 4), (1, 2)]

edge (11, 12)

edge (9, 10)

edge (7, 8)

edge (5, 6)

edge (3, 4)

edge (1, 2)
updated statevector Statevector([-8.34173392e-05+0.j,  2.41502242e-05+0.j,  5.29320492e-04+0.j,
             ...,  1.03802198e-03+0.j,  3.89133930e-04+0.j,
              6.91700419e-04+0.j],
            dims=(2, 2, 2, 2, 2, 2, 2, 2, 2, 2, 2, 2, 2, 2))
tau: 0.2

warm start fidelity lightcone (-27.242099999999994, 0.018873192038857376)
num params 196
Write sucessfully to ./data/ansatz_type_structure_like_qubo_YZ_2/shots_None/num_variables_014/params_196_layer_1/alpha_0.01/initial_warm_start_measure_lightcone/r_90/

N: 14, 
r: 82, 
alpha: 0.01, 
shots: None, 
ansatz: structure_like_qubo_YZ_2, 
layer: 1, 
tau: 0.2, 
initialization: warm_start_measure_lightcone
edge_coeff_dict {(0,): -0.1598, (1,): -0.7029, (2,): 0.6386, (3,): -0.2454, (4,): -0.4069, (5,): 0.9913, (6,): -0.767, (7,): -0.8444, (8,): -0.7618, (9,): -0.8522, (10,): -0.3904, (11,): -0.5607, (12,): 0.2922, (13,): 0.3112, (0, 1): -0.355, (0, 2): -0.9533, (0, 3): 0.3938, (0, 4): -0.8253, (0, 5): -0.8382, (0, 6): -0.7957, (0, 7): 0.0663, (0, 8): -0.7485, (0, 9): 0.3659, (0, 10): -0.2016, (0, 11): 0.952, (0, 12): -0.769, (0, 13): -0.5999, (1, 2): 0.6652, (1, 3): -0.2285, (1, 4): -0.1189, (1, 5): -0.7345, (1, 6): -0.3412, (1, 7): 0.8939, (1, 8): 0.6203, (1, 9): -0.1055, (1, 10): 0.575, (1, 11): 0.4769, (1, 12): -0.5561, (1, 13): 0.8312, (2, 3): -0.2501, (2, 4): 0.9828, (2, 5): -0.9723, (2, 6): 0.2898, (2, 7): -0.7779, (2, 8): 0.1889, (2, 9): -0.9126, (2, 10): 0.9976, (2, 11): 0.6755, (2, 12): -0.5155, (2, 13): 0.8498, (3, 4): 0.1763, (3, 5): 0.1351, (3, 6): 0.9253, (3, 7): -0.2331, (3, 8): 0.4885, (3, 9): -0.2924, (3, 10): -0.8999, (3, 11): -0.6367, (3, 12): -0.9868, (3, 13): -0.4343, (4, 5): 0.5412, (4, 6): -0.1263, (4, 7): 0.701, (4, 8): -0.5464, (4, 9): -0.1642, (4, 10): -0.5042, (4, 11): -0.8151, (4, 12): -0.1775, (4, 13): 0.1464, (5, 6): -0.4418, (5, 7): 0.563, (5, 8): 0.7236, (5, 9): 0.9863, (5, 10): 0.4582, (5, 11): 0.7839, (5, 12): 0.6742, (5, 13): 0.1125, (6, 7): -0.212, (6, 8): -0.7627, (6, 9): -0.1767, (6, 10): -0.8913, (6, 11): 0.7738, (6, 12): -0.262, (6, 13): -0.5784, (7, 8): -0.3889, (7, 9): 0.4367, (7, 10): -0.912, (7, 11): 0.9069, (7, 12): 0.2975, (7, 13): -0.1584, (8, 9): -0.0879, (8, 10): -0.0988, (8, 11): 0.4633, (8, 12): 0.8228, (8, 13): -0.7925, (9, 10): 0.8417, (9, 11): -0.8754, (9, 12): 0.1707, (9, 13): 0.6971, (10, 11): -0.684, (10, 12): -0.504, (10, 13): 0.4198, (11, 12): 0.8027, (11, 13): -0.5881, (12, 13): 0.9075}

number of columns is: 14

##################################################
column index 0 column [(0, 1), (2, 3), (4, 5), (6, 7), (8, 9), (10, 11), (12, 13)]

edge (0, 1)

edge (2, 3)

edge (4, 5)

edge (6, 7)

edge (8, 9)

edge (10, 11)

edge (12, 13)

##################################################
column index 1 column [(0, 3), (2, 5), (4, 7), (6, 9), (8, 11), (10, 13)]

edge (0, 3)

edge (2, 5)

edge (4, 7)

edge (6, 9)

edge (8, 11)

edge (10, 13)

##################################################
column index 2 column [(1, 3), (0, 5), (2, 7), (4, 9), (6, 11), (8, 13), (10, 12)]

edge (1, 3)

edge (0, 5)

edge (2, 7)

edge (4, 9)

edge (6, 11)

edge (8, 13)

edge (10, 12)

##################################################
column index 3 column [(1, 5), (0, 7), (2, 9), (4, 11), (6, 13), (8, 12)]

edge (1, 5)

edge (0, 7)

edge (2, 9)

edge (4, 11)

edge (6, 13)

edge (8, 12)

##################################################
column index 4 column [(3, 5), (1, 7), (0, 9), (2, 11), (4, 13), (6, 12), (8, 10)]

edge (3, 5)

edge (1, 7)

edge (0, 9)

edge (2, 11)

edge (4, 13)

edge (6, 12)

edge (8, 10)

##################################################
column index 5 column [(3, 7), (1, 9), (0, 11), (2, 13), (4, 12), (6, 10)]

edge (3, 7)

edge (1, 9)

edge (0, 11)

edge (2, 13)

edge (4, 12)

edge (6, 10)

##################################################
column index 6 column [(5, 7), (3, 9), (1, 11), (0, 13), (2, 12), (4, 10), (6, 8)]

edge (5, 7)

edge (3, 9)

edge (1, 11)

edge (0, 13)

edge (2, 12)

edge (4, 10)

edge (6, 8)

##################################################
column index 7 column [(5, 9), (3, 11), (1, 13), (0, 12), (2, 10), (4, 8)]

edge (5, 9)

edge (3, 11)

edge (1, 13)

edge (0, 12)

edge (2, 10)

edge (4, 8)

##################################################
column index 8 column [(7, 9), (5, 11), (3, 13), (1, 12), (0, 10), (2, 8), (4, 6)]

edge (7, 9)

edge (5, 11)

edge (3, 13)

edge (1, 12)

edge (0, 10)

edge (2, 8)

edge (4, 6)

##################################################
column index 9 column [(7, 11), (5, 13), (3, 12), (1, 10), (0, 8), (2, 6)]

edge (7, 11)

edge (5, 13)

edge (3, 12)

edge (1, 10)

edge (0, 8)

edge (2, 6)

##################################################
column index 10 column [(9, 11), (7, 13), (5, 12), (3, 10), (1, 8), (0, 6), (2, 4)]

edge (9, 11)

edge (7, 13)

edge (5, 12)

edge (3, 10)

edge (1, 8)

edge (0, 6)

edge (2, 4)

##################################################
column index 11 column [(9, 13), (7, 12), (5, 10), (3, 8), (1, 6), (0, 4)]

edge (9, 13)

edge (7, 12)

edge (5, 10)

edge (3, 8)

edge (1, 6)

edge (0, 4)

##################################################
column index 12 column [(11, 13), (9, 12), (7, 10), (5, 8), (3, 6), (1, 4), (0, 2)]

edge (11, 13)

edge (9, 12)

edge (7, 10)

edge (5, 8)

edge (3, 6)

edge (1, 4)

edge (0, 2)

##################################################
column index 13 column [(11, 12), (9, 10), (7, 8), (5, 6), (3, 4), (1, 2)]

edge (11, 12)

edge (9, 10)

edge (7, 8)

edge (5, 6)

edge (3, 4)

edge (1, 2)
updated statevector Statevector([0.01056043+0.j, 0.00061967+0.j, 0.00987382+0.j, ...,
             0.00614979+0.j, 0.00040456+0.j, 0.00258825+0.j],
            dims=(2, 2, 2, 2, 2, 2, 2, 2, 2, 2, 2, 2, 2, 2))
tau: 0.2

warm start fidelity lightcone (-23.001300000000004, 0.01249794279132378)
num params 196
Write sucessfully to ./data/ansatz_type_structure_like_qubo_YZ_2/shots_None/num_variables_014/params_196_layer_1/alpha_0.01/initial_warm_start_measure_lightcone/r_82/

N: 14, 
r: 48, 
alpha: 0.01, 
shots: None, 
ansatz: structure_like_qubo_YZ_2, 
layer: 1, 
tau: 0.2, 
initialization: warm_start_measure_lightcone
edge_coeff_dict {(0,): 0.9603, (1,): 0.0017, (2,): 0.0016, (3,): -0.2889, (4,): -0.8623, (5,): 0.6094, (6,): -0.0773, (7,): 0.8162, (8,): 0.3461, (9,): 0.6483, (10,): 0.5945, (11,): -0.5019, (12,): 0.5808, (13,): -0.8475, (0, 1): -0.5074, (0, 2): -0.0751, (0, 3): -0.1189, (0, 4): 0.3666, (0, 5): 0.568, (0, 6): -0.2383, (0, 7): 0.0811, (0, 8): 0.7095, (0, 9): -0.6995, (0, 10): -0.0175, (0, 11): 0.969, (0, 12): 0.541, (0, 13): -0.8088, (1, 2): 0.7248, (1, 3): 0.7562, (1, 4): -0.2206, (1, 5): 0.3322, (1, 6): -0.3921, (1, 7): 0.2215, (1, 8): -0.4679, (1, 9): -0.5611, (1, 10): -0.5173, (1, 11): -0.15, (1, 12): -0.0876, (1, 13): 0.7247, (2, 3): -0.6622, (2, 4): 0.1853, (2, 5): 0.8761, (2, 6): -0.2293, (2, 7): -0.7604, (2, 8): 0.7069, (2, 9): 0.5444, (2, 10): -0.8316, (2, 11): -0.0095, (2, 12): 0.0604, (2, 13): -0.1216, (3, 4): -0.3495, (3, 5): -0.2375, (3, 6): 0.7461, (3, 7): -0.2012, (3, 8): -0.1069, (3, 9): 0.8555, (3, 10): -0.6673, (3, 11): 0.8693, (3, 12): -0.4141, (3, 13): -0.0692, (4, 5): -0.8274, (4, 6): 0.483, (4, 7): 0.8594, (4, 8): 0.6599, (4, 9): 0.0253, (4, 10): 0.3507, (4, 11): 0.0741, (4, 12): 0.3678, (4, 13): -0.1495, (5, 6): 0.7032, (5, 7): 0.5003, (5, 8): 0.5916, (5, 9): 0.2011, (5, 10): 0.6292, (5, 11): -0.4224, (5, 12): -0.7155, (5, 13): -0.4061, (6, 7): -0.7271, (6, 8): 0.15, (6, 9): 0.0583, (6, 10): -0.1932, (6, 11): 0.702, (6, 12): 0.6206, (6, 13): 0.7594, (7, 8): 0.1363, (7, 9): -0.9438, (7, 10): 0.6413, (7, 11): 0.4485, (7, 12): -0.0343, (7, 13): 0.1272, (8, 9): -0.003, (8, 10): 0.472, (8, 11): -0.4951, (8, 12): 0.7173, (8, 13): 0.297, (9, 10): -0.9588, (9, 11): 0.0308, (9, 12): -0.5759, (9, 13): 0.1197, (10, 11): 0.8555, (10, 12): 0.1703, (10, 13): -0.9527, (11, 12): -0.3101, (11, 13): 0.3254, (12, 13): -0.8154}

number of columns is: 14

##################################################
column index 0 column [(0, 1), (2, 3), (4, 5), (6, 7), (8, 9), (10, 11), (12, 13)]

edge (0, 1)

edge (2, 3)

edge (4, 5)

edge (6, 7)

edge (8, 9)

edge (10, 11)

edge (12, 13)

##################################################
column index 1 column [(0, 3), (2, 5), (4, 7), (6, 9), (8, 11), (10, 13)]

edge (0, 3)

edge (2, 5)

edge (4, 7)

edge (6, 9)

edge (8, 11)

edge (10, 13)

##################################################
column index 2 column [(1, 3), (0, 5), (2, 7), (4, 9), (6, 11), (8, 13), (10, 12)]

edge (1, 3)

edge (0, 5)

edge (2, 7)

edge (4, 9)

edge (6, 11)

edge (8, 13)

edge (10, 12)

##################################################
column index 3 column [(1, 5), (0, 7), (2, 9), (4, 11), (6, 13), (8, 12)]

edge (1, 5)

edge (0, 7)

edge (2, 9)

edge (4, 11)

edge (6, 13)

edge (8, 12)

##################################################
column index 4 column [(3, 5), (1, 7), (0, 9), (2, 11), (4, 13), (6, 12), (8, 10)]

edge (3, 5)

edge (1, 7)

edge (0, 9)

edge (2, 11)

edge (4, 13)

edge (6, 12)

edge (8, 10)

##################################################
column index 5 column [(3, 7), (1, 9), (0, 11), (2, 13), (4, 12), (6, 10)]

edge (3, 7)

edge (1, 9)

edge (0, 11)

edge (2, 13)

edge (4, 12)

edge (6, 10)

##################################################
column index 6 column [(5, 7), (3, 9), (1, 11), (0, 13), (2, 12), (4, 10), (6, 8)]

edge (5, 7)

edge (3, 9)

edge (1, 11)

edge (0, 13)

edge (2, 12)

edge (4, 10)

edge (6, 8)

##################################################
column index 7 column [(5, 9), (3, 11), (1, 13), (0, 12), (2, 10), (4, 8)]

edge (5, 9)

edge (3, 11)

edge (1, 13)

edge (0, 12)

edge (2, 10)

edge (4, 8)

##################################################
column index 8 column [(7, 9), (5, 11), (3, 13), (1, 12), (0, 10), (2, 8), (4, 6)]

edge (7, 9)

edge (5, 11)

edge (3, 13)

edge (1, 12)

edge (0, 10)

edge (2, 8)

edge (4, 6)

##################################################
column index 9 column [(7, 11), (5, 13), (3, 12), (1, 10), (0, 8), (2, 6)]

edge (7, 11)

edge (5, 13)

edge (3, 12)

edge (1, 10)

edge (0, 8)

edge (2, 6)

##################################################
column index 10 column [(9, 11), (7, 13), (5, 12), (3, 10), (1, 8), (0, 6), (2, 4)]

edge (9, 11)

edge (7, 13)

edge (5, 12)

edge (3, 10)

edge (1, 8)

edge (0, 6)

edge (2, 4)

##################################################
column index 11 column [(9, 13), (7, 12), (5, 10), (3, 8), (1, 6), (0, 4)]

edge (9, 13)

edge (7, 12)

edge (5, 10)

edge (3, 8)

edge (1, 6)

edge (0, 4)

##################################################
column index 12 column [(11, 13), (9, 12), (7, 10), (5, 8), (3, 6), (1, 4), (0, 2)]

edge (11, 13)

edge (9, 12)

edge (7, 10)

edge (5, 8)

edge (3, 6)

edge (1, 4)

edge (0, 2)

##################################################
column index 13 column [(11, 12), (9, 10), (7, 8), (5, 6), (3, 4), (1, 2)]

edge (11, 12)

edge (9, 10)

edge (7, 8)

edge (5, 6)

edge (3, 4)

edge (1, 2)
updated statevector Statevector([0.00066182+0.j, 0.00244823+0.j, 0.00034745+0.j, ...,
             0.00102293+0.j, 0.00230667+0.j, 0.00169728+0.j],
            dims=(2, 2, 2, 2, 2, 2, 2, 2, 2, 2, 2, 2, 2, 2))
tau: 0.2

warm start fidelity lightcone (-22.979700000000005, 0.01285665999545737)
num params 196
Write sucessfully to ./data/ansatz_type_structure_like_qubo_YZ_2/shots_None/num_variables_014/params_196_layer_1/alpha_0.01/initial_warm_start_measure_lightcone/r_48/

N: 14, 
r: 0, 
alpha: 0.01, 
shots: None, 
ansatz: structure_like_qubo_YZ_2, 
layer: 1, 
tau: 0.2, 
initialization: warm_start_measure_lightcone
edge_coeff_dict {(0,): 0.3986, (1,): -0.0858, (2,): 0.657, (3,): 0.7057, (4,): -0.4612, (5,): -0.4265, (6,): 0.062, (7,): 0.628, (8,): -0.8502, (9,): 0.74, (10,): -0.668, (11,): 0.724, (12,): -0.6222, (13,): 0.9062, (0, 1): -0.1459, (0, 2): -0.0101, (0, 3): -0.9839, (0, 4): -0.7848, (0, 5): -0.2283, (0, 6): 0.6596, (0, 7): 0.6683, (0, 8): 0.3303, (0, 9): -0.6868, (0, 10): -0.2601, (0, 11): 0.5138, (0, 12): 0.3732, (0, 13): -0.6602, (1, 2): 0.6243, (1, 3): 0.5763, (1, 4): -0.6013, (1, 5): -0.5276, (1, 6): -0.9809, (1, 7): 0.3794, (1, 8): -0.2972, (1, 9): 0.439, (1, 10): 0.9973, (1, 11): -0.4026, (1, 12): -0.886, (1, 13): -0.8052, (2, 3): -0.6345, (2, 4): 0.8805, (2, 5): -0.9073, (2, 6): 0.1269, (2, 7): 0.4925, (2, 8): 0.3414, (2, 9): 0.2163, (2, 10): 0.661, (2, 11): -0.8981, (2, 12): 0.4753, (2, 13): -0.9407, (3, 4): -0.9587, (3, 5): -0.3014, (3, 6): -0.3867, (3, 7): 0.0605, (3, 8): 0.8372, (3, 9): 0.9217, (3, 10): -0.1448, (3, 11): 0.9165, (3, 12): -0.368, (3, 13): 0.9027, (4, 5): 0.7893, (4, 6): 0.9132, (4, 7): 0.0239, (4, 8): -0.9301, (4, 9): 0.6987, (4, 10): -0.2976, (4, 11): 0.5588, (4, 12): 0.6977, (4, 13): -0.4801, (5, 6): 0.4081, (5, 7): -0.3991, (5, 8): -0.5892, (5, 9): -0.1539, (5, 10): -0.6771, (5, 11): 0.7952, (5, 12): 0.7128, (5, 13): 0.4848, (6, 7): 0.6139, (6, 8): 0.5648, (6, 9): 0.0994, (6, 10): 0.6967, (6, 11): -0.5627, (6, 12): 0.6154, (6, 13): -0.0437, (7, 8): 0.2784, (7, 9): 0.8244, (7, 10): -0.3876, (7, 11): -0.5585, (7, 12): 0.0263, (7, 13): -0.5119, (8, 9): -0.9621, (8, 10): -0.9159, (8, 11): 0.7319, (8, 12): -0.1153, (8, 13): -0.5323, (9, 10): -0.7117, (9, 11): 0.3403, (9, 12): -0.142, (9, 13): -0.1271, (10, 11): 0.6327, (10, 12): -0.8809, (10, 13): 0.0443, (11, 12): 0.7846, (11, 13): -0.6094, (12, 13): -0.8969}

number of columns is: 14

##################################################
column index 0 column [(0, 1), (2, 3), (4, 5), (6, 7), (8, 9), (10, 11), (12, 13)]

edge (0, 1)

edge (2, 3)

edge (4, 5)

edge (6, 7)

edge (8, 9)

edge (10, 11)

edge (12, 13)

##################################################
column index 1 column [(0, 3), (2, 5), (4, 7), (6, 9), (8, 11), (10, 13)]

edge (0, 3)

edge (2, 5)

edge (4, 7)

edge (6, 9)

edge (8, 11)

edge (10, 13)

##################################################
column index 2 column [(1, 3), (0, 5), (2, 7), (4, 9), (6, 11), (8, 13), (10, 12)]

edge (1, 3)

edge (0, 5)

edge (2, 7)

edge (4, 9)

edge (6, 11)

edge (8, 13)

edge (10, 12)

##################################################
column index 3 column [(1, 5), (0, 7), (2, 9), (4, 11), (6, 13), (8, 12)]

edge (1, 5)

edge (0, 7)

edge (2, 9)

edge (4, 11)

edge (6, 13)

edge (8, 12)

##################################################
column index 4 column [(3, 5), (1, 7), (0, 9), (2, 11), (4, 13), (6, 12), (8, 10)]

edge (3, 5)

edge (1, 7)

edge (0, 9)

edge (2, 11)

edge (4, 13)

edge (6, 12)

edge (8, 10)

##################################################
column index 5 column [(3, 7), (1, 9), (0, 11), (2, 13), (4, 12), (6, 10)]

edge (3, 7)

edge (1, 9)

edge (0, 11)

edge (2, 13)

edge (4, 12)

edge (6, 10)

##################################################
column index 6 column [(5, 7), (3, 9), (1, 11), (0, 13), (2, 12), (4, 10), (6, 8)]

edge (5, 7)

edge (3, 9)

edge (1, 11)

edge (0, 13)

edge (2, 12)

edge (4, 10)

edge (6, 8)

##################################################
column index 7 column [(5, 9), (3, 11), (1, 13), (0, 12), (2, 10), (4, 8)]

edge (5, 9)

edge (3, 11)

edge (1, 13)

edge (0, 12)

edge (2, 10)

edge (4, 8)

##################################################
column index 8 column [(7, 9), (5, 11), (3, 13), (1, 12), (0, 10), (2, 8), (4, 6)]

edge (7, 9)

edge (5, 11)

edge (3, 13)

edge (1, 12)

edge (0, 10)

edge (2, 8)

edge (4, 6)

##################################################
column index 9 column [(7, 11), (5, 13), (3, 12), (1, 10), (0, 8), (2, 6)]

edge (7, 11)

edge (5, 13)

edge (3, 12)

edge (1, 10)

edge (0, 8)

edge (2, 6)

##################################################
column index 10 column [(9, 11), (7, 13), (5, 12), (3, 10), (1, 8), (0, 6), (2, 4)]

edge (9, 11)

edge (7, 13)

edge (5, 12)

edge (3, 10)

edge (1, 8)

edge (0, 6)

edge (2, 4)

##################################################
column index 11 column [(9, 13), (7, 12), (5, 10), (3, 8), (1, 6), (0, 4)]

edge (9, 13)

edge (7, 12)

edge (5, 10)

edge (3, 8)

edge (1, 6)

edge (0, 4)

##################################################
column index 12 column [(11, 13), (9, 12), (7, 10), (5, 8), (3, 6), (1, 4), (0, 2)]

edge (11, 13)

edge (9, 12)

edge (7, 10)

edge (5, 8)

edge (3, 6)

edge (1, 4)

edge (0, 2)

##################################################
column index 13 column [(11, 12), (9, 10), (7, 8), (5, 6), (3, 4), (1, 2)]

edge (11, 12)

edge (9, 10)

edge (7, 8)

edge (5, 6)

edge (3, 4)

edge (1, 2)
updated statevector Statevector([2.69850053e-03+0.j, 1.20245178e-03+0.j, 7.84903294e-04+0.j,
             ..., 8.51822626e-05+0.j, 2.46369246e-03+0.j,
             5.11353505e-03+0.j],
            dims=(2, 2, 2, 2, 2, 2, 2, 2, 2, 2, 2, 2, 2, 2))
tau: 0.2

warm start fidelity lightcone (-23.1354, 0.011321756030639268)
num params 196
Write sucessfully to ./data/ansatz_type_structure_like_qubo_YZ_2/shots_None/num_variables_014/params_196_layer_1/alpha_0.01/initial_warm_start_measure_lightcone/r_0/

N: 14, 
r: 61, 
alpha: 0.01, 
shots: None, 
ansatz: structure_like_qubo_YZ_2, 
layer: 1, 
tau: 0.2, 
initialization: warm_start_measure_lightcone
edge_coeff_dict {(0,): -0.8112, (1,): 0.9229, (2,): 0.6074, (3,): 0.0709, (4,): -0.9462, (5,): 0.8332, (6,): -0.9919, (7,): 0.3018, (8,): 0.3452, (9,): -0.4702, (10,): 0.2288, (11,): -0.0444, (12,): -0.6542, (13,): -0.3291, (0, 1): 0.6733, (0, 2): 0.7365, (0, 3): 0.4841, (0, 4): -0.0957, (0, 5): -0.7185, (0, 6): -0.9504, (0, 7): 0.2991, (0, 8): -0.4616, (0, 9): -0.5555, (0, 10): 0.3612, (0, 11): 0.4599, (0, 12): -0.0118, (0, 13): -0.1623, (1, 2): -0.5823, (1, 3): 0.2188, (1, 4): 0.5611, (1, 5): -0.2266, (1, 6): 0.7938, (1, 7): 0.3413, (1, 8): -0.9426, (1, 9): -0.6451, (1, 10): 0.0627, (1, 11): -0.3828, (1, 12): 0.9648, (1, 13): 0.4801, (2, 3): -0.9828, (2, 4): 0.8441, (2, 5): 0.9278, (2, 6): -0.9655, (2, 7): -0.5316, (2, 8): 0.2141, (2, 9): -0.9705, (2, 10): 0.6619, (2, 11): -0.0337, (2, 12): -0.7358, (2, 13): -0.0925, (3, 4): -0.9733, (3, 5): 0.124, (3, 6): -0.4836, (3, 7): 0.4007, (3, 8): 0.3069, (3, 9): 0.4193, (3, 10): -0.2545, (3, 11): 0.3099, (3, 12): -0.5266, (3, 13): 0.1353, (4, 5): -0.1625, (4, 6): 0.4689, (4, 7): -0.3069, (4, 8): 0.1737, (4, 9): -0.0127, (4, 10): 0.0837, (4, 11): -0.6126, (4, 12): 0.3736, (4, 13): -0.8093, (5, 6): 0.097, (5, 7): 0.6359, (5, 8): 0.5869, (5, 9): 0.5519, (5, 10): -0.9227, (5, 11): 0.5879, (5, 12): 0.5658, (5, 13): 0.0992, (6, 7): -0.4688, (6, 8): 0.9443, (6, 9): 0.4624, (6, 10): 0.049, (6, 11): -0.6817, (6, 12): 0.9975, (6, 13): 0.2504, (7, 8): -0.2466, (7, 9): 0.3169, (7, 10): -0.4706, (7, 11): -0.9161, (7, 12): 0.1485, (7, 13): -0.0009, (8, 9): 0.6477, (8, 10): 0.6098, (8, 11): 0.403, (8, 12): 0.2765, (8, 13): -0.6838, (9, 10): 0.4078, (9, 11): -0.3382, (9, 12): -0.4535, (9, 13): 0.4538, (10, 11): 0.2301, (10, 12): -0.122, (10, 13): -0.1151, (11, 12): -0.7912, (11, 13): 0.8126, (12, 13): -0.6266}

number of columns is: 14

##################################################
column index 0 column [(0, 1), (2, 3), (4, 5), (6, 7), (8, 9), (10, 11), (12, 13)]

edge (0, 1)

edge (2, 3)

edge (4, 5)

edge (6, 7)

edge (8, 9)

edge (10, 11)

edge (12, 13)

##################################################
column index 1 column [(0, 3), (2, 5), (4, 7), (6, 9), (8, 11), (10, 13)]

edge (0, 3)

edge (2, 5)

edge (4, 7)

edge (6, 9)

edge (8, 11)

edge (10, 13)

##################################################
column index 2 column [(1, 3), (0, 5), (2, 7), (4, 9), (6, 11), (8, 13), (10, 12)]

edge (1, 3)

edge (0, 5)

edge (2, 7)

edge (4, 9)

edge (6, 11)

edge (8, 13)

edge (10, 12)

##################################################
column index 3 column [(1, 5), (0, 7), (2, 9), (4, 11), (6, 13), (8, 12)]

edge (1, 5)

edge (0, 7)

edge (2, 9)

edge (4, 11)

edge (6, 13)

edge (8, 12)

##################################################
column index 4 column [(3, 5), (1, 7), (0, 9), (2, 11), (4, 13), (6, 12), (8, 10)]

edge (3, 5)

edge (1, 7)

edge (0, 9)

edge (2, 11)

edge (4, 13)

edge (6, 12)

edge (8, 10)

##################################################
column index 5 column [(3, 7), (1, 9), (0, 11), (2, 13), (4, 12), (6, 10)]

edge (3, 7)

edge (1, 9)

edge (0, 11)

edge (2, 13)

edge (4, 12)

edge (6, 10)

##################################################
column index 6 column [(5, 7), (3, 9), (1, 11), (0, 13), (2, 12), (4, 10), (6, 8)]

edge (5, 7)

edge (3, 9)

edge (1, 11)

edge (0, 13)

edge (2, 12)

edge (4, 10)

edge (6, 8)

##################################################
column index 7 column [(5, 9), (3, 11), (1, 13), (0, 12), (2, 10), (4, 8)]

edge (5, 9)

edge (3, 11)

edge (1, 13)

edge (0, 12)

edge (2, 10)

edge (4, 8)

##################################################
column index 8 column [(7, 9), (5, 11), (3, 13), (1, 12), (0, 10), (2, 8), (4, 6)]

edge (7, 9)

edge (5, 11)

edge (3, 13)

edge (1, 12)

edge (0, 10)

edge (2, 8)

edge (4, 6)

##################################################
column index 9 column [(7, 11), (5, 13), (3, 12), (1, 10), (0, 8), (2, 6)]

edge (7, 11)

edge (5, 13)

edge (3, 12)

edge (1, 10)

edge (0, 8)

edge (2, 6)

##################################################
column index 10 column [(9, 11), (7, 13), (5, 12), (3, 10), (1, 8), (0, 6), (2, 4)]

edge (9, 11)

edge (7, 13)

edge (5, 12)

edge (3, 10)

edge (1, 8)

edge (0, 6)

edge (2, 4)

##################################################
column index 11 column [(9, 13), (7, 12), (5, 10), (3, 8), (1, 6), (0, 4)]

edge (9, 13)

edge (7, 12)

edge (5, 10)

edge (3, 8)

edge (1, 6)

edge (0, 4)

##################################################
column index 12 column [(11, 13), (9, 12), (7, 10), (5, 8), (3, 6), (1, 4), (0, 2)]

edge (11, 13)

edge (9, 12)

edge (7, 10)

edge (5, 8)

edge (3, 6)

edge (1, 4)

edge (0, 2)

##################################################
column index 13 column [(11, 12), (9, 10), (7, 8), (5, 6), (3, 4), (1, 2)]

edge (11, 12)

edge (9, 10)

edge (7, 8)

edge (5, 6)

edge (3, 4)

edge (1, 2)
updated statevector Statevector([0.00329031+0.j, 0.00093153+0.j, 0.00095166+0.j, ...,
             0.00204358+0.j, 0.00135514+0.j, 0.0031406 +0.j],
            dims=(2, 2, 2, 2, 2, 2, 2, 2, 2, 2, 2, 2, 2, 2))
tau: 0.2

warm start fidelity lightcone (-19.683500000000002, 0.010512058992605712)
num params 196
Write sucessfully to ./data/ansatz_type_structure_like_qubo_YZ_2/shots_None/num_variables_014/params_196_layer_1/alpha_0.01/initial_warm_start_measure_lightcone/r_61/

N: 14, 
r: 89, 
alpha: 0.01, 
shots: None, 
ansatz: structure_like_qubo_YZ_2, 
layer: 1, 
tau: 0.2, 
initialization: warm_start_measure_lightcone
edge_coeff_dict {(0,): -0.7756, (1,): -0.3431, (2,): -0.6125, (3,): -0.3038, (4,): 0.0734, (5,): 0.2767, (6,): -0.1537, (7,): -0.5027, (8,): -0.0691, (9,): -0.4723, (10,): -0.5277, (11,): -0.0542, (12,): -0.3656, (13,): -0.9977, (0, 1): -0.4927, (0, 2): -0.2295, (0, 3): 0.4871, (0, 4): -0.2333, (0, 5): 0.3165, (0, 6): 0.7561, (0, 7): -0.2644, (0, 8): 0.8462, (0, 9): -0.3008, (0, 10): 0.8303, (0, 11): 0.2525, (0, 12): 0.2209, (0, 13): 0.6461, (1, 2): 0.6052, (1, 3): 0.0898, (1, 4): -0.696, (1, 5): 0.3139, (1, 6): 0.6041, (1, 7): 0.5435, (1, 8): 0.1621, (1, 9): -0.8415, (1, 10): -0.6695, (1, 11): -0.8577, (1, 12): 0.9463, (1, 13): 0.5682, (2, 3): -0.9356, (2, 4): -0.8783, (2, 5): 0.0184, (2, 6): -0.2124, (2, 7): -0.0625, (2, 8): 0.3888, (2, 9): 0.7439, (2, 10): -0.5075, (2, 11): 0.4215, (2, 12): 0.603, (2, 13): 0.3504, (3, 4): 0.9589, (3, 5): 0.8881, (3, 6): 0.4258, (3, 7): -0.3218, (3, 8): 0.799, (3, 9): 0.098, (3, 10): -0.4636, (3, 11): 0.0195, (3, 12): -0.6383, (3, 13): 0.8484, (4, 5): 0.1929, (4, 6): 0.7956, (4, 7): -0.0886, (4, 8): -0.3899, (4, 9): 0.8397, (4, 10): 0.9774, (4, 11): -0.0629, (4, 12): 0.4823, (4, 13): -0.1755, (5, 6): 0.7063, (5, 7): -0.4846, (5, 8): -0.3303, (5, 9): -0.8961, (5, 10): 0.8134, (5, 11): 0.2668, (5, 12): 0.9104, (5, 13): -0.0999, (6, 7): 0.0726, (6, 8): 0.2732, (6, 9): -0.6207, (6, 10): -0.7708, (6, 11): 0.8916, (6, 12): -0.6791, (6, 13): 0.4068, (7, 8): -0.2275, (7, 9): 0.1036, (7, 10): -0.7583, (7, 11): 0.3925, (7, 12): -0.9814, (7, 13): -0.359, (8, 9): 0.4654, (8, 10): 0.7186, (8, 11): -0.0926, (8, 12): -0.0235, (8, 13): -0.1524, (9, 10): -0.7772, (9, 11): 0.8127, (9, 12): -0.4487, (9, 13): 0.4929, (10, 11): 0.4521, (10, 12): -0.4945, (10, 13): -0.3902, (11, 12): -0.7527, (11, 13): -0.9789, (12, 13): 0.6061}

number of columns is: 14

##################################################
column index 0 column [(0, 1), (2, 3), (4, 5), (6, 7), (8, 9), (10, 11), (12, 13)]

edge (0, 1)

edge (2, 3)

edge (4, 5)

edge (6, 7)

edge (8, 9)

edge (10, 11)

edge (12, 13)

##################################################
column index 1 column [(0, 3), (2, 5), (4, 7), (6, 9), (8, 11), (10, 13)]

edge (0, 3)

edge (2, 5)

edge (4, 7)

edge (6, 9)

edge (8, 11)

edge (10, 13)

##################################################
column index 2 column [(1, 3), (0, 5), (2, 7), (4, 9), (6, 11), (8, 13), (10, 12)]

edge (1, 3)

edge (0, 5)

edge (2, 7)

edge (4, 9)

edge (6, 11)

edge (8, 13)

edge (10, 12)

##################################################
column index 3 column [(1, 5), (0, 7), (2, 9), (4, 11), (6, 13), (8, 12)]

edge (1, 5)

edge (0, 7)

edge (2, 9)

edge (4, 11)

edge (6, 13)

edge (8, 12)

##################################################
column index 4 column [(3, 5), (1, 7), (0, 9), (2, 11), (4, 13), (6, 12), (8, 10)]

edge (3, 5)

edge (1, 7)

edge (0, 9)

edge (2, 11)

edge (4, 13)

edge (6, 12)

edge (8, 10)

##################################################
column index 5 column [(3, 7), (1, 9), (0, 11), (2, 13), (4, 12), (6, 10)]

edge (3, 7)

edge (1, 9)

edge (0, 11)

edge (2, 13)

edge (4, 12)

edge (6, 10)

##################################################
column index 6 column [(5, 7), (3, 9), (1, 11), (0, 13), (2, 12), (4, 10), (6, 8)]

edge (5, 7)

edge (3, 9)

edge (1, 11)

edge (0, 13)

edge (2, 12)

edge (4, 10)

edge (6, 8)

##################################################
column index 7 column [(5, 9), (3, 11), (1, 13), (0, 12), (2, 10), (4, 8)]

edge (5, 9)

edge (3, 11)

edge (1, 13)

edge (0, 12)

edge (2, 10)

edge (4, 8)

##################################################
column index 8 column [(7, 9), (5, 11), (3, 13), (1, 12), (0, 10), (2, 8), (4, 6)]

edge (7, 9)

edge (5, 11)

edge (3, 13)

edge (1, 12)

edge (0, 10)

edge (2, 8)

edge (4, 6)

##################################################
column index 9 column [(7, 11), (5, 13), (3, 12), (1, 10), (0, 8), (2, 6)]

edge (7, 11)

edge (5, 13)

edge (3, 12)

edge (1, 10)

edge (0, 8)

edge (2, 6)

##################################################
column index 10 column [(9, 11), (7, 13), (5, 12), (3, 10), (1, 8), (0, 6), (2, 4)]

edge (9, 11)

edge (7, 13)

edge (5, 12)

edge (3, 10)

edge (1, 8)

edge (0, 6)

edge (2, 4)

##################################################
column index 11 column [(9, 13), (7, 12), (5, 10), (3, 8), (1, 6), (0, 4)]

edge (9, 13)

edge (7, 12)

edge (5, 10)

edge (3, 8)

edge (1, 6)

edge (0, 4)

##################################################
column index 12 column [(11, 13), (9, 12), (7, 10), (5, 8), (3, 6), (1, 4), (0, 2)]

edge (11, 13)

edge (9, 12)

edge (7, 10)

edge (5, 8)

edge (3, 6)

edge (1, 4)

edge (0, 2)

##################################################
column index 13 column [(11, 12), (9, 10), (7, 8), (5, 6), (3, 4), (1, 2)]

edge (11, 12)

edge (9, 10)

edge (7, 8)

edge (5, 6)

edge (3, 4)

edge (1, 2)
updated statevector Statevector([ 1.11879583e-03+0.j,  4.89560464e-03+0.j,  1.09291706e-03+0.j,
             ...,  5.02951039e-05+0.j,  1.13144853e-03+0.j,
             -2.27261427e-05+0.j],
            dims=(2, 2, 2, 2, 2, 2, 2, 2, 2, 2, 2, 2, 2, 2))
tau: 0.2

warm start fidelity lightcone (-24.300599999999996, 0.014922144799310706)
num params 196
Write sucessfully to ./data/ansatz_type_structure_like_qubo_YZ_2/shots_None/num_variables_014/params_196_layer_1/alpha_0.01/initial_warm_start_measure_lightcone/r_89/

N: 14, 
r: 62, 
alpha: 0.01, 
shots: None, 
ansatz: structure_like_qubo_YZ_2, 
layer: 1, 
tau: 0.2, 
initialization: warm_start_measure_lightcone
edge_coeff_dict {(0,): 0.3947, (1,): 0.2293, (2,): -0.1272, (3,): 0.7375, (4,): 0.0323, (5,): -0.582, (6,): 0.6717, (7,): 0.4083, (8,): -0.1251, (9,): -0.1835, (10,): -0.9161, (11,): -0.1055, (12,): 0.4586, (13,): -0.098, (0, 1): -0.731, (0, 2): -0.1979, (0, 3): -0.1334, (0, 4): -0.205, (0, 5): -0.3514, (0, 6): -0.6221, (0, 7): 0.0588, (0, 8): -0.9726, (0, 9): 0.3385, (0, 10): -0.0056, (0, 11): -0.7693, (0, 12): -0.8589, (0, 13): -0.0163, (1, 2): -0.385, (1, 3): -0.2286, (1, 4): 0.1871, (1, 5): 0.2113, (1, 6): 0.8825, (1, 7): 0.3838, (1, 8): -0.5275, (1, 9): -0.8182, (1, 10): -0.8089, (1, 11): 0.2587, (1, 12): -0.3419, (1, 13): 0.1192, (2, 3): -0.4459, (2, 4): -0.4882, (2, 5): 0.6499, (2, 6): -0.3877, (2, 7): 0.4388, (2, 8): -0.6172, (2, 9): -0.6877, (2, 10): -0.6739, (2, 11): 0.2537, (2, 12): 0.3428, (2, 13): -0.8534, (3, 4): 0.5293, (3, 5): 0.0774, (3, 6): -0.9625, (3, 7): -0.5992, (3, 8): -0.6347, (3, 9): 0.7238, (3, 10): 0.1062, (3, 11): 0.4284, (3, 12): 0.1376, (3, 13): 0.7092, (4, 5): 0.5167, (4, 6): 0.4825, (4, 7): 0.3192, (4, 8): 0.4425, (4, 9): 0.2524, (4, 10): -0.1287, (4, 11): -0.1692, (4, 12): 0.7716, (4, 13): 0.7426, (5, 6): 0.7486, (5, 7): 0.0515, (5, 8): 0.8881, (5, 9): -0.377, (5, 10): -0.7253, (5, 11): -0.5405, (5, 12): 0.4433, (5, 13): -0.4198, (6, 7): -0.7219, (6, 8): -0.8329, (6, 9): -0.3389, (6, 10): 0.102, (6, 11): 0.7514, (6, 12): -0.2558, (6, 13): 0.6824, (7, 8): 0.018, (7, 9): -0.0976, (7, 10): -0.3252, (7, 11): -0.8935, (7, 12): -0.0778, (7, 13): -0.9018, (8, 9): -0.8926, (8, 10): 0.4924, (8, 11): 0.7973, (8, 12): -0.1431, (8, 13): 0.2463, (9, 10): -0.9104, (9, 11): 0.8838, (9, 12): -0.7442, (9, 13): 0.3208, (10, 11): 0.6689, (10, 12): 0.5844, (10, 13): 0.392, (11, 12): -0.7396, (11, 13): -0.0623, (12, 13): -0.3668}

number of columns is: 14

##################################################
column index 0 column [(0, 1), (2, 3), (4, 5), (6, 7), (8, 9), (10, 11), (12, 13)]

edge (0, 1)

edge (2, 3)

edge (4, 5)

edge (6, 7)

edge (8, 9)

edge (10, 11)

edge (12, 13)

##################################################
column index 1 column [(0, 3), (2, 5), (4, 7), (6, 9), (8, 11), (10, 13)]

edge (0, 3)

edge (2, 5)

edge (4, 7)

edge (6, 9)

edge (8, 11)

edge (10, 13)

##################################################
column index 2 column [(1, 3), (0, 5), (2, 7), (4, 9), (6, 11), (8, 13), (10, 12)]

edge (1, 3)

edge (0, 5)

edge (2, 7)

edge (4, 9)

edge (6, 11)

edge (8, 13)

edge (10, 12)

##################################################
column index 3 column [(1, 5), (0, 7), (2, 9), (4, 11), (6, 13), (8, 12)]

edge (1, 5)

edge (0, 7)

edge (2, 9)

edge (4, 11)

edge (6, 13)

edge (8, 12)

##################################################
column index 4 column [(3, 5), (1, 7), (0, 9), (2, 11), (4, 13), (6, 12), (8, 10)]

edge (3, 5)

edge (1, 7)

edge (0, 9)

edge (2, 11)

edge (4, 13)

edge (6, 12)

edge (8, 10)

##################################################
column index 5 column [(3, 7), (1, 9), (0, 11), (2, 13), (4, 12), (6, 10)]

edge (3, 7)

edge (1, 9)

edge (0, 11)

edge (2, 13)

edge (4, 12)

edge (6, 10)

##################################################
column index 6 column [(5, 7), (3, 9), (1, 11), (0, 13), (2, 12), (4, 10), (6, 8)]

edge (5, 7)

edge (3, 9)

edge (1, 11)

edge (0, 13)

edge (2, 12)

edge (4, 10)

edge (6, 8)

##################################################
column index 7 column [(5, 9), (3, 11), (1, 13), (0, 12), (2, 10), (4, 8)]

edge (5, 9)

edge (3, 11)

edge (1, 13)

edge (0, 12)

edge (2, 10)

edge (4, 8)

##################################################
column index 8 column [(7, 9), (5, 11), (3, 13), (1, 12), (0, 10), (2, 8), (4, 6)]

edge (7, 9)

edge (5, 11)

edge (3, 13)

edge (1, 12)

edge (0, 10)

edge (2, 8)

edge (4, 6)

##################################################
column index 9 column [(7, 11), (5, 13), (3, 12), (1, 10), (0, 8), (2, 6)]

edge (7, 11)

edge (5, 13)

edge (3, 12)

edge (1, 10)

edge (0, 8)

edge (2, 6)

##################################################
column index 10 column [(9, 11), (7, 13), (5, 12), (3, 10), (1, 8), (0, 6), (2, 4)]

edge (9, 11)

edge (7, 13)

edge (5, 12)

edge (3, 10)

edge (1, 8)

edge (0, 6)

edge (2, 4)

##################################################
column index 11 column [(9, 13), (7, 12), (5, 10), (3, 8), (1, 6), (0, 4)]

edge (9, 13)

edge (7, 12)

edge (5, 10)

edge (3, 8)

edge (1, 6)

edge (0, 4)

##################################################
column index 12 column [(11, 13), (9, 12), (7, 10), (5, 8), (3, 6), (1, 4), (0, 2)]

edge (11, 13)

edge (9, 12)

edge (7, 10)

edge (5, 8)

edge (3, 6)

edge (1, 4)

edge (0, 2)

##################################################
column index 13 column [(11, 12), (9, 10), (7, 8), (5, 6), (3, 4), (1, 2)]

edge (11, 12)

edge (9, 10)

edge (7, 8)

edge (5, 6)

edge (3, 4)

edge (1, 2)
updated statevector Statevector([ 6.39444985e-03+0.j, -4.11049854e-05+0.j,  4.35845845e-03+0.j,
             ...,  4.14144339e-03+0.j, -4.76342182e-04+0.j,
              7.88158715e-03+0.j],
            dims=(2, 2, 2, 2, 2, 2, 2, 2, 2, 2, 2, 2, 2, 2))
tau: 0.2

warm start fidelity lightcone (-20.5436, 0.004138884325137086)
num params 196
Write sucessfully to ./data/ansatz_type_structure_like_qubo_YZ_2/shots_None/num_variables_014/params_196_layer_1/alpha_0.01/initial_warm_start_measure_lightcone/r_62/

N: 14, 
r: 92, 
alpha: 0.01, 
shots: None, 
ansatz: structure_like_qubo_YZ_2, 
layer: 1, 
tau: 0.2, 
initialization: warm_start_measure_lightcone
edge_coeff_dict {(0,): -0.117, (1,): 0.8798, (2,): 0.8122, (3,): -0.0639, (4,): 0.2375, (5,): -0.1616, (6,): 0.3986, (7,): 0.0872, (8,): 0.2644, (9,): -0.3311, (10,): -0.2448, (11,): 0.6865, (12,): -0.8445, (13,): -0.5422, (0, 1): 0.6155, (0, 2): -0.096, (0, 3): 0.4174, (0, 4): 0.916, (0, 5): 0.5195, (0, 6): -0.1209, (0, 7): 0.2337, (0, 8): -0.1295, (0, 9): 0.1015, (0, 10): 0.1311, (0, 11): 0.5997, (0, 12): 0.9863, (0, 13): 0.8026, (1, 2): 0.5692, (1, 3): -0.6017, (1, 4): 0.6692, (1, 5): 0.4111, (1, 6): -0.1328, (1, 7): -0.2199, (1, 8): -0.5217, (1, 9): 0.1368, (1, 10): 0.2264, (1, 11): -0.3336, (1, 12): 0.163, (1, 13): -0.1417, (2, 3): 0.413, (2, 4): -0.8812, (2, 5): -0.2107, (2, 6): -0.8824, (2, 7): -0.4698, (2, 8): 0.7384, (2, 9): 0.9888, (2, 10): 0.0649, (2, 11): -0.4259, (2, 12): -0.9935, (2, 13): 0.5711, (3, 4): -0.7136, (3, 5): -0.1079, (3, 6): 0.8433, (3, 7): -0.9611, (3, 8): -0.6974, (3, 9): 0.0935, (3, 10): -0.7799, (3, 11): 0.7954, (3, 12): 0.0136, (3, 13): 0.6006, (4, 5): 0.7051, (4, 6): 0.286, (4, 7): -0.1296, (4, 8): 0.9336, (4, 9): -0.7055, (4, 10): 0.2902, (4, 11): -0.5179, (4, 12): -0.0708, (4, 13): -0.904, (5, 6): -0.957, (5, 7): -0.5443, (5, 8): -0.048, (5, 9): 0.5516, (5, 10): 0.0273, (5, 11): -0.0829, (5, 12): -0.4158, (5, 13): 0.7463, (6, 7): -0.0096, (6, 8): -0.7887, (6, 9): -0.3407, (6, 10): -0.2216, (6, 11): -0.7447, (6, 12): -0.9343, (6, 13): 0.4758, (7, 8): 0.5159, (7, 9): -0.6232, (7, 10): 0.8765, (7, 11): 0.8273, (7, 12): -0.6089, (7, 13): -0.7009, (8, 9): -0.2241, (8, 10): 0.7692, (8, 11): 0.0938, (8, 12): 0.8019, (8, 13): 0.3393, (9, 10): -0.9902, (9, 11): -0.0336, (9, 12): -0.8671, (9, 13): 0.872, (10, 11): -0.5186, (10, 12): 0.7643, (10, 13): 0.863, (11, 12): -0.8943, (11, 13): -0.4716, (12, 13): 0.4569}

number of columns is: 14

##################################################
column index 0 column [(0, 1), (2, 3), (4, 5), (6, 7), (8, 9), (10, 11), (12, 13)]

edge (0, 1)

edge (2, 3)

edge (4, 5)

edge (6, 7)

edge (8, 9)

edge (10, 11)

edge (12, 13)

##################################################
column index 1 column [(0, 3), (2, 5), (4, 7), (6, 9), (8, 11), (10, 13)]

edge (0, 3)

edge (2, 5)

edge (4, 7)

edge (6, 9)

edge (8, 11)

edge (10, 13)

##################################################
column index 2 column [(1, 3), (0, 5), (2, 7), (4, 9), (6, 11), (8, 13), (10, 12)]

edge (1, 3)

edge (0, 5)

edge (2, 7)

edge (4, 9)

edge (6, 11)

edge (8, 13)

edge (10, 12)

##################################################
column index 3 column [(1, 5), (0, 7), (2, 9), (4, 11), (6, 13), (8, 12)]

edge (1, 5)

edge (0, 7)

edge (2, 9)

edge (4, 11)

edge (6, 13)

edge (8, 12)

##################################################
column index 4 column [(3, 5), (1, 7), (0, 9), (2, 11), (4, 13), (6, 12), (8, 10)]

edge (3, 5)

edge (1, 7)

edge (0, 9)

edge (2, 11)

edge (4, 13)

edge (6, 12)

edge (8, 10)

##################################################
column index 5 column [(3, 7), (1, 9), (0, 11), (2, 13), (4, 12), (6, 10)]

edge (3, 7)

edge (1, 9)

edge (0, 11)

edge (2, 13)

edge (4, 12)

edge (6, 10)

##################################################
column index 6 column [(5, 7), (3, 9), (1, 11), (0, 13), (2, 12), (4, 10), (6, 8)]

edge (5, 7)

edge (3, 9)

edge (1, 11)

edge (0, 13)

edge (2, 12)

edge (4, 10)

edge (6, 8)

##################################################
column index 7 column [(5, 9), (3, 11), (1, 13), (0, 12), (2, 10), (4, 8)]

edge (5, 9)

edge (3, 11)

edge (1, 13)

edge (0, 12)

edge (2, 10)

edge (4, 8)

##################################################
column index 8 column [(7, 9), (5, 11), (3, 13), (1, 12), (0, 10), (2, 8), (4, 6)]

edge (7, 9)

edge (5, 11)

edge (3, 13)

edge (1, 12)

edge (0, 10)

edge (2, 8)

edge (4, 6)

##################################################
column index 9 column [(7, 11), (5, 13), (3, 12), (1, 10), (0, 8), (2, 6)]

edge (7, 11)

edge (5, 13)

edge (3, 12)

edge (1, 10)

edge (0, 8)

edge (2, 6)

##################################################
column index 10 column [(9, 11), (7, 13), (5, 12), (3, 10), (1, 8), (0, 6), (2, 4)]

edge (9, 11)

edge (7, 13)

edge (5, 12)

edge (3, 10)

edge (1, 8)

edge (0, 6)

edge (2, 4)

##################################################
column index 11 column [(9, 13), (7, 12), (5, 10), (3, 8), (1, 6), (0, 4)]

edge (9, 13)

edge (7, 12)

edge (5, 10)

edge (3, 8)

edge (1, 6)

edge (0, 4)

##################################################
column index 12 column [(11, 13), (9, 12), (7, 10), (5, 8), (3, 6), (1, 4), (0, 2)]

edge (11, 13)

edge (9, 12)

edge (7, 10)

edge (5, 8)

edge (3, 6)

edge (1, 4)

edge (0, 2)

##################################################
column index 13 column [(11, 12), (9, 10), (7, 8), (5, 6), (3, 4), (1, 2)]

edge (11, 12)

edge (9, 10)

edge (7, 8)

edge (5, 6)

edge (3, 4)

edge (1, 2)
updated statevector Statevector([ 0.0002335 +0.j,  0.00991253+0.j,  0.00220386+0.j, ...,
              0.00113277+0.j,  0.01856808+0.j, -0.00040147+0.j],
            dims=(2, 2, 2, 2, 2, 2, 2, 2, 2, 2, 2, 2, 2, 2))
tau: 0.2

warm start fidelity lightcone (-19.804200000000005, 0.004368661663439095)
num params 196
Write sucessfully to ./data/ansatz_type_structure_like_qubo_YZ_2/shots_None/num_variables_014/params_196_layer_1/alpha_0.01/initial_warm_start_measure_lightcone/r_92/
