
N: 10, 
r: 0, 
alpha: 0.01, 
shots: None, 
graph_type: 070,  
tau: 0.3, 
if_adsorting: True, 
if_analytic: 1


#############################################################################


#############################################################################
start iterate

step:  0
fidelity: 0.03524231604146249,  cvar: -11.083800,  entropy: 1.6419453813432112
exp_poss_dict [(-11.083800000000002, 0.03524231604146249)]
expz_array: [ 1.  1. -1. -1. -1. -1. -1.  1.  1.  1.]

step:  1
fidelity: 1.0,  cvar: -11.083800,  entropy: 0.0
exp_poss_dict [(-11.083800000000002, 1.0)]
expz_array: [ 1.  1. -1. -1. -1. -1. -1.  1.  1.  1.]

step:  2
fidelity: 1.0,  cvar: -11.083800,  entropy: 0.0
exp_poss_dict [(-11.083800000000002, 1.0)]
expz_array: [ 1.  1. -1. -1. -1. -1. -1.  1.  1.  1.]

step:  3
fidelity: 1.0,  cvar: -11.083800,  entropy: 0.0
exp_poss_dict [(-11.083800000000002, 1.0)]
expz_array: [ 1.  1. -1. -1. -1. -1. -1.  1.  1.  1.]

step:  4
fidelity: 1.0,  cvar: -11.083800,  entropy: 0.0
exp_poss_dict [(-11.083800000000002, 1.0)]
expz_array: [ 1.  1. -1. -1. -1. -1. -1.  1.  1.  1.]
Write sucessfully to ../Random_cubo_codes/data_iter_adap_sorting_analytic/graph_070/shots_None/num_variables_010/params_74_layer_1/alpha_0.01/r_0/ifadsorting_True_tau_0.3.pkl

N: 10, 
r: 0, 
alpha: 0.01, 
shots: None, 
graph_type: 080,  
tau: 0.3, 
if_adsorting: False, 
if_analytic: 1


#############################################################################


#############################################################################
start iterate

step:  0
fidelity: 0.05759242226220349,  cvar: -14.204900,  entropy: 1.7650442205117214
exp_poss_dict [(-14.204900000000006, 0.05759242226220349)]
expz_array: [ 1.  1.  1. -1.  1.  1. -1. -1. -1. -1.]

step:  1
fidelity: 1.0,  cvar: -14.204900,  entropy: 0.0
exp_poss_dict [(-14.204900000000006, 1.0)]
expz_array: [ 1.  1.  1. -1.  1.  1. -1. -1. -1. -1.]

step:  2
fidelity: 1.0,  cvar: -14.204900,  entropy: 0.0
exp_poss_dict [(-14.204900000000006, 1.0)]
expz_array: [ 1.  1.  1. -1.  1.  1. -1. -1. -1. -1.]

step:  3
fidelity: 1.0,  cvar: -14.204900,  entropy: 0.0
exp_poss_dict [(-14.204900000000006, 1.0)]
expz_array: [ 1.  1.  1. -1.  1.  1. -1. -1. -1. -1.]

step:  4
fidelity: 1.0,  cvar: -14.204900,  entropy: 0.0
exp_poss_dict [(-14.204900000000006, 1.0)]
expz_array: [ 1.  1.  1. -1.  1.  1. -1. -1. -1. -1.]
Write sucessfully to ../Random_cubo_codes/data_iter_adap_sorting_analytic/graph_080/shots_None/num_variables_010/params_82_layer_1/alpha_0.01/r_0/ifadsorting_False_tau_0.3.pkl

N: 10, 
r: 0, 
alpha: 0.01, 
shots: None, 
graph_type: 090,  
tau: 0.3, 
if_adsorting: False, 
if_analytic: 1


#############################################################################


#############################################################################
start iterate

step:  0
fidelity: 0.01839311168721527,  cvar: -12.081900,  entropy: 1.9092918786312552
exp_poss_dict [(-12.081900000000005, 0.01839311168721527)]
expz_array: [-1. -1. -1. -1.  1.  1. -1.  1. -1.  1.]

step:  1
fidelity: 1.0,  cvar: -12.081900,  entropy: 0.0
exp_poss_dict [(-12.081900000000005, 1.0)]
expz_array: [-1. -1. -1. -1.  1.  1. -1.  1. -1.  1.]

step:  2
fidelity: 1.0,  cvar: -12.081900,  entropy: 0.0
exp_poss_dict [(-12.081900000000005, 1.0)]
expz_array: [-1. -1. -1. -1.  1.  1. -1.  1. -1.  1.]

step:  3
fidelity: 1.0,  cvar: -12.081900,  entropy: 0.0
exp_poss_dict [(-12.081900000000005, 1.0)]
expz_array: [-1. -1. -1. -1.  1.  1. -1.  1. -1.  1.]

step:  4
fidelity: 1.0,  cvar: -12.081900,  entropy: 0.0
exp_poss_dict [(-12.081900000000005, 1.0)]
expz_array: [-1. -1. -1. -1.  1.  1. -1.  1. -1.  1.]
Write sucessfully to ../Random_cubo_codes/data_iter_adap_sorting_analytic/graph_090/shots_None/num_variables_010/params_90_layer_1/alpha_0.01/r_0/ifadsorting_False_tau_0.3.pkl

N: 10, 
r: 0, 
alpha: 0.01, 
shots: None, 
graph_type: 095,  
tau: 0.3, 
if_adsorting: False, 
if_analytic: 1


#############################################################################


#############################################################################
start iterate

step:  0
fidelity: 0.08029862455537061,  cvar: -13.568200,  entropy: 2.0501866867014398
exp_poss_dict [(-13.568200000000001, 0.08029862455537061)]
expz_array: [ 1. -1. -1. -1.  1.  1.  1.  1.  1. -1.]

step:  1
fidelity: 1.0,  cvar: -13.568200,  entropy: 0.0
exp_poss_dict [(-13.568200000000001, 1.0)]
expz_array: [ 1. -1. -1. -1.  1.  1.  1.  1.  1. -1.]

step:  2
fidelity: 1.0,  cvar: -13.568200,  entropy: 0.0
exp_poss_dict [(-13.568200000000001, 1.0)]
expz_array: [ 1. -1. -1. -1.  1.  1.  1.  1.  1. -1.]

step:  3
fidelity: 1.0,  cvar: -13.568200,  entropy: 0.0
exp_poss_dict [(-13.568200000000001, 1.0)]
expz_array: [ 1. -1. -1. -1.  1.  1.  1.  1.  1. -1.]

step:  4
fidelity: 1.0,  cvar: -13.568200,  entropy: 0.0
exp_poss_dict [(-13.568200000000001, 1.0)]
expz_array: [ 1. -1. -1. -1.  1.  1.  1.  1.  1. -1.]
Write sucessfully to ../Random_cubo_codes/data_iter_adap_sorting_analytic/graph_095/shots_None/num_variables_010/params_96_layer_1/alpha_0.01/r_0/ifadsorting_False_tau_0.3.pkl

N: 10, 
r: 0, 
alpha: 0.01, 
shots: None, 
graph_type: 100,  
tau: 0.3, 
if_adsorting: False, 
if_analytic: 1


#############################################################################


#############################################################################
start iterate

step:  0
fidelity: 0.021051741884633605,  cvar: -11.889500,  entropy: 2.32903904778731
exp_poss_dict [(-11.889499999999998, 0.021051741884633605)]
expz_array: [ 1. -1.  1. -1. -1.  1.  1.  1.  1. -1.]

step:  1
fidelity: 1.0,  cvar: -11.889500,  entropy: 0.0
exp_poss_dict [(-11.889499999999998, 1.0)]
expz_array: [ 1. -1.  1. -1. -1.  1.  1.  1.  1. -1.]

step:  2
fidelity: 1.0,  cvar: -11.889500,  entropy: 0.0
exp_poss_dict [(-11.889499999999998, 1.0)]
expz_array: [ 1. -1.  1. -1. -1.  1.  1.  1.  1. -1.]

step:  3
fidelity: 1.0,  cvar: -11.889500,  entropy: 0.0
exp_poss_dict [(-11.889499999999998, 1.0)]
expz_array: [ 1. -1.  1. -1. -1.  1.  1.  1.  1. -1.]

step:  4
fidelity: 1.0,  cvar: -11.889500,  entropy: 0.0
exp_poss_dict [(-11.889499999999998, 1.0)]
expz_array: [ 1. -1.  1. -1. -1.  1.  1.  1.  1. -1.]
Write sucessfully to ../Random_cubo_codes/data_iter_adap_sorting_analytic/graph_100/shots_None/num_variables_010/params_100_layer_1/alpha_0.01/r_0/ifadsorting_False_tau_0.3.pkl

N: 10, 
r: 0, 
alpha: 0.01, 
shots: None, 
graph_type: 080,  
tau: 0.3, 
if_adsorting: True, 
if_analytic: 1


#############################################################################


#############################################################################
start iterate

step:  0
fidelity: 0.05759242226220349,  cvar: -14.204900,  entropy: 1.7650442205117214
exp_poss_dict [(-14.204900000000006, 0.05759242226220349)]
expz_array: [ 1.  1.  1. -1.  1.  1. -1. -1. -1. -1.]

step:  1
fidelity: 1.0,  cvar: -14.204900,  entropy: 0.0
exp_poss_dict [(-14.204900000000006, 1.0)]
expz_array: [ 1.  1.  1. -1.  1.  1. -1. -1. -1. -1.]

step:  2
fidelity: 1.0,  cvar: -14.204900,  entropy: 0.0
exp_poss_dict [(-14.204900000000006, 1.0)]
expz_array: [ 1.  1.  1. -1.  1.  1. -1. -1. -1. -1.]

step:  3
fidelity: 1.0,  cvar: -14.204900,  entropy: 0.0
exp_poss_dict [(-14.204900000000006, 1.0)]
expz_array: [ 1.  1.  1. -1.  1.  1. -1. -1. -1. -1.]

step:  4
fidelity: 1.0,  cvar: -14.204900,  entropy: 0.0
exp_poss_dict [(-14.204900000000006, 1.0)]
expz_array: [ 1.  1.  1. -1.  1.  1. -1. -1. -1. -1.]
Write sucessfully to ../Random_cubo_codes/data_iter_adap_sorting_analytic/graph_080/shots_None/num_variables_010/params_82_layer_1/alpha_0.01/r_0/ifadsorting_True_tau_0.3.pkl

N: 10, 
r: 0, 
alpha: 0.01, 
shots: None, 
graph_type: 095,  
tau: 0.3, 
if_adsorting: True, 
if_analytic: 1


#############################################################################


#############################################################################
start iterate

step:  0
fidelity: 0.08029862455537061,  cvar: -13.568200,  entropy: 2.0501866867014393
exp_poss_dict [(-13.568200000000001, 0.08029862455537061)]
expz_array: [ 1. -1. -1. -1.  1.  1.  1.  1.  1. -1.]

step:  1
fidelity: 1.0,  cvar: -13.568200,  entropy: 0.0
exp_poss_dict [(-13.568200000000001, 1.0)]
expz_array: [ 1. -1. -1. -1.  1.  1.  1.  1.  1. -1.]

step:  2
fidelity: 1.0,  cvar: -13.568200,  entropy: 0.0
exp_poss_dict [(-13.568200000000001, 1.0)]
expz_array: [ 1. -1. -1. -1.  1.  1.  1.  1.  1. -1.]

step:  3
fidelity: 1.0,  cvar: -13.568200,  entropy: 0.0
exp_poss_dict [(-13.568200000000001, 1.0)]
expz_array: [ 1. -1. -1. -1.  1.  1.  1.  1.  1. -1.]

step:  4
fidelity: 1.0,  cvar: -13.568200,  entropy: 0.0
exp_poss_dict [(-13.568200000000001, 1.0)]
expz_array: [ 1. -1. -1. -1.  1.  1.  1.  1.  1. -1.]
Write sucessfully to ../Random_cubo_codes/data_iter_adap_sorting_analytic/graph_095/shots_None/num_variables_010/params_96_layer_1/alpha_0.01/r_0/ifadsorting_True_tau_0.3.pkl

N: 10, 
r: 0, 
alpha: 0.01, 
shots: None, 
graph_type: complete,  
tau: 0.3, 
if_adsorting: False, 
if_analytic: 1


#############################################################################


#############################################################################
start iterate

step:  0
fidelity: 0.021051741884633605,  cvar: -11.889500,  entropy: 2.32903904778731
exp_poss_dict [(-11.889499999999998, 0.021051741884633605)]
expz_array: [ 1. -1.  1. -1. -1.  1.  1.  1.  1. -1.]

step:  1
fidelity: 1.0,  cvar: -11.889500,  entropy: 0.0
exp_poss_dict [(-11.889499999999998, 1.0)]
expz_array: [ 1. -1.  1. -1. -1.  1.  1.  1.  1. -1.]

step:  2
fidelity: 1.0,  cvar: -11.889500,  entropy: 0.0
exp_poss_dict [(-11.889499999999998, 1.0)]
expz_array: [ 1. -1.  1. -1. -1.  1.  1.  1.  1. -1.]

step:  3
fidelity: 1.0,  cvar: -11.889500,  entropy: 0.0
exp_poss_dict [(-11.889499999999998, 1.0)]
expz_array: [ 1. -1.  1. -1. -1.  1.  1.  1.  1. -1.]

step:  4
fidelity: 1.0,  cvar: -11.889500,  entropy: 0.0
exp_poss_dict [(-11.889499999999998, 1.0)]
expz_array: [ 1. -1.  1. -1. -1.  1.  1.  1.  1. -1.]
Write sucessfully to ../Random_cubo_codes/data_iter_adap_sorting_analytic/graph_complete/shots_None/num_variables_010/params_100_layer_1/alpha_0.01/r_0/ifadsorting_False_tau_0.3.pkl

N: 10, 
r: 0, 
alpha: 0.01, 
shots: None, 
graph_type: 090,  
tau: 0.3, 
if_adsorting: True, 
if_analytic: 1


#############################################################################


#############################################################################
start iterate

step:  0
fidelity: 0.01839311168721527,  cvar: -12.081900,  entropy: 1.9092918786312552
exp_poss_dict [(-12.081900000000005, 0.01839311168721527)]
expz_array: [-1. -1. -1. -1.  1.  1. -1.  1. -1.  1.]

step:  1
fidelity: 1.0,  cvar: -12.081900,  entropy: 0.0
exp_poss_dict [(-12.081900000000005, 1.0)]
expz_array: [-1. -1. -1. -1.  1.  1. -1.  1. -1.  1.]

step:  2
fidelity: 1.0,  cvar: -12.081900,  entropy: 0.0
exp_poss_dict [(-12.081900000000005, 1.0)]
expz_array: [-1. -1. -1. -1.  1.  1. -1.  1. -1.  1.]

step:  3
fidelity: 1.0,  cvar: -12.081900,  entropy: 0.0
exp_poss_dict [(-12.081900000000005, 1.0)]
expz_array: [-1. -1. -1. -1.  1.  1. -1.  1. -1.  1.]

step:  4
fidelity: 1.0,  cvar: -12.081900,  entropy: 0.0
exp_poss_dict [(-12.081900000000005, 1.0)]
expz_array: [-1. -1. -1. -1.  1.  1. -1.  1. -1.  1.]
Write sucessfully to ../Random_cubo_codes/data_iter_adap_sorting_analytic/graph_090/shots_None/num_variables_010/params_90_layer_1/alpha_0.01/r_0/ifadsorting_True_tau_0.3.pkl

N: 10, 
r: 0, 
alpha: 0.01, 
shots: None, 
graph_type: 100,  
tau: 0.3, 
if_adsorting: True, 
if_analytic: 1


#############################################################################


#############################################################################
start iterate

step:  0
fidelity: 0.021051741884633605,  cvar: -11.889500,  entropy: 2.329039047787311
exp_poss_dict [(-11.889499999999998, 0.021051741884633605)]
expz_array: [ 1. -1.  1. -1. -1.  1.  1.  1.  1. -1.]

step:  1
fidelity: 1.0,  cvar: -11.889500,  entropy: 0.0
exp_poss_dict [(-11.889499999999998, 1.0)]
expz_array: [ 1. -1.  1. -1. -1.  1.  1.  1.  1. -1.]

step:  2
fidelity: 1.0,  cvar: -11.889500,  entropy: 0.0
exp_poss_dict [(-11.889499999999998, 1.0)]
expz_array: [ 1. -1.  1. -1. -1.  1.  1.  1.  1. -1.]

step:  3
fidelity: 1.0,  cvar: -11.889500,  entropy: 0.0
exp_poss_dict [(-11.889499999999998, 1.0)]
expz_array: [ 1. -1.  1. -1. -1.  1.  1.  1.  1. -1.]

step:  4
fidelity: 1.0,  cvar: -11.889500,  entropy: 0.0
exp_poss_dict [(-11.889499999999998, 1.0)]
expz_array: [ 1. -1.  1. -1. -1.  1.  1.  1.  1. -1.]
Write sucessfully to ../Random_cubo_codes/data_iter_adap_sorting_analytic/graph_100/shots_None/num_variables_010/params_100_layer_1/alpha_0.01/r_0/ifadsorting_True_tau_0.3.pkl

N: 10, 
r: 0, 
alpha: 0.01, 
shots: None, 
graph_type: complete,  
tau: 0.3, 
if_adsorting: True, 
if_analytic: 1


#############################################################################


#############################################################################
start iterate

step:  0
fidelity: 0.021051741884633605,  cvar: -11.889500,  entropy: 2.32903904778731
exp_poss_dict [(-11.889499999999998, 0.021051741884633605)]
expz_array: [ 1. -1.  1. -1. -1.  1.  1.  1.  1. -1.]

step:  1
fidelity: 1.0,  cvar: -11.889500,  entropy: 0.0
exp_poss_dict [(-11.889499999999998, 1.0)]
expz_array: [ 1. -1.  1. -1. -1.  1.  1.  1.  1. -1.]

step:  2
fidelity: 1.0,  cvar: -11.889500,  entropy: 0.0
exp_poss_dict [(-11.889499999999998, 1.0)]
expz_array: [ 1. -1.  1. -1. -1.  1.  1.  1.  1. -1.]

step:  3
fidelity: 1.0,  cvar: -11.889500,  entropy: 0.0
exp_poss_dict [(-11.889499999999998, 1.0)]
expz_array: [ 1. -1.  1. -1. -1.  1.  1.  1.  1. -1.]

step:  4
fidelity: 1.0,  cvar: -11.889500,  entropy: 0.0
exp_poss_dict [(-11.889499999999998, 1.0)]
expz_array: [ 1. -1.  1. -1. -1.  1.  1.  1.  1. -1.]
Write sucessfully to ../Random_cubo_codes/data_iter_adap_sorting_analytic/graph_complete/shots_None/num_variables_010/params_100_layer_1/alpha_0.01/r_0/ifadsorting_True_tau_0.3.pkl
