

#############################################################################

n_qubits:             10
r:                    0
alpha:                0.01
tau:                  0.3
layer:                1
backend_method:       matrix_product_state
bond:                 100
shots:                10000
graph_density:        3regular
if_adsorting:         False
if_analytic:          1


#############################################################################


start simulated annealing

time for simulated annealing:  12.65076231956482
Rank 1: Bitstring=0011001000, Decimal=200, Energy=-8.8117
Rank 2: Bitstring=0111111010, Decimal=506, Energy=-7.0389
Rank 3: Bitstring=1100110111, Decimal=823, Energy=-6.2141
Rank 4: Bitstring=1001000110, Decimal=582, Energy=-5.7503
Rank 5: Bitstring=1101110110, Decimal=886, Energy=-5.5129


##start random order circuit
time to run whole circuit:  5.440760612487793
cvar of random order:  -8.8117
exp_pos_dict [((np.float64(-8.8117), 200), 0.0253), ((np.float64(-8.3031), 216), 0.0204), ((np.float64(-7.2447), 202), 0.0176), ((np.float64(-7.0389), 506), 0.0141), ((np.float64(-6.7361), 218), 0.0121)]
expz_array:  [ 1.  1.  1. -1.  1.  1. -1. -1.  1.  1.]


##start adaptive sorting


#############################################################################
start iterate

step:  0
cvar: -8.811700
(exp, poss): [(-8.8117, 0.0246), (-8.3031, 0.02), (-7.2447, 0.0192), (-7.0389, 0.0158), (-6.7361, 0.0147)]
expz_array: [ 1.  1.  1. -1.  1.  1. -1. -1.  1.  1.]
(exp, poss): [(-8.8117, 0.0246), (-8.3031, 0.02), (-7.2447, 0.0192), (-6.6149, 0.0167), (-7.0389, 0.0158)] Highest p

step:  1
cvar: -8.811700
(exp, poss): [(-8.8117, 0.9993), (-7.0389, 0), (-6.6437, 0.0001), (-6.2141, 0), (-5.7503, 0)]
expz_array: [ 1.  1.  1. -1.  1.  1. -1. -1.  1.  1.]
(exp, poss): [(-8.8117, 0.9993), (-4.5085, 0.0004), (-6.6437, 0.0001), (-5.1141, 0.0001), (-2.2665, 0.0001)] Highest p

step:  2
cvar: -8.811700
(exp, poss): [(-8.8117, 0.9997), (-7.0389, 0), (-6.3443, 0.0001), (-6.2141, 0), (-5.7503, 0)]
expz_array: [ 1.  1.  1. -1.  1.  1. -1. -1.  1.  1.]
(exp, poss): [(-8.8117, 0.9997), (-6.3443, 0.0001), (-4.5085, 0.0001), (-4.1089, 0.0001), (-7.0389, 0)] Highest p

step:  3
cvar: -8.811700
(exp, poss): [(-8.8117, 0.9993), (-7.0389, 0), (-6.6437, 0.0002), (-6.4255, 0.0002), (-6.2141, 0)]
expz_array: [ 1.  1.  1. -1.  1.  1. -1. -1.  1.  1.]
(exp, poss): [(-8.8117, 0.9993), (-6.6437, 0.0002), (-6.4255, 0.0002), (-2.2665, 0.0002), (-4.5085, 0.0001)] Highest p

step:  4
cvar: -8.811700
(exp, poss): [(-8.8117, 0.9995), (-7.0389, 0), (-6.6437, 0.0001), (-6.3443, 0.0001), (-6.2141, 0)]
expz_array: [ 1.  1.  1. -1.  1.  1. -1. -1.  1.  1.]
(exp, poss): [(-8.8117, 0.9995), (-6.6437, 0.0001), (-6.3443, 0.0001), (-4.5085, 0.0001), (-4.5085, 0.0001)] Highest p

step:  5
cvar: -8.811700
(exp, poss): [(-8.8117, 0.9993), (-7.0389, 0), (-6.2141, 0), (-5.7503, 0), (-5.5129, 0)]
expz_array: [ 1.  1.  1. -1.  1.  1. -1. -1.  1.  1.]
(exp, poss): [(-8.8117, 0.9993), (-4.1089, 0.0004), (-5.1141, 0.0001), (-4.5085, 0.0001), (-2.2665, 0.0001)] Highest p

step:  6
cvar: -8.811700
(exp, poss): [(-8.8117, 0.9996), (-7.0389, 0), (-6.2141, 0), (-5.7503, 0), (-5.5129, 0)]
expz_array: [ 1.  1.  1. -1.  1.  1. -1. -1.  1.  1.]
(exp, poss): [(-8.8117, 0.9996), (-4.5085, 0.0002), (-2.2665, 0.0002), (-7.0389, 0), (-6.2141, 0)] Highest p

step:  7
cvar: -8.811700
(exp, poss): [(-8.8117, 0.9995), (-7.0389, 0), (-6.4255, 0.0001), (-6.2141, 0), (-5.7503, 0)]
expz_array: [ 1.  1.  1. -1.  1.  1. -1. -1.  1.  1.]
(exp, poss): [(-8.8117, 0.9995), (-4.1089, 0.0002), (-6.4255, 0.0001), (-4.5085, 0.0001), (-4.5085, 0.0001)] Highest p

step:  8
cvar: -8.811700
(exp, poss): [(-8.8117, 0.9993), (-8.3031, 0.0001), (-7.2447, 0.0002), (-7.0389, 0), (-6.3443, 0.0002)]
expz_array: [ 1.  1.  1. -1.  1.  1. -1. -1.  1.  1.]
(exp, poss): [(-8.8117, 0.9993), (-7.2447, 0.0002), (-6.3443, 0.0002), (-4.5085, 0.0002), (-8.3031, 0.0001)] Highest p

step:  9
cvar: -8.811700
(exp, poss): [(-8.8117, 0.9993), (-8.3031, 0.0001), (-7.0389, 0), (-6.4255, 0.0006), (-6.2141, 0)]
expz_array: [ 1.  1.  1. -1.  1.  1. -1. -1.  1.  1.]
(exp, poss): [(-8.8117, 0.9993), (-6.4255, 0.0006), (-8.3031, 0.0001), (-7.0389, 0), (-6.2141, 0)] Highest p
Write sucessfully to ./data_iter_adap_sorting_analytic_mps//graph_3regular/shots_10000/num_variables_010/params_40_layer_1/alpha_0.01/r_0/


#############################################################################

n_qubits:             10
r:                    0
alpha:                0.01
tau:                  0.3
layer:                1
backend_method:       matrix_product_state
bond:                 100
shots:                10000
graph_density:        3regular
if_adsorting:         True
if_analytic:          1


#############################################################################


start simulated annealing

time for simulated annealing:  13.738885641098022
Rank 1: Bitstring=0011001000, Decimal=200, Energy=-8.8117
Rank 2: Bitstring=0111111010, Decimal=506, Energy=-7.0389
Rank 3: Bitstring=1100110111, Decimal=823, Energy=-6.2141
Rank 4: Bitstring=1001000110, Decimal=582, Energy=-5.7503
Rank 5: Bitstring=1101110110, Decimal=886, Energy=-5.5129


##start random order circuit
time to run whole circuit:  4.436014652252197
cvar of random order:  -8.8117
exp_pos_dict [((np.float64(-8.8117), 200), 0.0267), ((np.float64(-8.3031), 216), 0.0197), ((np.float64(-7.2447), 202), 0.0166), ((np.float64(-7.0389), 506), 0.0157), ((np.float64(-6.7361), 218), 0.0131)]
expz_array:  [ 1.  1.  1. -1.  1.  1. -1. -1.  1.  1.]


##start adaptive sorting

cvar of Abs:True, invert:True cvar: -8.8117
(exp, poss): [(-8.8117, 0.0288, 200.0), (-8.3031, 0.0204, 216.0), (-7.2447, 0.0174, 202.0), (-7.0389, 0.0153, 506.0), (-6.7361, 0.011, 218.0)]

cvar of Abs:True, invert:False cvar: -8.8117
(exp, poss): [(-8.8117, 0.0273, 200.0), (-8.3031, 0.0214, 216.0), (-7.2447, 0.0181, 202.0), (-7.0389, 0.0167, 506.0), (-6.7361, 0.013, 218.0)]

cvar of Abs:False, invert:True cvar: -8.725238000000001
(exp, poss): [(-8.8117, 0.0083, 200.0), (-8.3031, 0.0063, 216.0), (-7.2447, 0.02, 202.0), (-7.0389, 0.0163, 506.0), (-6.7361, 0.0148, 218.0)]

cvar of Abs:False, invert:False cvar: -8.8117
(exp, poss): [(-8.8117, 0.0235, 200.0), (-8.3031, 0.0172, 216.0), (-7.2447, 0.0207, 202.0), (-7.0389, 0.0166, 506.0), (-6.7361, 0.0142, 218.0)]


#############################################################################
start iterate

step:  0
cvar: -8.811700
(exp, poss): [(-8.8117, 0.0279), (-8.3031, 0.0213), (-7.2447, 0.0214), (-7.0389, 0.0132), (-6.7361, 0.0137)]
expz_array: [ 1.  1.  1. -1.  1.  1. -1. -1.  1.  1.]
(exp, poss): [(-8.8117, 0.0279), (-7.2447, 0.0214), (-8.3031, 0.0213), (-6.6149, 0.0143), (-6.7361, 0.0137)] Highest p

step:  1
cvar: -8.811700
(exp, poss): [(-8.8117, 0.9993), (-7.0389, 0), (-6.2141, 0), (-5.7503, 0), (-5.5129, 0)]
expz_array: [ 1.  1.  1. -1.  1.  1. -1. -1.  1.  1.]
(exp, poss): [(-8.8117, 0.9993), (-4.5085, 0.0005), (-4.5085, 0.0002), (-7.0389, 0), (-6.2141, 0)] Highest p

step:  2
cvar: -8.811700
(exp, poss): [(-8.8117, 0.9994), (-7.0389, 0), (-6.6437, 0.0003), (-6.3443, 0.0001), (-6.2141, 0)]
expz_array: [ 1.  1.  1. -1.  1.  1. -1. -1.  1.  1.]
(exp, poss): [(-8.8117, 0.9994), (-6.6437, 0.0003), (-5.1141, 0.0002), (-6.3443, 0.0001), (-7.0389, 0)] Highest p

step:  3
cvar: -8.811700
(exp, poss): [(-8.8117, 0.9993), (-7.0389, 0), (-6.6437, 0.0002), (-6.4255, 0.0004), (-6.2141, 0)]
expz_array: [ 1.  1.  1. -1.  1.  1. -1. -1.  1.  1.]
(exp, poss): [(-8.8117, 0.9993), (-6.4255, 0.0004), (-6.6437, 0.0002), (-2.2665, 0.0001), (-7.0389, 0)] Highest p

step:  4
cvar: -8.811700
(exp, poss): [(-8.8117, 0.9993), (-7.0389, 0), (-6.4255, 0.0001), (-6.2141, 0), (-5.7503, 0)]
expz_array: [ 1.  1.  1. -1.  1.  1. -1. -1.  1.  1.]
(exp, poss): [(-8.8117, 0.9993), (-2.2665, 0.0004), (-6.4255, 0.0001), (-4.5085, 0.0001), (-4.1089, 0.0001)] Highest p

step:  5
cvar: -8.811700
(exp, poss): [(-8.8117, 0.9999), (-7.0389, 0), (-6.2141, 0), (-5.7503, 0), (-5.5129, 0)]
expz_array: [ 1.  1.  1. -1.  1.  1. -1. -1.  1.  1.]
(exp, poss): [(-8.8117, 0.9999), (-5.1141, 0.0001), (-7.0389, 0), (-6.2141, 0), (-5.7503, 0)] Highest p

step:  6
cvar: -8.811700
(exp, poss): [(-8.8117, 0.9995), (-8.3031, 0.0001), (-7.0389, 0), (-6.6437, 0.0001), (-6.2141, 0)]
expz_array: [ 1.  1.  1. -1.  1.  1. -1. -1.  1.  1.]
(exp, poss): [(-8.8117, 0.9995), (-4.5085, 0.0002), (-8.3031, 0.0001), (-6.6437, 0.0001), (-2.2665, 0.0001)] Highest p

step:  7
cvar: -8.811700
(exp, poss): [(-8.8117, 0.9998), (-7.2447, 0.0001), (-7.0389, 0), (-6.6437, 0.0001), (-6.2141, 0)]
expz_array: [ 1.  1.  1. -1.  1.  1. -1. -1.  1.  1.]
(exp, poss): [(-8.8117, 0.9998), (-7.2447, 0.0001), (-6.6437, 0.0001), (-7.0389, 0), (-6.2141, 0)] Highest p

step:  8
cvar: -8.811700
(exp, poss): [(-8.8117, 0.9996), (-7.2447, 0.0002), (-7.0389, 0), (-6.6437, 0.0001), (-6.4255, 0.0001)]
expz_array: [ 1.  1.  1. -1.  1.  1. -1. -1.  1.  1.]
(exp, poss): [(-8.8117, 0.9996), (-7.2447, 0.0002), (-6.6437, 0.0001), (-6.4255, 0.0001), (-7.0389, 0)] Highest p

step:  9
cvar: -8.811700
(exp, poss): [(-8.8117, 0.9993), (-7.2447, 0.0002), (-7.0389, 0), (-6.6437, 0.0002), (-6.4255, 0.0001)]
expz_array: [ 1.  1.  1. -1.  1.  1. -1. -1.  1.  1.]
(exp, poss): [(-8.8117, 0.9993), (-7.2447, 0.0002), (-6.6437, 0.0002), (-6.4255, 0.0001), (-5.1141, 0.0001)] Highest p
Write sucessfully to ./data_iter_adap_sorting_analytic_mps//graph_3regular/shots_10000/num_variables_010/params_40_layer_1/alpha_0.01/r_0/
